[0.302s] Invoking command in '/home/lsm/ros2_humble/build/my_first_package_msgs': CMAKE_PREFIX_PATH=${CMAKE_PREFIX_PATH}:/home/lsm/ros2_humble/install/my_first_package:/opt/ros/humble /usr/bin/cmake --build /home/lsm/ros2_humble/build/my_first_package_msgs -- -j16 -l16
[0.371s] [  9%] Built target my_first_package_msgs__cpp
[0.371s] [ 12%] Built target my_first_package_msgs__rosidl_generator_c
[0.385s] [ 12%] Built target ament_cmake_python_copy_my_first_package_msgs
[0.398s] [ 32%] Built target my_first_package_msgs__rosidl_typesupport_c
[0.398s] [ 32%] Built target my_first_package_msgs__rosidl_typesupport_introspection_c
[0.398s] [ 41%] Built target my_first_package_msgs__rosidl_typesupport_fastrtps_cpp
[0.399s] [ 58%] Built target my_first_package_msgs__rosidl_typesupport_cpp
[0.399s] [ 61%] Built target my_first_package_msgs__rosidl_typesupport_introspection_cpp
[0.400s] [ 70%] Built target my_first_package_msgs__rosidl_typesupport_fastrtps_c
[0.428s] [ 70%] Built target my_first_package_msgs
[0.459s] [ 74%] Built target my_first_package_msgs__py
[0.491s] [ 80%] Built target my_first_package_msgs__rosidl_generator_py
[0.521s] [100%] Built target my_first_package_msgs__rosidl_typesupport_c__pyext
[0.521s] [100%] Built target my_first_package_msgs__rosidl_typesupport_fastrtps_c__pyext
[0.521s] [100%] Built target my_first_package_msgs__rosidl_typesupport_introspection_c__pyext
[0.670s] running egg_info
[0.671s] writing my_first_package_msgs.egg-info/PKG-INFO
[0.671s] writing dependency_links to my_first_package_msgs.egg-info/dependency_links.txt
[0.672s] writing top-level names to my_first_package_msgs.egg-info/top_level.txt
[0.675s] reading manifest file 'my_first_package_msgs.egg-info/SOURCES.txt'
[0.675s] writing manifest file 'my_first_package_msgs.egg-info/SOURCES.txt'
[0.716s] [100%] Built target ament_cmake_python_build_my_first_package_msgs_egg
[0.737s] Invoked command in '/home/lsm/ros2_humble/build/my_first_package_msgs' returned '0': CMAKE_PREFIX_PATH=${CMAKE_PREFIX_PATH}:/home/lsm/ros2_humble/install/my_first_package:/opt/ros/humble /usr/bin/cmake --build /home/lsm/ros2_humble/build/my_first_package_msgs -- -j16 -l16
[0.909s] Invoking command in '/home/lsm/ros2_humble/build/my_first_package_msgs': CMAKE_PREFIX_PATH=${CMAKE_PREFIX_PATH}:/home/lsm/ros2_humble/install/my_first_package:/opt/ros/humble /usr/bin/cmake --install /home/lsm/ros2_humble/build/my_first_package_msgs
[0.932s] -- Install configuration: ""
[0.932s] -- Up-to-date: /home/lsm/ros2_humble/install/my_first_package_msgs/share/ament_index/resource_index/rosidl_interfaces/my_first_package_msgs
[0.933s] -- Up-to-date: /home/lsm/ros2_humble/install/my_first_package_msgs/include/my_first_package_msgs/my_first_package_msgs
[0.933s] -- Up-to-date: /home/lsm/ros2_humble/install/my_first_package_msgs/include/my_first_package_msgs/my_first_package_msgs/msg
[0.933s] -- Up-to-date: /home/lsm/ros2_humble/install/my_first_package_msgs/include/my_first_package_msgs/my_first_package_msgs/msg/rosidl_generator_c__visibility_control.h
[0.933s] -- Up-to-date: /home/lsm/ros2_humble/install/my_first_package_msgs/include/my_first_package_msgs/my_first_package_msgs/msg/detail
[0.934s] -- Up-to-date: /home/lsm/ros2_humble/install/my_first_package_msgs/include/my_first_package_msgs/my_first_package_msgs/msg/detail/cmd_and_pose_vel__struct.h
[0.934s] -- Up-to-date: /home/lsm/ros2_humble/install/my_first_package_msgs/include/my_first_package_msgs/my_first_package_msgs/msg/detail/cmd_and_pose_vel__functions.h
[0.934s] -- Up-to-date: /home/lsm/ros2_humble/install/my_first_package_msgs/include/my_first_package_msgs/my_first_package_msgs/msg/detail/cmd_and_pose_vel__functions.c
[0.934s] -- Up-to-date: /home/lsm/ros2_humble/install/my_first_package_msgs/include/my_first_package_msgs/my_first_package_msgs/msg/detail/cmd_and_pose_vel__type_support.h
[0.935s] -- Up-to-date: /home/lsm/ros2_humble/install/my_first_package_msgs/include/my_first_package_msgs/my_first_package_msgs/msg/cmd_and_pose_vel.h
[0.935s] -- Up-to-date: /home/lsm/ros2_humble/install/my_first_package_msgs/share/my_first_package_msgs/environment/library_path.sh
[0.935s] -- Up-to-date: /home/lsm/ros2_humble/install/my_first_package_msgs/share/my_first_package_msgs/environment/library_path.dsv
[0.935s] -- Up-to-date: /home/lsm/ros2_humble/install/my_first_package_msgs/lib/libmy_first_package_msgs__rosidl_generator_c.so
[0.936s] -- Up-to-date: /home/lsm/ros2_humble/install/my_first_package_msgs/include/my_first_package_msgs/my_first_package_msgs
[0.936s] -- Up-to-date: /home/lsm/ros2_humble/install/my_first_package_msgs/include/my_first_package_msgs/my_first_package_msgs/msg
[0.936s] -- Up-to-date: /home/lsm/ros2_humble/install/my_first_package_msgs/include/my_first_package_msgs/my_first_package_msgs/msg/rosidl_typesupport_fastrtps_c__visibility_control.h
[0.937s] -- Up-to-date: /home/lsm/ros2_humble/install/my_first_package_msgs/include/my_first_package_msgs/my_first_package_msgs/msg/detail
[0.937s] -- Up-to-date: /home/lsm/ros2_humble/install/my_first_package_msgs/include/my_first_package_msgs/my_first_package_msgs/msg/detail/cmd_and_pose_vel__rosidl_typesupport_fastrtps_c.h
[0.937s] -- Up-to-date: /home/lsm/ros2_humble/install/my_first_package_msgs/lib/libmy_first_package_msgs__rosidl_typesupport_fastrtps_c.so
[0.937s] -- Up-to-date: /home/lsm/ros2_humble/install/my_first_package_msgs/include/my_first_package_msgs/my_first_package_msgs
[0.938s] -- Up-to-date: /home/lsm/ros2_humble/install/my_first_package_msgs/include/my_first_package_msgs/my_first_package_msgs/msg
[0.938s] -- Up-to-date: /home/lsm/ros2_humble/install/my_first_package_msgs/include/my_first_package_msgs/my_first_package_msgs/msg/rosidl_typesupport_introspection_c__visibility_control.h
[0.938s] -- Up-to-date: /home/lsm/ros2_humble/install/my_first_package_msgs/include/my_first_package_msgs/my_first_package_msgs/msg/detail
[0.938s] -- Up-to-date: /home/lsm/ros2_humble/install/my_first_package_msgs/include/my_first_package_msgs/my_first_package_msgs/msg/detail/cmd_and_pose_vel__rosidl_typesupport_introspection_c.h
[0.939s] -- Up-to-date: /home/lsm/ros2_humble/install/my_first_package_msgs/include/my_first_package_msgs/my_first_package_msgs/msg/detail/cmd_and_pose_vel__type_support.c
[0.939s] -- Up-to-date: /home/lsm/ros2_humble/install/my_first_package_msgs/lib/libmy_first_package_msgs__rosidl_typesupport_introspection_c.so
[0.939s] -- Up-to-date: /home/lsm/ros2_humble/install/my_first_package_msgs/lib/libmy_first_package_msgs__rosidl_typesupport_c.so
[0.940s] -- Up-to-date: /home/lsm/ros2_humble/install/my_first_package_msgs/include/my_first_package_msgs/my_first_package_msgs
[0.940s] -- Up-to-date: /home/lsm/ros2_humble/install/my_first_package_msgs/include/my_first_package_msgs/my_first_package_msgs/msg
[0.940s] -- Up-to-date: /home/lsm/ros2_humble/install/my_first_package_msgs/include/my_first_package_msgs/my_first_package_msgs/msg/cmd_and_pose_vel.hpp
[0.940s] -- Up-to-date: /home/lsm/ros2_humble/install/my_first_package_msgs/include/my_first_package_msgs/my_first_package_msgs/msg/detail
[0.941s] -- Up-to-date: /home/lsm/ros2_humble/install/my_first_package_msgs/include/my_first_package_msgs/my_first_package_msgs/msg/detail/cmd_and_pose_vel__builder.hpp
[0.941s] -- Up-to-date: /home/lsm/ros2_humble/install/my_first_package_msgs/include/my_first_package_msgs/my_first_package_msgs/msg/detail/cmd_and_pose_vel__traits.hpp
[0.941s] -- Up-to-date: /home/lsm/ros2_humble/install/my_first_package_msgs/include/my_first_package_msgs/my_first_package_msgs/msg/detail/cmd_and_pose_vel__struct.hpp
[0.941s] -- Up-to-date: /home/lsm/ros2_humble/install/my_first_package_msgs/include/my_first_package_msgs/my_first_package_msgs
[0.942s] -- Up-to-date: /home/lsm/ros2_humble/install/my_first_package_msgs/include/my_first_package_msgs/my_first_package_msgs/msg
[0.942s] -- Up-to-date: /home/lsm/ros2_humble/install/my_first_package_msgs/include/my_first_package_msgs/my_first_package_msgs/msg/rosidl_typesupport_fastrtps_cpp__visibility_control.h
[0.942s] -- Up-to-date: /home/lsm/ros2_humble/install/my_first_package_msgs/include/my_first_package_msgs/my_first_package_msgs/msg/detail
[0.942s] -- Up-to-date: /home/lsm/ros2_humble/install/my_first_package_msgs/include/my_first_package_msgs/my_first_package_msgs/msg/detail/cmd_and_pose_vel__rosidl_typesupport_fastrtps_cpp.hpp
[0.943s] -- Up-to-date: /home/lsm/ros2_humble/install/my_first_package_msgs/include/my_first_package_msgs/my_first_package_msgs/msg/detail/dds_fastrtps
[0.943s] -- Up-to-date: /home/lsm/ros2_humble/install/my_first_package_msgs/lib/libmy_first_package_msgs__rosidl_typesupport_fastrtps_cpp.so
[0.943s] -- Up-to-date: /home/lsm/ros2_humble/install/my_first_package_msgs/include/my_first_package_msgs/my_first_package_msgs
[0.944s] -- Up-to-date: /home/lsm/ros2_humble/install/my_first_package_msgs/include/my_first_package_msgs/my_first_package_msgs/msg
[0.944s] -- Up-to-date: /home/lsm/ros2_humble/install/my_first_package_msgs/include/my_first_package_msgs/my_first_package_msgs/msg/detail
[0.944s] -- Up-to-date: /home/lsm/ros2_humble/install/my_first_package_msgs/include/my_first_package_msgs/my_first_package_msgs/msg/detail/cmd_and_pose_vel__rosidl_typesupport_introspection_cpp.hpp
[0.944s] -- Up-to-date: /home/lsm/ros2_humble/install/my_first_package_msgs/include/my_first_package_msgs/my_first_package_msgs/msg/detail/cmd_and_pose_vel__type_support.cpp
[0.945s] -- Up-to-date: /home/lsm/ros2_humble/install/my_first_package_msgs/lib/libmy_first_package_msgs__rosidl_typesupport_introspection_cpp.so
[0.945s] -- Up-to-date: /home/lsm/ros2_humble/install/my_first_package_msgs/lib/libmy_first_package_msgs__rosidl_typesupport_cpp.so
[0.945s] -- Up-to-date: /home/lsm/ros2_humble/install/my_first_package_msgs/share/my_first_package_msgs/environment/pythonpath.sh
[0.945s] -- Up-to-date: /home/lsm/ros2_humble/install/my_first_package_msgs/share/my_first_package_msgs/environment/pythonpath.dsv
[0.946s] -- Up-to-date: /home/lsm/ros2_humble/install/my_first_package_msgs/local/lib/python3.10/dist-packages/my_first_package_msgs-0.0.0-py3.10.egg-info
[0.946s] -- Installing: /home/lsm/ros2_humble/install/my_first_package_msgs/local/lib/python3.10/dist-packages/my_first_package_msgs-0.0.0-py3.10.egg-info/SOURCES.txt
[0.946s] -- Installing: /home/lsm/ros2_humble/install/my_first_package_msgs/local/lib/python3.10/dist-packages/my_first_package_msgs-0.0.0-py3.10.egg-info/PKG-INFO
[0.946s] -- Installing: /home/lsm/ros2_humble/install/my_first_package_msgs/local/lib/python3.10/dist-packages/my_first_package_msgs-0.0.0-py3.10.egg-info/top_level.txt
[0.947s] -- Installing: /home/lsm/ros2_humble/install/my_first_package_msgs/local/lib/python3.10/dist-packages/my_first_package_msgs-0.0.0-py3.10.egg-info/dependency_links.txt
[0.947s] -- Up-to-date: /home/lsm/ros2_humble/install/my_first_package_msgs/local/lib/python3.10/dist-packages/my_first_package_msgs
[0.947s] -- Up-to-date: /home/lsm/ros2_humble/install/my_first_package_msgs/local/lib/python3.10/dist-packages/my_first_package_msgs/my_first_package_msgs_s__rosidl_typesupport_introspection_c.cpython-310-x86_64-linux-gnu.so
[0.947s] -- Up-to-date: /home/lsm/ros2_humble/install/my_first_package_msgs/local/lib/python3.10/dist-packages/my_first_package_msgs/libmy_first_package_msgs__rosidl_generator_py.so
[0.948s] -- Up-to-date: /home/lsm/ros2_humble/install/my_first_package_msgs/local/lib/python3.10/dist-packages/my_first_package_msgs/msg
[0.948s] -- Up-to-date: /home/lsm/ros2_humble/install/my_first_package_msgs/local/lib/python3.10/dist-packages/my_first_package_msgs/msg/_cmd_and_pose_vel_s.c
[0.948s] -- Up-to-date: /home/lsm/ros2_humble/install/my_first_package_msgs/local/lib/python3.10/dist-packages/my_first_package_msgs/msg/_cmd_and_pose_vel.py
[0.949s] -- Up-to-date: /home/lsm/ros2_humble/install/my_first_package_msgs/local/lib/python3.10/dist-packages/my_first_package_msgs/msg/__init__.py
[0.949s] -- Up-to-date: /home/lsm/ros2_humble/install/my_first_package_msgs/local/lib/python3.10/dist-packages/my_first_package_msgs/_my_first_package_msgs_s.ep.rosidl_typesupport_c.c
[0.949s] -- Up-to-date: /home/lsm/ros2_humble/install/my_first_package_msgs/local/lib/python3.10/dist-packages/my_first_package_msgs/_my_first_package_msgs_s.ep.rosidl_typesupport_introspection_c.c
[0.950s] -- Up-to-date: /home/lsm/ros2_humble/install/my_first_package_msgs/local/lib/python3.10/dist-packages/my_first_package_msgs/my_first_package_msgs_s__rosidl_typesupport_c.cpython-310-x86_64-linux-gnu.so
[0.950s] -- Up-to-date: /home/lsm/ros2_humble/install/my_first_package_msgs/local/lib/python3.10/dist-packages/my_first_package_msgs/__init__.py
[0.950s] -- Up-to-date: /home/lsm/ros2_humble/install/my_first_package_msgs/local/lib/python3.10/dist-packages/my_first_package_msgs/my_first_package_msgs_s__rosidl_typesupport_fastrtps_c.cpython-310-x86_64-linux-gnu.so
[0.950s] -- Up-to-date: /home/lsm/ros2_humble/install/my_first_package_msgs/local/lib/python3.10/dist-packages/my_first_package_msgs/_my_first_package_msgs_s.ep.rosidl_typesupport_fastrtps_c.c
[1.023s] Listing '/home/lsm/ros2_humble/install/my_first_package_msgs/local/lib/python3.10/dist-packages/my_first_package_msgs'...
[1.024s] Listing '/home/lsm/ros2_humble/install/my_first_package_msgs/local/lib/python3.10/dist-packages/my_first_package_msgs/msg'...
[1.033s] -- Up-to-date: /home/lsm/ros2_humble/install/my_first_package_msgs/local/lib/python3.10/dist-packages/my_first_package_msgs/my_first_package_msgs_s__rosidl_typesupport_fastrtps_c.cpython-310-x86_64-linux-gnu.so
[1.034s] -- Up-to-date: /home/lsm/ros2_humble/install/my_first_package_msgs/local/lib/python3.10/dist-packages/my_first_package_msgs/my_first_package_msgs_s__rosidl_typesupport_introspection_c.cpython-310-x86_64-linux-gnu.so
[1.035s] -- Up-to-date: /home/lsm/ros2_humble/install/my_first_package_msgs/local/lib/python3.10/dist-packages/my_first_package_msgs/my_first_package_msgs_s__rosidl_typesupport_c.cpython-310-x86_64-linux-gnu.so
[1.035s] -- Up-to-date: /home/lsm/ros2_humble/install/my_first_package_msgs/lib/libmy_first_package_msgs__rosidl_generator_py.so
[1.036s] -- Up-to-date: /home/lsm/ros2_humble/install/my_first_package_msgs/share/my_first_package_msgs/msg/CmdAndPoseVel.idl
[1.036s] -- Up-to-date: /home/lsm/ros2_humble/install/my_first_package_msgs/share/my_first_package_msgs/msg/CmdAndPoseVel.msg
[1.036s] -- Up-to-date: /home/lsm/ros2_humble/install/my_first_package_msgs/share/ament_index/resource_index/package_run_dependencies/my_first_package_msgs
[1.037s] -- Up-to-date: /home/lsm/ros2_humble/install/my_first_package_msgs/share/ament_index/resource_index/parent_prefix_path/my_first_package_msgs
[1.037s] -- Up-to-date: /home/lsm/ros2_humble/install/my_first_package_msgs/share/my_first_package_msgs/environment/ament_prefix_path.sh
[1.037s] -- Up-to-date: /home/lsm/ros2_humble/install/my_first_package_msgs/share/my_first_package_msgs/environment/ament_prefix_path.dsv
[1.037s] -- Up-to-date: /home/lsm/ros2_humble/install/my_first_package_msgs/share/my_first_package_msgs/environment/path.sh
[1.038s] -- Up-to-date: /home/lsm/ros2_humble/install/my_first_package_msgs/share/my_first_package_msgs/environment/path.dsv
[1.038s] -- Up-to-date: /home/lsm/ros2_humble/install/my_first_package_msgs/share/my_first_package_msgs/local_setup.bash
[1.038s] -- Up-to-date: /home/lsm/ros2_humble/install/my_first_package_msgs/share/my_first_package_msgs/local_setup.sh
[1.038s] -- Up-to-date: /home/lsm/ros2_humble/install/my_first_package_msgs/share/my_first_package_msgs/local_setup.zsh
[1.038s] -- Up-to-date: /home/lsm/ros2_humble/install/my_first_package_msgs/share/my_first_package_msgs/local_setup.dsv
[1.039s] -- Installing: /home/lsm/ros2_humble/install/my_first_package_msgs/share/my_first_package_msgs/package.dsv
[1.039s] -- Up-to-date: /home/lsm/ros2_humble/install/my_first_package_msgs/share/ament_index/resource_index/packages/my_first_package_msgs
[1.039s] -- Up-to-date: /home/lsm/ros2_humble/install/my_first_package_msgs/share/my_first_package_msgs/cmake/export_my_first_package_msgs__rosidl_generator_cExport.cmake
[1.039s] -- Up-to-date: /home/lsm/ros2_humble/install/my_first_package_msgs/share/my_first_package_msgs/cmake/export_my_first_package_msgs__rosidl_generator_cExport-noconfig.cmake
[1.039s] -- Up-to-date: /home/lsm/ros2_humble/install/my_first_package_msgs/share/my_first_package_msgs/cmake/export_my_first_package_msgs__rosidl_typesupport_fastrtps_cExport.cmake
[1.040s] -- Up-to-date: /home/lsm/ros2_humble/install/my_first_package_msgs/share/my_first_package_msgs/cmake/export_my_first_package_msgs__rosidl_typesupport_fastrtps_cExport-noconfig.cmake
[1.040s] -- Up-to-date: /home/lsm/ros2_humble/install/my_first_package_msgs/share/my_first_package_msgs/cmake/my_first_package_msgs__rosidl_typesupport_introspection_cExport.cmake
[1.040s] -- Up-to-date: /home/lsm/ros2_humble/install/my_first_package_msgs/share/my_first_package_msgs/cmake/my_first_package_msgs__rosidl_typesupport_introspection_cExport-noconfig.cmake
[1.040s] -- Up-to-date: /home/lsm/ros2_humble/install/my_first_package_msgs/share/my_first_package_msgs/cmake/my_first_package_msgs__rosidl_typesupport_cExport.cmake
[1.041s] -- Up-to-date: /home/lsm/ros2_humble/install/my_first_package_msgs/share/my_first_package_msgs/cmake/my_first_package_msgs__rosidl_typesupport_cExport-noconfig.cmake
[1.041s] -- Up-to-date: /home/lsm/ros2_humble/install/my_first_package_msgs/share/my_first_package_msgs/cmake/export_my_first_package_msgs__rosidl_generator_cppExport.cmake
[1.041s] -- Up-to-date: /home/lsm/ros2_humble/install/my_first_package_msgs/share/my_first_package_msgs/cmake/export_my_first_package_msgs__rosidl_typesupport_fastrtps_cppExport.cmake
[1.041s] -- Up-to-date: /home/lsm/ros2_humble/install/my_first_package_msgs/share/my_first_package_msgs/cmake/export_my_first_package_msgs__rosidl_typesupport_fastrtps_cppExport-noconfig.cmake
[1.041s] -- Up-to-date: /home/lsm/ros2_humble/install/my_first_package_msgs/share/my_first_package_msgs/cmake/my_first_package_msgs__rosidl_typesupport_introspection_cppExport.cmake
[1.042s] -- Up-to-date: /home/lsm/ros2_humble/install/my_first_package_msgs/share/my_first_package_msgs/cmake/my_first_package_msgs__rosidl_typesupport_introspection_cppExport-noconfig.cmake
[1.042s] -- Up-to-date: /home/lsm/ros2_humble/install/my_first_package_msgs/share/my_first_package_msgs/cmake/my_first_package_msgs__rosidl_typesupport_cppExport.cmake
[1.042s] -- Up-to-date: /home/lsm/ros2_humble/install/my_first_package_msgs/share/my_first_package_msgs/cmake/my_first_package_msgs__rosidl_typesupport_cppExport-noconfig.cmake
[1.042s] -- Up-to-date: /home/lsm/ros2_humble/install/my_first_package_msgs/share/my_first_package_msgs/cmake/export_my_first_package_msgs__rosidl_generator_pyExport.cmake
[1.042s] -- Up-to-date: /home/lsm/ros2_humble/install/my_first_package_msgs/share/my_first_package_msgs/cmake/export_my_first_package_msgs__rosidl_generator_pyExport-noconfig.cmake
[1.043s] -- Up-to-date: /home/lsm/ros2_humble/install/my_first_package_msgs/share/my_first_package_msgs/cmake/rosidl_cmake-extras.cmake
[1.043s] -- Up-to-date: /home/lsm/ros2_humble/install/my_first_package_msgs/share/my_first_package_msgs/cmake/ament_cmake_export_include_directories-extras.cmake
[1.043s] -- Up-to-date: /home/lsm/ros2_humble/install/my_first_package_msgs/share/my_first_package_msgs/cmake/ament_cmake_export_libraries-extras.cmake
[1.043s] -- Up-to-date: /home/lsm/ros2_humble/install/my_first_package_msgs/share/my_first_package_msgs/cmake/ament_cmake_export_targets-extras.cmake
[1.043s] -- Up-to-date: /home/lsm/ros2_humble/install/my_first_package_msgs/share/my_first_package_msgs/cmake/rosidl_cmake_export_typesupport_targets-extras.cmake
[1.043s] -- Up-to-date: /home/lsm/ros2_humble/install/my_first_package_msgs/share/my_first_package_msgs/cmake/ament_cmake_export_dependencies-extras.cmake
[1.044s] -- Up-to-date: /home/lsm/ros2_humble/install/my_first_package_msgs/share/my_first_package_msgs/cmake/rosidl_cmake_export_typesupport_libraries-extras.cmake
[1.044s] -- Up-to-date: /home/lsm/ros2_humble/install/my_first_package_msgs/share/my_first_package_msgs/cmake/my_first_package_msgsConfig.cmake
[1.044s] -- Up-to-date: /home/lsm/ros2_humble/install/my_first_package_msgs/share/my_first_package_msgs/cmake/my_first_package_msgsConfig-version.cmake
[1.044s] -- Up-to-date: /home/lsm/ros2_humble/install/my_first_package_msgs/share/my_first_package_msgs/package.xml
[1.049s] Invoked command in '/home/lsm/ros2_humble/build/my_first_package_msgs' returned '0': CMAKE_PREFIX_PATH=${CMAKE_PREFIX_PATH}:/home/lsm/ros2_humble/install/my_first_package:/opt/ros/humble /usr/bin/cmake --install /home/lsm/ros2_humble/build/my_first_package_msgs
