[0.652s] Invoking command in '/home/lsm/ros2_humble/src/my_first_package': PYTHONPATH=/home/lsm/ros2_humble/build/my_first_package/prefix_override:/usr/lib/python3/dist-packages/colcon_core/task/python/colcon_distutils_commands:/home/lsm/ros2_humble/install/my_first_package/lib/python3.10/site-packages:${PYTHONPATH} /usr/bin/python3 -W ignore:setup.py install is deprecated setup.py egg_info --egg-base ../../build/my_first_package build --build-base /home/lsm/ros2_humble/build/my_first_package/build install --record /home/lsm/ros2_humble/build/my_first_package/install.log --single-version-externally-managed install_data
[0.822s] running egg_info
[0.823s] writing ../../build/my_first_package/my_first_package.egg-info/PKG-INFO
[0.823s] writing dependency_links to ../../build/my_first_package/my_first_package.egg-info/dependency_links.txt
[0.823s] writing entry points to ../../build/my_first_package/my_first_package.egg-info/entry_points.txt
[0.823s] writing requirements to ../../build/my_first_package/my_first_package.egg-info/requires.txt
[0.823s] writing top-level names to ../../build/my_first_package/my_first_package.egg-info/top_level.txt
[0.824s] reading manifest file '../../build/my_first_package/my_first_package.egg-info/SOURCES.txt'
[0.825s] writing manifest file '../../build/my_first_package/my_first_package.egg-info/SOURCES.txt'
[0.825s] running build
[0.825s] running build_py
[0.825s] copying my_first_package/my_subscriber.py -> /home/lsm/ros2_humble/build/my_first_package/build/lib/my_first_package
[0.825s] running install
[0.825s] running install_lib
[0.826s] copying /home/lsm/ros2_humble/build/my_first_package/build/lib/my_first_package/my_subscriber.py -> /home/lsm/ros2_humble/install/my_first_package/lib/python3.10/site-packages/my_first_package
[0.826s] byte-compiling /home/lsm/ros2_humble/install/my_first_package/lib/python3.10/site-packages/my_first_package/my_subscriber.py to my_subscriber.cpython-310.pyc
[0.826s] running install_data
[0.826s] running install_egg_info
[0.827s] removing '/home/lsm/ros2_humble/install/my_first_package/lib/python3.10/site-packages/my_first_package-0.0.0-py3.10.egg-info' (and everything under it)
[0.828s] Copying ../../build/my_first_package/my_first_package.egg-info to /home/lsm/ros2_humble/install/my_first_package/lib/python3.10/site-packages/my_first_package-0.0.0-py3.10.egg-info
[0.828s] running install_scripts
[0.842s] Installing my_first_node = my_first_package.my_first_node:mainmy_subscriber script to /home/lsm/ros2_humble/install/my_first_package/lib/my_first_package
[0.842s] writing list of installed files to '/home/lsm/ros2_humble/build/my_first_package/install.log'
[0.860s] Invoked command in '/home/lsm/ros2_humble/src/my_first_package' returned '0': PYTHONPATH=/home/lsm/ros2_humble/build/my_first_package/prefix_override:/usr/lib/python3/dist-packages/colcon_core/task/python/colcon_distutils_commands:/home/lsm/ros2_humble/install/my_first_package/lib/python3.10/site-packages:${PYTHONPATH} /usr/bin/python3 -W ignore:setup.py install is deprecated setup.py egg_info --egg-base ../../build/my_first_package build --build-base /home/lsm/ros2_humble/build/my_first_package/build install --record /home/lsm/ros2_humble/build/my_first_package/install.log --single-version-externally-managed install_data
