[0.105s] DEBUG:colcon:Command line arguments: ['/usr/bin/colcon', 'build']
[0.105s] DEBUG:colcon:Parsed command line arguments: Namespace(log_base=None, log_level=None, verb_name='build', build_base='build', install_base='install', merge_install=False, symlink_install=False, test_result_base=None, continue_on_error=False, executor='parallel', parallel_workers=16, event_handlers=None, ignore_user_meta=False, metas=['./colcon.meta'], base_paths=['.'], packages_ignore=None, packages_ignore_regex=None, paths=None, packages_up_to=None, packages_up_to_regex=None, packages_above=None, packages_above_and_dependencies=None, packages_above_depth=None, packages_select_by_dep=None, packages_skip_by_dep=None, packages_skip_up_to=None, packages_select_build_failed=False, packages_skip_build_finished=False, packages_select_test_failures=False, packages_skip_test_passed=False, packages_select=None, packages_skip=None, packages_select_regex=None, packages_skip_regex=None, packages_start=None, packages_end=None, allow_overriding=[], cmake_args=None, cmake_target=None, cmake_target_skip_unavailable=False, cmake_clean_cache=False, cmake_clean_first=False, cmake_force_configure=False, ament_cmake_args=None, catkin_cmake_args=None, catkin_skip_building_tests=False, verb_parser=<colcon_defaults.argument_parser.defaults.DefaultArgumentsDecorator object at 0x75ac8103ee30>, verb_extension=<colcon_core.verb.build.BuildVerb object at 0x75ac811800d0>, main=<bound method BuildVerb.main of <colcon_core.verb.build.BuildVerb object at 0x75ac811800d0>>)
[0.295s] Level 1:colcon.colcon_core.package_discovery:discover_packages(colcon_meta) check parameters
[0.295s] Level 1:colcon.colcon_core.package_discovery:discover_packages(recursive) check parameters
[0.295s] Level 1:colcon.colcon_core.package_discovery:discover_packages(ignore) check parameters
[0.295s] Level 1:colcon.colcon_core.package_discovery:discover_packages(path) check parameters
[0.295s] Level 1:colcon.colcon_core.package_discovery:discover_packages(colcon_meta) discover
[0.295s] Level 1:colcon.colcon_core.package_discovery:discover_packages(recursive) discover
[0.295s] INFO:colcon.colcon_core.package_discovery:Crawling recursively for packages in '/home/lsm/ros2_humble'
[0.296s] Level 1:colcon.colcon_core.package_identification:_identify(.) by extensions ['ignore', 'ignore_ament_install']
[0.296s] Level 1:colcon.colcon_core.package_identification:_identify(.) by extension 'ignore'
[0.296s] Level 1:colcon.colcon_core.package_identification:_identify(.) by extension 'ignore_ament_install'
[0.296s] Level 1:colcon.colcon_core.package_identification:_identify(.) by extensions ['colcon_pkg']
[0.296s] Level 1:colcon.colcon_core.package_identification:_identify(.) by extension 'colcon_pkg'
[0.296s] Level 1:colcon.colcon_core.package_identification:_identify(.) by extensions ['colcon_meta']
[0.296s] Level 1:colcon.colcon_core.package_identification:_identify(.) by extension 'colcon_meta'
[0.296s] Level 1:colcon.colcon_core.package_identification:_identify(.) by extensions ['ros']
[0.296s] Level 1:colcon.colcon_core.package_identification:_identify(.) by extension 'ros'
[0.306s] Level 1:colcon.colcon_core.package_identification:_identify(.) by extensions ['cmake', 'python']
[0.306s] Level 1:colcon.colcon_core.package_identification:_identify(.) by extension 'cmake'
[0.306s] Level 1:colcon.colcon_core.package_identification:_identify(.) by extension 'python'
[0.306s] Level 1:colcon.colcon_core.package_identification:_identify(.) by extensions ['python_setup_py']
[0.306s] Level 1:colcon.colcon_core.package_identification:_identify(.) by extension 'python_setup_py'
[0.306s] Level 1:colcon.colcon_core.package_identification:_identify(build) by extensions ['ignore', 'ignore_ament_install']
[0.306s] Level 1:colcon.colcon_core.package_identification:_identify(build) by extension 'ignore'
[0.307s] Level 1:colcon.colcon_core.package_identification:_identify(build) ignored
[0.307s] Level 1:colcon.colcon_core.package_identification:_identify(install) by extensions ['ignore', 'ignore_ament_install']
[0.307s] Level 1:colcon.colcon_core.package_identification:_identify(install) by extension 'ignore'
[0.307s] Level 1:colcon.colcon_core.package_identification:_identify(install) ignored
[0.307s] Level 1:colcon.colcon_core.package_identification:_identify(log) by extensions ['ignore', 'ignore_ament_install']
[0.307s] Level 1:colcon.colcon_core.package_identification:_identify(log) by extension 'ignore'
[0.307s] Level 1:colcon.colcon_core.package_identification:_identify(log) ignored
[0.307s] Level 1:colcon.colcon_core.package_identification:_identify(src) by extensions ['ignore', 'ignore_ament_install']
[0.307s] Level 1:colcon.colcon_core.package_identification:_identify(src) by extension 'ignore'
[0.307s] Level 1:colcon.colcon_core.package_identification:_identify(src) by extension 'ignore_ament_install'
[0.307s] Level 1:colcon.colcon_core.package_identification:_identify(src) by extensions ['colcon_pkg']
[0.307s] Level 1:colcon.colcon_core.package_identification:_identify(src) by extension 'colcon_pkg'
[0.307s] Level 1:colcon.colcon_core.package_identification:_identify(src) by extensions ['colcon_meta']
[0.307s] Level 1:colcon.colcon_core.package_identification:_identify(src) by extension 'colcon_meta'
[0.308s] Level 1:colcon.colcon_core.package_identification:_identify(src) by extensions ['ros']
[0.308s] Level 1:colcon.colcon_core.package_identification:_identify(src) by extension 'ros'
[0.308s] Level 1:colcon.colcon_core.package_identification:_identify(src) by extensions ['cmake', 'python']
[0.308s] Level 1:colcon.colcon_core.package_identification:_identify(src) by extension 'cmake'
[0.308s] Level 1:colcon.colcon_core.package_identification:_identify(src) by extension 'python'
[0.308s] Level 1:colcon.colcon_core.package_identification:_identify(src) by extensions ['python_setup_py']
[0.308s] Level 1:colcon.colcon_core.package_identification:_identify(src) by extension 'python_setup_py'
[0.308s] Level 1:colcon.colcon_core.package_identification:_identify(src/my_first_package) by extensions ['ignore', 'ignore_ament_install']
[0.308s] Level 1:colcon.colcon_core.package_identification:_identify(src/my_first_package) by extension 'ignore'
[0.308s] Level 1:colcon.colcon_core.package_identification:_identify(src/my_first_package) by extension 'ignore_ament_install'
[0.308s] Level 1:colcon.colcon_core.package_identification:_identify(src/my_first_package) by extensions ['colcon_pkg']
[0.308s] Level 1:colcon.colcon_core.package_identification:_identify(src/my_first_package) by extension 'colcon_pkg'
[0.308s] Level 1:colcon.colcon_core.package_identification:_identify(src/my_first_package) by extensions ['colcon_meta']
[0.308s] Level 1:colcon.colcon_core.package_identification:_identify(src/my_first_package) by extension 'colcon_meta'
[0.308s] Level 1:colcon.colcon_core.package_identification:_identify(src/my_first_package) by extensions ['ros']
[0.308s] Level 1:colcon.colcon_core.package_identification:_identify(src/my_first_package) by extension 'ros'
[0.311s] DEBUG:colcon.colcon_core.package_identification:Package 'src/my_first_package' with type 'ros.ament_python' and name 'my_first_package'
[0.311s] Level 1:colcon.colcon_core.package_identification:_identify(src/my_first_package_msgs) by extensions ['ignore', 'ignore_ament_install']
[0.311s] Level 1:colcon.colcon_core.package_identification:_identify(src/my_first_package_msgs) by extension 'ignore'
[0.311s] Level 1:colcon.colcon_core.package_identification:_identify(src/my_first_package_msgs) by extension 'ignore_ament_install'
[0.311s] Level 1:colcon.colcon_core.package_identification:_identify(src/my_first_package_msgs) by extensions ['colcon_pkg']
[0.311s] Level 1:colcon.colcon_core.package_identification:_identify(src/my_first_package_msgs) by extension 'colcon_pkg'
[0.311s] Level 1:colcon.colcon_core.package_identification:_identify(src/my_first_package_msgs) by extensions ['colcon_meta']
[0.311s] Level 1:colcon.colcon_core.package_identification:_identify(src/my_first_package_msgs) by extension 'colcon_meta'
[0.311s] Level 1:colcon.colcon_core.package_identification:_identify(src/my_first_package_msgs) by extensions ['ros']
[0.311s] Level 1:colcon.colcon_core.package_identification:_identify(src/my_first_package_msgs) by extension 'ros'
[0.312s] DEBUG:colcon.colcon_core.package_identification:Package 'src/my_first_package_msgs' with type 'ros.ament_cmake' and name 'my_first_package_msgs'
[0.312s] Level 1:colcon.colcon_core.package_discovery:discover_packages(recursive) using defaults
[0.312s] Level 1:colcon.colcon_core.package_discovery:discover_packages(ignore) discover
[0.312s] Level 1:colcon.colcon_core.package_discovery:discover_packages(ignore) using defaults
[0.312s] Level 1:colcon.colcon_core.package_discovery:discover_packages(path) discover
[0.312s] Level 1:colcon.colcon_core.package_discovery:discover_packages(path) using defaults
[0.338s] Level 1:colcon.colcon_core.package_discovery:discover_packages(prefix_path) check parameters
[0.339s] Level 1:colcon.colcon_core.package_discovery:discover_packages(prefix_path) discover
[0.340s] DEBUG:colcon.colcon_installed_package_information.package_discovery:Found 2 installed packages in /home/lsm/ros2_humble/install
[0.342s] DEBUG:colcon.colcon_installed_package_information.package_discovery:Found 270 installed packages in /opt/ros/humble
[0.343s] Level 1:colcon.colcon_core.package_discovery:discover_packages(prefix_path) using defaults
[0.378s] Level 5:colcon.colcon_core.verb:set package 'my_first_package' build argument 'cmake_args' from command line to 'None'
[0.378s] Level 5:colcon.colcon_core.verb:set package 'my_first_package' build argument 'cmake_target' from command line to 'None'
[0.378s] Level 5:colcon.colcon_core.verb:set package 'my_first_package' build argument 'cmake_target_skip_unavailable' from command line to 'False'
[0.378s] Level 5:colcon.colcon_core.verb:set package 'my_first_package' build argument 'cmake_clean_cache' from command line to 'False'
[0.378s] Level 5:colcon.colcon_core.verb:set package 'my_first_package' build argument 'cmake_clean_first' from command line to 'False'
[0.378s] Level 5:colcon.colcon_core.verb:set package 'my_first_package' build argument 'cmake_force_configure' from command line to 'False'
[0.378s] Level 5:colcon.colcon_core.verb:set package 'my_first_package' build argument 'ament_cmake_args' from command line to 'None'
[0.378s] Level 5:colcon.colcon_core.verb:set package 'my_first_package' build argument 'catkin_cmake_args' from command line to 'None'
[0.378s] Level 5:colcon.colcon_core.verb:set package 'my_first_package' build argument 'catkin_skip_building_tests' from command line to 'False'
[0.378s] DEBUG:colcon.colcon_core.verb:Building package 'my_first_package' with the following arguments: {'ament_cmake_args': None, 'build_base': '/home/lsm/ros2_humble/build/my_first_package', 'catkin_cmake_args': None, 'catkin_skip_building_tests': False, 'cmake_args': None, 'cmake_clean_cache': False, 'cmake_clean_first': False, 'cmake_force_configure': False, 'cmake_target': None, 'cmake_target_skip_unavailable': False, 'install_base': '/home/lsm/ros2_humble/install/my_first_package', 'merge_install': False, 'path': '/home/lsm/ros2_humble/src/my_first_package', 'symlink_install': False, 'test_result_base': None}
[0.379s] Level 5:colcon.colcon_core.verb:set package 'my_first_package_msgs' build argument 'cmake_args' from command line to 'None'
[0.379s] Level 5:colcon.colcon_core.verb:set package 'my_first_package_msgs' build argument 'cmake_target' from command line to 'None'
[0.379s] Level 5:colcon.colcon_core.verb:set package 'my_first_package_msgs' build argument 'cmake_target_skip_unavailable' from command line to 'False'
[0.379s] Level 5:colcon.colcon_core.verb:set package 'my_first_package_msgs' build argument 'cmake_clean_cache' from command line to 'False'
[0.379s] Level 5:colcon.colcon_core.verb:set package 'my_first_package_msgs' build argument 'cmake_clean_first' from command line to 'False'
[0.379s] Level 5:colcon.colcon_core.verb:set package 'my_first_package_msgs' build argument 'cmake_force_configure' from command line to 'False'
[0.379s] Level 5:colcon.colcon_core.verb:set package 'my_first_package_msgs' build argument 'ament_cmake_args' from command line to 'None'
[0.379s] Level 5:colcon.colcon_core.verb:set package 'my_first_package_msgs' build argument 'catkin_cmake_args' from command line to 'None'
[0.379s] Level 5:colcon.colcon_core.verb:set package 'my_first_package_msgs' build argument 'catkin_skip_building_tests' from command line to 'False'
[0.379s] DEBUG:colcon.colcon_core.verb:Building package 'my_first_package_msgs' with the following arguments: {'ament_cmake_args': None, 'build_base': '/home/lsm/ros2_humble/build/my_first_package_msgs', 'catkin_cmake_args': None, 'catkin_skip_building_tests': False, 'cmake_args': None, 'cmake_clean_cache': False, 'cmake_clean_first': False, 'cmake_force_configure': False, 'cmake_target': None, 'cmake_target_skip_unavailable': False, 'install_base': '/home/lsm/ros2_humble/install/my_first_package_msgs', 'merge_install': False, 'path': '/home/lsm/ros2_humble/src/my_first_package_msgs', 'symlink_install': False, 'test_result_base': None}
[0.379s] INFO:colcon.colcon_core.executor:Executing jobs using 'parallel' executor
[0.380s] DEBUG:colcon.colcon_parallel_executor.executor.parallel:run_until_complete
[0.380s] INFO:colcon.colcon_ros.task.ament_python.build:Building ROS package in '/home/lsm/ros2_humble/src/my_first_package' with build type 'ament_python'
[0.381s] Level 1:colcon.colcon_core.shell:create_environment_hook('my_first_package', 'ament_prefix_path')
[0.383s] INFO:colcon.colcon_core.plugin_system:Skipping extension 'colcon_core.shell.bat': Not used on non-Windows systems
[0.383s] INFO:colcon.colcon_core.shell:Creating environment hook '/home/lsm/ros2_humble/install/my_first_package/share/my_first_package/hook/ament_prefix_path.ps1'
[0.383s] INFO:colcon.colcon_core.shell:Creating environment descriptor '/home/lsm/ros2_humble/install/my_first_package/share/my_first_package/hook/ament_prefix_path.dsv'
[0.384s] INFO:colcon.colcon_core.shell:Creating environment hook '/home/lsm/ros2_humble/install/my_first_package/share/my_first_package/hook/ament_prefix_path.sh'
[0.385s] INFO:colcon.colcon_core.shell:Skip shell extension 'powershell' for command environment: Not usable outside of PowerShell
[0.385s] DEBUG:colcon.colcon_core.shell:Skip shell extension 'dsv' for command environment
[0.388s] INFO:colcon.colcon_ros.task.ament_cmake.build:Building ROS package in '/home/lsm/ros2_humble/src/my_first_package_msgs' with build type 'ament_cmake'
[0.388s] INFO:colcon.colcon_cmake.task.cmake.build:Building CMake package in '/home/lsm/ros2_humble/src/my_first_package_msgs'
[0.389s] INFO:colcon.colcon_core.shell:Skip shell extension 'powershell' for command environment: Not usable outside of PowerShell
[0.389s] DEBUG:colcon.colcon_core.shell:Skip shell extension 'dsv' for command environment
[0.689s] INFO:colcon.colcon_core.task.python.build:Building Python package in '/home/lsm/ros2_humble/src/my_first_package'
[0.689s] INFO:colcon.colcon_core.shell:Skip shell extension 'powershell' for command environment: Not usable outside of PowerShell
[0.689s] DEBUG:colcon.colcon_core.shell:Skip shell extension 'dsv' for command environment
[0.698s] DEBUG:colcon.colcon_core.event_handler.log_command:Invoking command in '/home/lsm/ros2_humble/build/my_first_package_msgs': CMAKE_PREFIX_PATH=${CMAKE_PREFIX_PATH}:/home/lsm/ros2_humble/install/my_first_package:/opt/ros/humble /usr/bin/cmake --build /home/lsm/ros2_humble/build/my_first_package_msgs -- -j16 -l16
[1.061s] DEBUG:colcon.colcon_core.event_handler.log_command:Invoking command in '/home/lsm/ros2_humble/src/my_first_package': PYTHONPATH=/home/lsm/ros2_humble/build/my_first_package/prefix_override:/usr/lib/python3/dist-packages/colcon_core/task/python/colcon_distutils_commands:/home/lsm/ros2_humble/install/my_first_package/lib/python3.10/site-packages:${PYTHONPATH} /usr/bin/python3 -W ignore:setup.py install is deprecated setup.py egg_info --egg-base ../../build/my_first_package build --build-base /home/lsm/ros2_humble/build/my_first_package/build install --record /home/lsm/ros2_humble/build/my_first_package/install.log --single-version-externally-managed install_data
[1.602s] DEBUG:colcon.colcon_core.event_handler.log_command:Invoked command in '/home/lsm/ros2_humble/src/my_first_package' returned '0': PYTHONPATH=/home/lsm/ros2_humble/build/my_first_package/prefix_override:/usr/lib/python3/dist-packages/colcon_core/task/python/colcon_distutils_commands:/home/lsm/ros2_humble/install/my_first_package/lib/python3.10/site-packages:${PYTHONPATH} /usr/bin/python3 -W ignore:setup.py install is deprecated setup.py egg_info --egg-base ../../build/my_first_package build --build-base /home/lsm/ros2_humble/build/my_first_package/build install --record /home/lsm/ros2_humble/build/my_first_package/install.log --single-version-externally-managed install_data
[1.606s] Level 1:colcon.colcon_core.environment:checking '/home/lsm/ros2_humble/install/my_first_package' for CMake module files
[1.606s] Level 1:colcon.colcon_core.environment:checking '/home/lsm/ros2_humble/install/my_first_package' for CMake config files
[1.608s] Level 1:colcon.colcon_core.environment:checking '/home/lsm/ros2_humble/install/my_first_package/lib'
[1.608s] Level 1:colcon.colcon_core.environment:checking '/home/lsm/ros2_humble/install/my_first_package/bin'
[1.608s] Level 1:colcon.colcon_core.environment:checking '/home/lsm/ros2_humble/install/my_first_package/lib/pkgconfig/my_first_package.pc'
[1.609s] Level 1:colcon.colcon_core.environment:checking '/home/lsm/ros2_humble/install/my_first_package/lib/python3.10/site-packages'
[1.609s] Level 1:colcon.colcon_core.shell:create_environment_hook('my_first_package', 'pythonpath')
[1.609s] INFO:colcon.colcon_core.shell:Creating environment hook '/home/lsm/ros2_humble/install/my_first_package/share/my_first_package/hook/pythonpath.ps1'
[1.610s] INFO:colcon.colcon_core.shell:Creating environment descriptor '/home/lsm/ros2_humble/install/my_first_package/share/my_first_package/hook/pythonpath.dsv'
[1.610s] INFO:colcon.colcon_core.shell:Creating environment hook '/home/lsm/ros2_humble/install/my_first_package/share/my_first_package/hook/pythonpath.sh'
[1.611s] Level 1:colcon.colcon_core.environment:checking '/home/lsm/ros2_humble/install/my_first_package/bin'
[1.612s] Level 1:colcon.colcon_core.environment:create_environment_scripts_only(my_first_package)
[1.612s] INFO:colcon.colcon_core.shell:Creating package script '/home/lsm/ros2_humble/install/my_first_package/share/my_first_package/package.ps1'
[1.613s] INFO:colcon.colcon_core.shell:Creating package descriptor '/home/lsm/ros2_humble/install/my_first_package/share/my_first_package/package.dsv'
[1.614s] INFO:colcon.colcon_core.shell:Creating package script '/home/lsm/ros2_humble/install/my_first_package/share/my_first_package/package.sh'
[1.615s] INFO:colcon.colcon_core.shell:Creating package script '/home/lsm/ros2_humble/install/my_first_package/share/my_first_package/package.bash'
[1.616s] INFO:colcon.colcon_core.shell:Creating package script '/home/lsm/ros2_humble/install/my_first_package/share/my_first_package/package.zsh'
[1.617s] Level 1:colcon.colcon_core.environment:create_file_with_runtime_dependencies(/home/lsm/ros2_humble/install/my_first_package/share/colcon-core/packages/my_first_package)
[5.357s] DEBUG:colcon.colcon_core.event_handler.log_command:Invoked command in '/home/lsm/ros2_humble/build/my_first_package_msgs' returned '0': CMAKE_PREFIX_PATH=${CMAKE_PREFIX_PATH}:/home/lsm/ros2_humble/install/my_first_package:/opt/ros/humble /usr/bin/cmake --build /home/lsm/ros2_humble/build/my_first_package_msgs -- -j16 -l16
[5.550s] DEBUG:colcon.colcon_core.event_handler.log_command:Invoking command in '/home/lsm/ros2_humble/build/my_first_package_msgs': CMAKE_PREFIX_PATH=${CMAKE_PREFIX_PATH}:/home/lsm/ros2_humble/install/my_first_package:/opt/ros/humble /usr/bin/cmake --install /home/lsm/ros2_humble/build/my_first_package_msgs
[5.655s] Level 1:colcon.colcon_core.environment:create_environment_scripts_only(my_first_package_msgs)
[5.655s] Level 1:colcon.colcon_core.environment:checking '/home/lsm/ros2_humble/install/my_first_package_msgs' for CMake module files
[5.656s] DEBUG:colcon.colcon_core.event_handler.log_command:Invoked command in '/home/lsm/ros2_humble/build/my_first_package_msgs' returned '0': CMAKE_PREFIX_PATH=${CMAKE_PREFIX_PATH}:/home/lsm/ros2_humble/install/my_first_package:/opt/ros/humble /usr/bin/cmake --install /home/lsm/ros2_humble/build/my_first_package_msgs
[5.657s] Level 1:colcon.colcon_core.environment:checking '/home/lsm/ros2_humble/install/my_first_package_msgs' for CMake config files
[5.657s] Level 1:colcon.colcon_core.shell:create_environment_hook('my_first_package_msgs', 'cmake_prefix_path')
[5.657s] INFO:colcon.colcon_core.shell:Creating environment hook '/home/lsm/ros2_humble/install/my_first_package_msgs/share/my_first_package_msgs/hook/cmake_prefix_path.ps1'
[5.658s] INFO:colcon.colcon_core.shell:Creating environment descriptor '/home/lsm/ros2_humble/install/my_first_package_msgs/share/my_first_package_msgs/hook/cmake_prefix_path.dsv'
[5.658s] INFO:colcon.colcon_core.shell:Creating environment hook '/home/lsm/ros2_humble/install/my_first_package_msgs/share/my_first_package_msgs/hook/cmake_prefix_path.sh'
[5.659s] Level 1:colcon.colcon_core.environment:checking '/home/lsm/ros2_humble/install/my_first_package_msgs/lib'
[5.659s] Level 1:colcon.colcon_core.shell:create_environment_hook('my_first_package_msgs', 'ld_library_path_lib')
[5.659s] INFO:colcon.colcon_core.shell:Creating environment hook '/home/lsm/ros2_humble/install/my_first_package_msgs/share/my_first_package_msgs/hook/ld_library_path_lib.ps1'
[5.659s] INFO:colcon.colcon_core.shell:Creating environment descriptor '/home/lsm/ros2_humble/install/my_first_package_msgs/share/my_first_package_msgs/hook/ld_library_path_lib.dsv'
[5.660s] INFO:colcon.colcon_core.shell:Creating environment hook '/home/lsm/ros2_humble/install/my_first_package_msgs/share/my_first_package_msgs/hook/ld_library_path_lib.sh'
[5.660s] Level 1:colcon.colcon_core.environment:checking '/home/lsm/ros2_humble/install/my_first_package_msgs/bin'
[5.660s] Level 1:colcon.colcon_core.environment:checking '/home/lsm/ros2_humble/install/my_first_package_msgs/lib/pkgconfig/my_first_package_msgs.pc'
[5.660s] Level 1:colcon.colcon_core.environment:checking '/home/lsm/ros2_humble/install/my_first_package_msgs/lib/python3.10/site-packages'
[5.661s] Level 1:colcon.colcon_core.environment:checking '/home/lsm/ros2_humble/install/my_first_package_msgs/bin'
[5.661s] INFO:colcon.colcon_core.shell:Creating package script '/home/lsm/ros2_humble/install/my_first_package_msgs/share/my_first_package_msgs/package.ps1'
[5.661s] INFO:colcon.colcon_core.shell:Creating package descriptor '/home/lsm/ros2_humble/install/my_first_package_msgs/share/my_first_package_msgs/package.dsv'
[5.662s] INFO:colcon.colcon_core.shell:Creating package script '/home/lsm/ros2_humble/install/my_first_package_msgs/share/my_first_package_msgs/package.sh'
[5.662s] INFO:colcon.colcon_core.shell:Creating package script '/home/lsm/ros2_humble/install/my_first_package_msgs/share/my_first_package_msgs/package.bash'
[5.663s] INFO:colcon.colcon_core.shell:Creating package script '/home/lsm/ros2_humble/install/my_first_package_msgs/share/my_first_package_msgs/package.zsh'
[5.663s] Level 1:colcon.colcon_core.environment:create_file_with_runtime_dependencies(/home/lsm/ros2_humble/install/my_first_package_msgs/share/colcon-core/packages/my_first_package_msgs)
[5.775s] Level 1:colcon.colcon_core.environment:create_environment_scripts_only(my_first_package_msgs)
[5.775s] Level 1:colcon.colcon_core.environment:checking '/home/lsm/ros2_humble/install/my_first_package_msgs' for CMake module files
[5.776s] Level 1:colcon.colcon_core.environment:checking '/home/lsm/ros2_humble/install/my_first_package_msgs' for CMake config files
[5.776s] Level 1:colcon.colcon_core.shell:create_environment_hook('my_first_package_msgs', 'cmake_prefix_path')
[5.776s] INFO:colcon.colcon_core.shell:Creating environment hook '/home/lsm/ros2_humble/install/my_first_package_msgs/share/my_first_package_msgs/hook/cmake_prefix_path.ps1'
[5.777s] INFO:colcon.colcon_core.shell:Creating environment descriptor '/home/lsm/ros2_humble/install/my_first_package_msgs/share/my_first_package_msgs/hook/cmake_prefix_path.dsv'
[5.777s] INFO:colcon.colcon_core.shell:Creating environment hook '/home/lsm/ros2_humble/install/my_first_package_msgs/share/my_first_package_msgs/hook/cmake_prefix_path.sh'
[5.777s] Level 1:colcon.colcon_core.environment:checking '/home/lsm/ros2_humble/install/my_first_package_msgs/lib'
[5.777s] Level 1:colcon.colcon_core.shell:create_environment_hook('my_first_package_msgs', 'ld_library_path_lib')
[5.778s] INFO:colcon.colcon_core.shell:Creating environment hook '/home/lsm/ros2_humble/install/my_first_package_msgs/share/my_first_package_msgs/hook/ld_library_path_lib.ps1'
[5.778s] INFO:colcon.colcon_core.shell:Creating environment descriptor '/home/lsm/ros2_humble/install/my_first_package_msgs/share/my_first_package_msgs/hook/ld_library_path_lib.dsv'
[5.778s] INFO:colcon.colcon_core.shell:Creating environment hook '/home/lsm/ros2_humble/install/my_first_package_msgs/share/my_first_package_msgs/hook/ld_library_path_lib.sh'
[5.779s] Level 1:colcon.colcon_core.environment:checking '/home/lsm/ros2_humble/install/my_first_package_msgs/bin'
[5.779s] Level 1:colcon.colcon_core.environment:checking '/home/lsm/ros2_humble/install/my_first_package_msgs/lib/pkgconfig/my_first_package_msgs.pc'
[5.779s] Level 1:colcon.colcon_core.environment:checking '/home/lsm/ros2_humble/install/my_first_package_msgs/lib/python3.10/site-packages'
[5.779s] Level 1:colcon.colcon_core.environment:checking '/home/lsm/ros2_humble/install/my_first_package_msgs/bin'
[5.779s] INFO:colcon.colcon_core.shell:Creating package script '/home/lsm/ros2_humble/install/my_first_package_msgs/share/my_first_package_msgs/package.ps1'
[5.780s] INFO:colcon.colcon_core.shell:Creating package descriptor '/home/lsm/ros2_humble/install/my_first_package_msgs/share/my_first_package_msgs/package.dsv'
[5.780s] INFO:colcon.colcon_core.shell:Creating package script '/home/lsm/ros2_humble/install/my_first_package_msgs/share/my_first_package_msgs/package.sh'
[5.781s] INFO:colcon.colcon_core.shell:Creating package script '/home/lsm/ros2_humble/install/my_first_package_msgs/share/my_first_package_msgs/package.bash'
[5.781s] INFO:colcon.colcon_core.shell:Creating package script '/home/lsm/ros2_humble/install/my_first_package_msgs/share/my_first_package_msgs/package.zsh'
[5.781s] Level 1:colcon.colcon_core.environment:create_file_with_runtime_dependencies(/home/lsm/ros2_humble/install/my_first_package_msgs/share/colcon-core/packages/my_first_package_msgs)
[5.781s] DEBUG:colcon.colcon_parallel_executor.executor.parallel:closing loop
[5.782s] DEBUG:colcon.colcon_parallel_executor.executor.parallel:loop closed
[5.782s] DEBUG:colcon.colcon_parallel_executor.executor.parallel:run_until_complete finished with '0'
[5.782s] DEBUG:colcon.colcon_core.event_reactor:joining thread
[5.787s] INFO:colcon.colcon_core.plugin_system:Skipping extension 'colcon_notification.desktop_notification.terminal_notifier': Not used on non-Darwin systems
[5.787s] INFO:colcon.colcon_core.plugin_system:Skipping extension 'colcon_notification.desktop_notification.win32': Not used on non-Windows systems
[5.787s] INFO:colcon.colcon_notification.desktop_notification:Sending desktop notification using 'notify2'
[5.800s] DEBUG:colcon.colcon_core.event_reactor:joined thread
[5.801s] INFO:colcon.colcon_core.shell:Creating prefix script '/home/lsm/ros2_humble/install/local_setup.ps1'
[5.801s] INFO:colcon.colcon_core.shell:Creating prefix util module '/home/lsm/ros2_humble/install/_local_setup_util_ps1.py'
[5.803s] INFO:colcon.colcon_core.shell:Creating prefix chain script '/home/lsm/ros2_humble/install/setup.ps1'
[5.803s] INFO:colcon.colcon_core.shell:Creating prefix script '/home/lsm/ros2_humble/install/local_setup.sh'
[5.804s] INFO:colcon.colcon_core.shell:Creating prefix util module '/home/lsm/ros2_humble/install/_local_setup_util_sh.py'
[5.804s] INFO:colcon.colcon_core.shell:Creating prefix chain script '/home/lsm/ros2_humble/install/setup.sh'
[5.805s] INFO:colcon.colcon_core.shell:Creating prefix script '/home/lsm/ros2_humble/install/local_setup.bash'
[5.806s] INFO:colcon.colcon_core.shell:Creating prefix chain script '/home/lsm/ros2_humble/install/setup.bash'
[5.807s] INFO:colcon.colcon_core.shell:Creating prefix script '/home/lsm/ros2_humble/install/local_setup.zsh'
[5.807s] INFO:colcon.colcon_core.shell:Creating prefix chain script '/home/lsm/ros2_humble/install/setup.zsh'
