[0.614s] Invoking command in '/home/lsm/ros2_humble/src/my_first_package': PYTHONPATH=/home/lsm/ros2_humble/build/my_first_package/prefix_override:/usr/lib/python3/dist-packages/colcon_core/task/python/colcon_distutils_commands:/home/lsm/ros2_humble/install/my_first_package/lib/python3.10/site-packages:${PYTHONPATH} /usr/bin/python3 -W ignore:setup.py install is deprecated setup.py egg_info --egg-base ../../build/my_first_package build --build-base /home/lsm/ros2_humble/build/my_first_package/build install --record /home/lsm/ros2_humble/build/my_first_package/install.log --single-version-externally-managed install_data
[0.866s] running egg_info
[0.867s] writing ../../build/my_first_package/my_first_package.egg-info/PKG-INFO
[0.867s] writing dependency_links to ../../build/my_first_package/my_first_package.egg-info/dependency_links.txt
[0.867s] writing entry points to ../../build/my_first_package/my_first_package.egg-info/entry_points.txt
[0.867s] writing requirements to ../../build/my_first_package/my_first_package.egg-info/requires.txt
[0.868s] writing top-level names to ../../build/my_first_package/my_first_package.egg-info/top_level.txt
[0.870s] reading manifest file '../../build/my_first_package/my_first_package.egg-info/SOURCES.txt'
[0.871s] writing manifest file '../../build/my_first_package/my_first_package.egg-info/SOURCES.txt'
[0.871s] running build
[0.871s] running build_py
[0.871s] running install
[0.872s] running install_lib
[0.873s] byte-compiling /home/lsm/ros2_humble/install/my_first_package/lib/python3.10/site-packages/my_first_package/my_publisher.py to my_publisher.cpython-310.pyc
[0.873s] Sorry: IndentationError: unindent does not match any outer indentation level (my_publisher.py, line 14)
[0.873s] running install_data
[0.874s] running install_egg_info
[0.875s] removing '/home/lsm/ros2_humble/install/my_first_package/lib/python3.10/site-packages/my_first_package-0.0.0-py3.10.egg-info' (and everything under it)
[0.876s] Copying ../../build/my_first_package/my_first_package.egg-info to /home/lsm/ros2_humble/install/my_first_package/lib/python3.10/site-packages/my_first_package-0.0.0-py3.10.egg-info
[0.877s] running install_scripts
[0.903s] Installing my_first_node script to /home/lsm/ros2_humble/install/my_first_package/lib/my_first_package
[0.904s] Installing my_publisher script to /home/lsm/ros2_humble/install/my_first_package/lib/my_first_package
[0.904s] Installing my_subscriber script to /home/lsm/ros2_humble/install/my_first_package/lib/my_first_package
[0.904s] writing list of installed files to '/home/lsm/ros2_humble/build/my_first_package/install.log'
[0.936s] Invoked command in '/home/lsm/ros2_humble/src/my_first_package' returned '0': PYTHONPATH=/home/lsm/ros2_humble/build/my_first_package/prefix_override:/usr/lib/python3/dist-packages/colcon_core/task/python/colcon_distutils_commands:/home/lsm/ros2_humble/install/my_first_package/lib/python3.10/site-packages:${PYTHONPATH} /usr/bin/python3 -W ignore:setup.py install is deprecated setup.py egg_info --egg-base ../../build/my_first_package build --build-base /home/lsm/ros2_humble/build/my_first_package/build install --record /home/lsm/ros2_humble/build/my_first_package/install.log --single-version-externally-managed install_data
