[0.727s] Invoking command in '/home/lsm/ros2_humble/src/my_first_package': PYTHONPATH=/home/lsm/ros2_humble/build/my_first_package/prefix_override:/usr/lib/python3/dist-packages/colcon_core/task/python/colcon_distutils_commands:/home/lsm/ros2_humble/install/my_first_package/lib/python3.10/site-packages:${PYTHONPATH} /usr/bin/python3 -W ignore:setup.py install is deprecated setup.py egg_info --egg-base ../../build/my_first_package build --build-base /home/lsm/ros2_humble/build/my_first_package/build install --record /home/lsm/ros2_humble/build/my_first_package/install.log --single-version-externally-managed install_data
[1.225s] running egg_info
[1.226s] writing ../../build/my_first_package/my_first_package.egg-info/PKG-INFO
[1.226s] writing dependency_links to ../../build/my_first_package/my_first_package.egg-info/dependency_links.txt
[1.226s] writing entry points to ../../build/my_first_package/my_first_package.egg-info/entry_points.txt
[1.227s] writing requirements to ../../build/my_first_package/my_first_package.egg-info/requires.txt
[1.227s] writing top-level names to ../../build/my_first_package/my_first_package.egg-info/top_level.txt
[1.229s] reading manifest file '../../build/my_first_package/my_first_package.egg-info/SOURCES.txt'
[1.231s] writing manifest file '../../build/my_first_package/my_first_package.egg-info/SOURCES.txt'
[1.231s] running build
[1.231s] running build_py
[1.231s] copying my_first_package/turtle_cmd_and_pose.py -> /home/lsm/ros2_humble/build/my_first_package/build/lib/my_first_package
[1.232s] running install
[1.232s] running install_lib
[1.234s] copying /home/lsm/ros2_humble/build/my_first_package/build/lib/my_first_package/turtle_cmd_and_pose.py -> /home/lsm/ros2_humble/install/my_first_package/lib/python3.10/site-packages/my_first_package
[1.235s] byte-compiling /home/lsm/ros2_humble/install/my_first_package/lib/python3.10/site-packages/my_first_package/turtle_cmd_and_pose.py to turtle_cmd_and_pose.cpython-310.pyc
[1.235s]   File "/home/lsm/ros2_humble/install/my_first_package/lib/python3.10/site-packages/my_first_package/turtle_cmd_and_pose.py", line 7
[1.235s]     	def__init__(self):
[1.236s]     	                 ^
[1.236s] SyntaxError: invalid syntax
[1.236s] 
[1.236s] running install_data
[1.236s] running install_egg_info
[1.238s] removing '/home/lsm/ros2_humble/install/my_first_package/lib/python3.10/site-packages/my_first_package-0.0.0-py3.10.egg-info' (and everything under it)
[1.239s] Copying ../../build/my_first_package/my_first_package.egg-info to /home/lsm/ros2_humble/install/my_first_package/lib/python3.10/site-packages/my_first_package-0.0.0-py3.10.egg-info
[1.241s] running install_scripts
[1.268s] Installing my_first_node script to /home/lsm/ros2_humble/install/my_first_package/lib/my_first_package
[1.268s] Installing my_publisher script to /home/lsm/ros2_humble/install/my_first_package/lib/my_first_package
[1.268s] Installing my_subscriber script to /home/lsm/ros2_humble/install/my_first_package/lib/my_first_package
[1.269s] Installing turtle_cmd_and_pose script to /home/lsm/ros2_humble/install/my_first_package/lib/my_first_package
[1.269s] writing list of installed files to '/home/lsm/ros2_humble/build/my_first_package/install.log'
[1.300s] Invoked command in '/home/lsm/ros2_humble/src/my_first_package' returned '0': PYTHONPATH=/home/lsm/ros2_humble/build/my_first_package/prefix_override:/usr/lib/python3/dist-packages/colcon_core/task/python/colcon_distutils_commands:/home/lsm/ros2_humble/install/my_first_package/lib/python3.10/site-packages:${PYTHONPATH} /usr/bin/python3 -W ignore:setup.py install is deprecated setup.py egg_info --egg-base ../../build/my_first_package build --build-base /home/lsm/ros2_humble/build/my_first_package/build install --record /home/lsm/ros2_humble/build/my_first_package/install.log --single-version-externally-managed install_data
