[0.665s] Invoking command in '/home/lsm/ros2_humble/src/my_first_package': PYTHONPATH=/home/lsm/ros2_humble/build/my_first_package/prefix_override:/usr/lib/python3/dist-packages/colcon_core/task/python/colcon_distutils_commands:/home/lsm/ros2_humble/install/my_first_package/lib/python3.10/site-packages:${PYTHONPATH} /usr/bin/python3 -W ignore:setup.py install is deprecated setup.py egg_info --egg-base ../../build/my_first_package build --build-base /home/lsm/ros2_humble/build/my_first_package/build install --record /home/lsm/ros2_humble/build/my_first_package/install.log --single-version-externally-managed install_data
[1.149s] running egg_info
[1.150s] writing ../../build/my_first_package/my_first_package.egg-info/PKG-INFO
[1.150s] writing dependency_links to ../../build/my_first_package/my_first_package.egg-info/dependency_links.txt
[1.151s] writing entry points to ../../build/my_first_package/my_first_package.egg-info/entry_points.txt
[1.151s] writing requirements to ../../build/my_first_package/my_first_package.egg-info/requires.txt
[1.152s] writing top-level names to ../../build/my_first_package/my_first_package.egg-info/top_level.txt
[1.155s] reading manifest file '../../build/my_first_package/my_first_package.egg-info/SOURCES.txt'
[1.158s] writing manifest file '../../build/my_first_package/my_first_package.egg-info/SOURCES.txt'
[1.158s] running build
[1.158s] running build_py
[1.159s] running install
[1.159s] running install_lib
[1.162s] running install_data
[1.162s] running install_egg_info
[1.166s] removing '/home/lsm/ros2_humble/install/my_first_package/lib/python3.10/site-packages/my_first_package-0.0.0-py3.10.egg-info' (and everything under it)
[1.167s] Copying ../../build/my_first_package/my_first_package.egg-info to /home/lsm/ros2_humble/install/my_first_package/lib/python3.10/site-packages/my_first_package-0.0.0-py3.10.egg-info
[1.169s] running install_scripts
[1.213s] Installing my_first_node script to /home/lsm/ros2_humble/install/my_first_package/lib/my_first_package
[1.213s] Installing my_publisher script to /home/lsm/ros2_humble/install/my_first_package/lib/my_first_package
[1.213s] Installing my_subscriber script to /home/lsm/ros2_humble/install/my_first_package/lib/my_first_package
[1.214s] writing list of installed files to '/home/lsm/ros2_humble/build/my_first_package/install.log'
[1.261s] Invoked command in '/home/lsm/ros2_humble/src/my_first_package' returned '0': PYTHONPATH=/home/lsm/ros2_humble/build/my_first_package/prefix_override:/usr/lib/python3/dist-packages/colcon_core/task/python/colcon_distutils_commands:/home/lsm/ros2_humble/install/my_first_package/lib/python3.10/site-packages:${PYTHONPATH} /usr/bin/python3 -W ignore:setup.py install is deprecated setup.py egg_info --egg-base ../../build/my_first_package build --build-base /home/lsm/ros2_humble/build/my_first_package/build install --record /home/lsm/ros2_humble/build/my_first_package/install.log --single-version-externally-managed install_data
