[0.694s] Invoking command in '/home/lsm/ros2_humble/src/my_first_package': PYTHONPATH=/home/lsm/ros2_humble/build/my_first_package/prefix_override:/usr/lib/python3/dist-packages/colcon_core/task/python/colcon_distutils_commands:/home/lsm/ros2_humble/install/my_first_package/lib/python3.10/site-packages:${PYTHONPATH} /usr/bin/python3 -W ignore:setup.py install is deprecated setup.py egg_info --egg-base ../../build/my_first_package build --build-base /home/lsm/ros2_humble/build/my_first_package/build install --record /home/lsm/ros2_humble/build/my_first_package/install.log --single-version-externally-managed install_data
[0.895s] running egg_info
[0.896s] writing ../../build/my_first_package/my_first_package.egg-info/PKG-INFO
[0.896s] writing dependency_links to ../../build/my_first_package/my_first_package.egg-info/dependency_links.txt
[0.896s] writing entry points to ../../build/my_first_package/my_first_package.egg-info/entry_points.txt
[0.896s] writing requirements to ../../build/my_first_package/my_first_package.egg-info/requires.txt
[0.896s] writing top-level names to ../../build/my_first_package/my_first_package.egg-info/top_level.txt
[0.898s] reading manifest file '../../build/my_first_package/my_first_package.egg-info/SOURCES.txt'
[0.898s] writing manifest file '../../build/my_first_package/my_first_package.egg-info/SOURCES.txt'
[0.898s] running build
[0.898s] running build_py
[0.898s] copying my_first_package/dist_turtle_action_server.py -> /home/lsm/ros2_humble/build/my_first_package/build/lib/my_first_package
[0.899s] running install
[0.899s] running install_lib
[0.899s] copying /home/lsm/ros2_humble/build/my_first_package/build/lib/my_first_package/dist_turtle_action_server.py -> /home/lsm/ros2_humble/install/my_first_package/lib/python3.10/site-packages/my_first_package
[0.900s] byte-compiling /home/lsm/ros2_humble/install/my_first_package/lib/python3.10/site-packages/my_first_package/dist_turtle_action_server.py to dist_turtle_action_server.cpython-310.pyc
[0.900s] running install_data
[0.901s] running install_egg_info
[0.902s] removing '/home/lsm/ros2_humble/install/my_first_package/lib/python3.10/site-packages/my_first_package-0.0.0-py3.10.egg-info' (and everything under it)
[0.902s] Copying ../../build/my_first_package/my_first_package.egg-info to /home/lsm/ros2_humble/install/my_first_package/lib/python3.10/site-packages/my_first_package-0.0.0-py3.10.egg-info
[0.903s] running install_scripts
[0.916s] Installing dist_turtle_action_server script to /home/lsm/ros2_humble/install/my_first_package/lib/my_first_package
[0.916s] Installing my_first_node script to /home/lsm/ros2_humble/install/my_first_package/lib/my_first_package
[0.916s] Installing my_multi_thread script to /home/lsm/ros2_humble/install/my_first_package/lib/my_first_package
[0.916s] Installing my_publisher script to /home/lsm/ros2_humble/install/my_first_package/lib/my_first_package
[0.916s] Installing my_service_server script to /home/lsm/ros2_humble/install/my_first_package/lib/my_first_package
[0.916s] Installing my_subscriber script to /home/lsm/ros2_humble/install/my_first_package/lib/my_first_package
[0.917s] Installing turtle_cmd_and_pose script to /home/lsm/ros2_humble/install/my_first_package/lib/my_first_package
[0.917s] writing list of installed files to '/home/lsm/ros2_humble/build/my_first_package/install.log'
[0.935s] Invoked command in '/home/lsm/ros2_humble/src/my_first_package' returned '0': PYTHONPATH=/home/lsm/ros2_humble/build/my_first_package/prefix_override:/usr/lib/python3/dist-packages/colcon_core/task/python/colcon_distutils_commands:/home/lsm/ros2_humble/install/my_first_package/lib/python3.10/site-packages:${PYTHONPATH} /usr/bin/python3 -W ignore:setup.py install is deprecated setup.py egg_info --egg-base ../../build/my_first_package build --build-base /home/lsm/ros2_humble/build/my_first_package/build install --record /home/lsm/ros2_humble/build/my_first_package/install.log --single-version-externally-managed install_data
