[0.699s] Invoking command in '/home/lsm/ros2_humble/src/my_first_package': PYTHONPATH=/home/lsm/ros2_humble/build/my_first_package/prefix_override:/usr/lib/python3/dist-packages/colcon_core/task/python/colcon_distutils_commands:/home/lsm/ros2_humble/install/my_first_package/lib/python3.10/site-packages:${PYTHONPATH} /usr/bin/python3 -W ignore:setup.py install is deprecated setup.py egg_info --egg-base ../../build/my_first_package build --build-base /home/lsm/ros2_humble/build/my_first_package/build install --record /home/lsm/ros2_humble/build/my_first_package/install.log --single-version-externally-managed install_data
[1.195s] running egg_info
[1.196s] writing ../../build/my_first_package/my_first_package.egg-info/PKG-INFO
[1.196s] writing dependency_links to ../../build/my_first_package/my_first_package.egg-info/dependency_links.txt
[1.196s] writing entry points to ../../build/my_first_package/my_first_package.egg-info/entry_points.txt
[1.196s] writing requirements to ../../build/my_first_package/my_first_package.egg-info/requires.txt
[1.197s] writing top-level names to ../../build/my_first_package/my_first_package.egg-info/top_level.txt
[1.199s] reading manifest file '../../build/my_first_package/my_first_package.egg-info/SOURCES.txt'
[1.200s] writing manifest file '../../build/my_first_package/my_first_package.egg-info/SOURCES.txt'
[1.201s] running build
[1.201s] running build_py
[1.201s] running install
[1.201s] running install_lib
[1.203s] running install_data
[1.204s] running install_egg_info
[1.206s] removing '/home/lsm/ros2_humble/install/my_first_package/lib/python3.10/site-packages/my_first_package-0.0.0-py3.10.egg-info' (and everything under it)
[1.206s] Copying ../../build/my_first_package/my_first_package.egg-info to /home/lsm/ros2_humble/install/my_first_package/lib/python3.10/site-packages/my_first_package-0.0.0-py3.10.egg-info
[1.208s] running install_scripts
[1.235s] Installing my_first_node script to /home/lsm/ros2_humble/install/my_first_package/lib/my_first_package
[1.235s] Installing my_publisher script to /home/lsm/ros2_humble/install/my_first_package/lib/my_first_package
[1.235s] Installing my_subscriber script to /home/lsm/ros2_humble/install/my_first_package/lib/my_first_package
[1.237s] Installing turtle_cmd_and_pose script to /home/lsm/ros2_humble/install/my_first_package/lib/my_first_package
[1.237s] writing list of installed files to '/home/lsm/ros2_humble/build/my_first_package/install.log'
[1.265s] Invoked command in '/home/lsm/ros2_humble/src/my_first_package' returned '0': PYTHONPATH=/home/lsm/ros2_humble/build/my_first_package/prefix_override:/usr/lib/python3/dist-packages/colcon_core/task/python/colcon_distutils_commands:/home/lsm/ros2_humble/install/my_first_package/lib/python3.10/site-packages:${PYTHONPATH} /usr/bin/python3 -W ignore:setup.py install is deprecated setup.py egg_info --egg-base ../../build/my_first_package build --build-base /home/lsm/ros2_humble/build/my_first_package/build install --record /home/lsm/ros2_humble/build/my_first_package/install.log --single-version-externally-managed install_data
