[0.297s] Invoking command in '/home/lsm/ros2_humble/build/my_first_package_msgs': CMAKE_PREFIX_PATH=${CMAKE_PREFIX_PATH}:/home/lsm/ros2_humble/install/my_first_package:/opt/ros/humble /usr/bin/cmake --build /home/lsm/ros2_humble/build/my_first_package_msgs -- -j16 -l16
[0.366s] [  2%] Built target my_first_package_msgs__cpp
[0.367s] [ 12%] Built target my_first_package_msgs__rosidl_generator_c
[0.380s] [ 12%] Built target ament_cmake_python_copy_my_first_package_msgs
[0.394s] [ 23%] Built target my_first_package_msgs__rosidl_typesupport_introspection_c
[0.394s] [ 33%] Built target my_first_package_msgs__rosidl_typesupport_cpp
[0.395s] [ 43%] Built target my_first_package_msgs__rosidl_typesupport_c
[0.395s] [ 66%] Built target my_first_package_msgs__rosidl_typesupport_fastrtps_c
[0.395s] [ 69%] Built target my_first_package_msgs__rosidl_typesupport_introspection_cpp
[0.395s] [ 74%] Built target my_first_package_msgs__rosidl_typesupport_fastrtps_cpp
[0.424s] [ 74%] Built target my_first_package_msgs
[0.455s] [ 76%] Built target my_first_package_msgs__py
[0.488s] [ 84%] Built target my_first_package_msgs__rosidl_generator_py
[0.519s] [ 97%] Built target my_first_package_msgs__rosidl_typesupport_introspection_c__pyext
[0.519s] [ 97%] Built target my_first_package_msgs__rosidl_typesupport_c__pyext
[0.519s] [100%] Built target my_first_package_msgs__rosidl_typesupport_fastrtps_c__pyext
[0.654s] running egg_info
[0.655s] writing my_first_package_msgs.egg-info/PKG-INFO
[0.655s] writing dependency_links to my_first_package_msgs.egg-info/dependency_links.txt
[0.655s] writing top-level names to my_first_package_msgs.egg-info/top_level.txt
[0.658s] reading manifest file 'my_first_package_msgs.egg-info/SOURCES.txt'
[0.659s] writing manifest file 'my_first_package_msgs.egg-info/SOURCES.txt'
[0.694s] [100%] Built target ament_cmake_python_build_my_first_package_msgs_egg
[0.714s] Invoked command in '/home/lsm/ros2_humble/build/my_first_package_msgs' returned '0': CMAKE_PREFIX_PATH=${CMAKE_PREFIX_PATH}:/home/lsm/ros2_humble/install/my_first_package:/opt/ros/humble /usr/bin/cmake --build /home/lsm/ros2_humble/build/my_first_package_msgs -- -j16 -l16
[0.935s] Invoking command in '/home/lsm/ros2_humble/build/my_first_package_msgs': CMAKE_PREFIX_PATH=${CMAKE_PREFIX_PATH}:/home/lsm/ros2_humble/install/my_first_package:/opt/ros/humble /usr/bin/cmake --install /home/lsm/ros2_humble/build/my_first_package_msgs
[0.959s] -- Install configuration: ""
[0.959s] -- Up-to-date: /home/lsm/ros2_humble/install/my_first_package_msgs/share/ament_index/resource_index/rosidl_interfaces/my_first_package_msgs
[0.959s] -- Up-to-date: /home/lsm/ros2_humble/install/my_first_package_msgs/include/my_first_package_msgs/my_first_package_msgs
[0.960s] -- Up-to-date: /home/lsm/ros2_humble/install/my_first_package_msgs/include/my_first_package_msgs/my_first_package_msgs/msg
[0.960s] -- Up-to-date: /home/lsm/ros2_humble/install/my_first_package_msgs/include/my_first_package_msgs/my_first_package_msgs/msg/rosidl_generator_c__visibility_control.h
[0.960s] -- Up-to-date: /home/lsm/ros2_humble/install/my_first_package_msgs/include/my_first_package_msgs/my_first_package_msgs/msg/detail
[0.961s] -- Up-to-date: /home/lsm/ros2_humble/install/my_first_package_msgs/include/my_first_package_msgs/my_first_package_msgs/msg/detail/cmd_and_pose_vel__struct.h
[0.961s] -- Up-to-date: /home/lsm/ros2_humble/install/my_first_package_msgs/include/my_first_package_msgs/my_first_package_msgs/msg/detail/cmd_and_pose_vel__functions.h
[0.961s] -- Up-to-date: /home/lsm/ros2_humble/install/my_first_package_msgs/include/my_first_package_msgs/my_first_package_msgs/msg/detail/cmd_and_pose_vel__functions.c
[0.961s] -- Up-to-date: /home/lsm/ros2_humble/install/my_first_package_msgs/include/my_first_package_msgs/my_first_package_msgs/msg/detail/cmd_and_pose_vel__type_support.h
[0.962s] -- Up-to-date: /home/lsm/ros2_humble/install/my_first_package_msgs/include/my_first_package_msgs/my_first_package_msgs/msg/cmd_and_pose_vel.h
[0.962s] -- Up-to-date: /home/lsm/ros2_humble/install/my_first_package_msgs/include/my_first_package_msgs/my_first_package_msgs/srv
[0.962s] -- Up-to-date: /home/lsm/ros2_humble/install/my_first_package_msgs/include/my_first_package_msgs/my_first_package_msgs/srv/multi_spawn.h
[0.962s] -- Up-to-date: /home/lsm/ros2_humble/install/my_first_package_msgs/include/my_first_package_msgs/my_first_package_msgs/srv/detail
[0.962s] -- Up-to-date: /home/lsm/ros2_humble/install/my_first_package_msgs/include/my_first_package_msgs/my_first_package_msgs/srv/detail/multi_spawn__type_support.h
[0.963s] -- Up-to-date: /home/lsm/ros2_humble/install/my_first_package_msgs/include/my_first_package_msgs/my_first_package_msgs/srv/detail/multi_spawn__struct.h
[0.963s] -- Up-to-date: /home/lsm/ros2_humble/install/my_first_package_msgs/include/my_first_package_msgs/my_first_package_msgs/srv/detail/multi_spawn__functions.h
[0.963s] -- Up-to-date: /home/lsm/ros2_humble/install/my_first_package_msgs/include/my_first_package_msgs/my_first_package_msgs/srv/detail/multi_spawn__functions.c
[0.963s] -- Up-to-date: /home/lsm/ros2_humble/install/my_first_package_msgs/share/my_first_package_msgs/environment/library_path.sh
[0.963s] -- Up-to-date: /home/lsm/ros2_humble/install/my_first_package_msgs/share/my_first_package_msgs/environment/library_path.dsv
[0.964s] -- Up-to-date: /home/lsm/ros2_humble/install/my_first_package_msgs/lib/libmy_first_package_msgs__rosidl_generator_c.so
[0.964s] -- Up-to-date: /home/lsm/ros2_humble/install/my_first_package_msgs/include/my_first_package_msgs/my_first_package_msgs
[0.964s] -- Up-to-date: /home/lsm/ros2_humble/install/my_first_package_msgs/include/my_first_package_msgs/my_first_package_msgs/msg
[0.964s] -- Up-to-date: /home/lsm/ros2_humble/install/my_first_package_msgs/include/my_first_package_msgs/my_first_package_msgs/msg/rosidl_typesupport_fastrtps_c__visibility_control.h
[0.964s] -- Up-to-date: /home/lsm/ros2_humble/install/my_first_package_msgs/include/my_first_package_msgs/my_first_package_msgs/msg/detail
[0.964s] -- Up-to-date: /home/lsm/ros2_humble/install/my_first_package_msgs/include/my_first_package_msgs/my_first_package_msgs/msg/detail/cmd_and_pose_vel__rosidl_typesupport_fastrtps_c.h
[0.965s] -- Up-to-date: /home/lsm/ros2_humble/install/my_first_package_msgs/include/my_first_package_msgs/my_first_package_msgs/srv
[0.965s] -- Up-to-date: /home/lsm/ros2_humble/install/my_first_package_msgs/include/my_first_package_msgs/my_first_package_msgs/srv/detail
[0.965s] -- Up-to-date: /home/lsm/ros2_humble/install/my_first_package_msgs/include/my_first_package_msgs/my_first_package_msgs/srv/detail/multi_spawn__rosidl_typesupport_fastrtps_c.h
[0.965s] -- Up-to-date: /home/lsm/ros2_humble/install/my_first_package_msgs/lib/libmy_first_package_msgs__rosidl_typesupport_fastrtps_c.so
[0.965s] -- Up-to-date: /home/lsm/ros2_humble/install/my_first_package_msgs/include/my_first_package_msgs/my_first_package_msgs
[0.965s] -- Up-to-date: /home/lsm/ros2_humble/install/my_first_package_msgs/include/my_first_package_msgs/my_first_package_msgs/msg
[0.965s] -- Up-to-date: /home/lsm/ros2_humble/install/my_first_package_msgs/include/my_first_package_msgs/my_first_package_msgs/msg/rosidl_typesupport_introspection_c__visibility_control.h
[0.966s] -- Up-to-date: /home/lsm/ros2_humble/install/my_first_package_msgs/include/my_first_package_msgs/my_first_package_msgs/msg/detail
[0.966s] -- Up-to-date: /home/lsm/ros2_humble/install/my_first_package_msgs/include/my_first_package_msgs/my_first_package_msgs/msg/detail/cmd_and_pose_vel__rosidl_typesupport_introspection_c.h
[0.966s] -- Up-to-date: /home/lsm/ros2_humble/install/my_first_package_msgs/include/my_first_package_msgs/my_first_package_msgs/msg/detail/cmd_and_pose_vel__type_support.c
[0.966s] -- Up-to-date: /home/lsm/ros2_humble/install/my_first_package_msgs/include/my_first_package_msgs/my_first_package_msgs/srv
[0.966s] -- Up-to-date: /home/lsm/ros2_humble/install/my_first_package_msgs/include/my_first_package_msgs/my_first_package_msgs/srv/detail
[0.967s] -- Up-to-date: /home/lsm/ros2_humble/install/my_first_package_msgs/include/my_first_package_msgs/my_first_package_msgs/srv/detail/multi_spawn__rosidl_typesupport_introspection_c.h
[0.967s] -- Up-to-date: /home/lsm/ros2_humble/install/my_first_package_msgs/include/my_first_package_msgs/my_first_package_msgs/srv/detail/multi_spawn__type_support.c
[0.967s] -- Up-to-date: /home/lsm/ros2_humble/install/my_first_package_msgs/lib/libmy_first_package_msgs__rosidl_typesupport_introspection_c.so
[0.967s] -- Up-to-date: /home/lsm/ros2_humble/install/my_first_package_msgs/lib/libmy_first_package_msgs__rosidl_typesupport_c.so
[0.968s] -- Up-to-date: /home/lsm/ros2_humble/install/my_first_package_msgs/include/my_first_package_msgs/my_first_package_msgs
[0.968s] -- Up-to-date: /home/lsm/ros2_humble/install/my_first_package_msgs/include/my_first_package_msgs/my_first_package_msgs/msg
[0.968s] -- Up-to-date: /home/lsm/ros2_humble/install/my_first_package_msgs/include/my_first_package_msgs/my_first_package_msgs/msg/cmd_and_pose_vel.hpp
[0.968s] -- Up-to-date: /home/lsm/ros2_humble/install/my_first_package_msgs/include/my_first_package_msgs/my_first_package_msgs/msg/detail
[0.968s] -- Up-to-date: /home/lsm/ros2_humble/install/my_first_package_msgs/include/my_first_package_msgs/my_first_package_msgs/msg/detail/cmd_and_pose_vel__builder.hpp
[0.968s] -- Up-to-date: /home/lsm/ros2_humble/install/my_first_package_msgs/include/my_first_package_msgs/my_first_package_msgs/msg/detail/cmd_and_pose_vel__traits.hpp
[0.969s] -- Up-to-date: /home/lsm/ros2_humble/install/my_first_package_msgs/include/my_first_package_msgs/my_first_package_msgs/msg/detail/cmd_and_pose_vel__struct.hpp
[0.969s] -- Up-to-date: /home/lsm/ros2_humble/install/my_first_package_msgs/include/my_first_package_msgs/my_first_package_msgs/srv
[0.970s] -- Up-to-date: /home/lsm/ros2_humble/install/my_first_package_msgs/include/my_first_package_msgs/my_first_package_msgs/srv/multi_spawn.hpp
[0.970s] -- Up-to-date: /home/lsm/ros2_humble/install/my_first_package_msgs/include/my_first_package_msgs/my_first_package_msgs/srv/detail
[0.970s] -- Up-to-date: /home/lsm/ros2_humble/install/my_first_package_msgs/include/my_first_package_msgs/my_first_package_msgs/srv/detail/multi_spawn__traits.hpp
[0.970s] -- Up-to-date: /home/lsm/ros2_humble/install/my_first_package_msgs/include/my_first_package_msgs/my_first_package_msgs/srv/detail/multi_spawn__struct.hpp
[0.970s] -- Up-to-date: /home/lsm/ros2_humble/install/my_first_package_msgs/include/my_first_package_msgs/my_first_package_msgs/srv/detail/multi_spawn__builder.hpp
[0.970s] -- Up-to-date: /home/lsm/ros2_humble/install/my_first_package_msgs/include/my_first_package_msgs/my_first_package_msgs
[0.970s] -- Up-to-date: /home/lsm/ros2_humble/install/my_first_package_msgs/include/my_first_package_msgs/my_first_package_msgs/msg
[0.971s] -- Up-to-date: /home/lsm/ros2_humble/install/my_first_package_msgs/include/my_first_package_msgs/my_first_package_msgs/msg/rosidl_typesupport_fastrtps_cpp__visibility_control.h
[0.971s] -- Up-to-date: /home/lsm/ros2_humble/install/my_first_package_msgs/include/my_first_package_msgs/my_first_package_msgs/msg/detail
[0.971s] -- Up-to-date: /home/lsm/ros2_humble/install/my_first_package_msgs/include/my_first_package_msgs/my_first_package_msgs/msg/detail/cmd_and_pose_vel__rosidl_typesupport_fastrtps_cpp.hpp
[0.971s] -- Up-to-date: /home/lsm/ros2_humble/install/my_first_package_msgs/include/my_first_package_msgs/my_first_package_msgs/msg/detail/dds_fastrtps
[0.971s] -- Up-to-date: /home/lsm/ros2_humble/install/my_first_package_msgs/include/my_first_package_msgs/my_first_package_msgs/srv
[0.971s] -- Up-to-date: /home/lsm/ros2_humble/install/my_first_package_msgs/include/my_first_package_msgs/my_first_package_msgs/srv/detail
[0.972s] -- Up-to-date: /home/lsm/ros2_humble/install/my_first_package_msgs/include/my_first_package_msgs/my_first_package_msgs/srv/detail/multi_spawn__rosidl_typesupport_fastrtps_cpp.hpp
[0.972s] -- Up-to-date: /home/lsm/ros2_humble/install/my_first_package_msgs/include/my_first_package_msgs/my_first_package_msgs/srv/detail/dds_fastrtps
[0.972s] -- Up-to-date: /home/lsm/ros2_humble/install/my_first_package_msgs/lib/libmy_first_package_msgs__rosidl_typesupport_fastrtps_cpp.so
[0.972s] -- Up-to-date: /home/lsm/ros2_humble/install/my_first_package_msgs/include/my_first_package_msgs/my_first_package_msgs
[0.972s] -- Up-to-date: /home/lsm/ros2_humble/install/my_first_package_msgs/include/my_first_package_msgs/my_first_package_msgs/msg
[0.972s] -- Up-to-date: /home/lsm/ros2_humble/install/my_first_package_msgs/include/my_first_package_msgs/my_first_package_msgs/msg/detail
[0.973s] -- Up-to-date: /home/lsm/ros2_humble/install/my_first_package_msgs/include/my_first_package_msgs/my_first_package_msgs/msg/detail/cmd_and_pose_vel__rosidl_typesupport_introspection_cpp.hpp
[0.973s] -- Up-to-date: /home/lsm/ros2_humble/install/my_first_package_msgs/include/my_first_package_msgs/my_first_package_msgs/msg/detail/cmd_and_pose_vel__type_support.cpp
[0.973s] -- Up-to-date: /home/lsm/ros2_humble/install/my_first_package_msgs/include/my_first_package_msgs/my_first_package_msgs/srv
[0.973s] -- Up-to-date: /home/lsm/ros2_humble/install/my_first_package_msgs/include/my_first_package_msgs/my_first_package_msgs/srv/detail
[0.973s] -- Up-to-date: /home/lsm/ros2_humble/install/my_first_package_msgs/include/my_first_package_msgs/my_first_package_msgs/srv/detail/multi_spawn__rosidl_typesupport_introspection_cpp.hpp
[0.973s] -- Up-to-date: /home/lsm/ros2_humble/install/my_first_package_msgs/include/my_first_package_msgs/my_first_package_msgs/srv/detail/multi_spawn__type_support.cpp
[0.974s] -- Up-to-date: /home/lsm/ros2_humble/install/my_first_package_msgs/lib/libmy_first_package_msgs__rosidl_typesupport_introspection_cpp.so
[0.974s] -- Up-to-date: /home/lsm/ros2_humble/install/my_first_package_msgs/lib/libmy_first_package_msgs__rosidl_typesupport_cpp.so
[0.974s] -- Up-to-date: /home/lsm/ros2_humble/install/my_first_package_msgs/share/my_first_package_msgs/environment/pythonpath.sh
[0.974s] -- Up-to-date: /home/lsm/ros2_humble/install/my_first_package_msgs/share/my_first_package_msgs/environment/pythonpath.dsv
[0.974s] -- Up-to-date: /home/lsm/ros2_humble/install/my_first_package_msgs/local/lib/python3.10/dist-packages/my_first_package_msgs-0.0.0-py3.10.egg-info
[0.974s] -- Installing: /home/lsm/ros2_humble/install/my_first_package_msgs/local/lib/python3.10/dist-packages/my_first_package_msgs-0.0.0-py3.10.egg-info/SOURCES.txt
[0.975s] -- Installing: /home/lsm/ros2_humble/install/my_first_package_msgs/local/lib/python3.10/dist-packages/my_first_package_msgs-0.0.0-py3.10.egg-info/PKG-INFO
[0.975s] -- Installing: /home/lsm/ros2_humble/install/my_first_package_msgs/local/lib/python3.10/dist-packages/my_first_package_msgs-0.0.0-py3.10.egg-info/top_level.txt
[0.975s] -- Installing: /home/lsm/ros2_humble/install/my_first_package_msgs/local/lib/python3.10/dist-packages/my_first_package_msgs-0.0.0-py3.10.egg-info/dependency_links.txt
[0.975s] -- Up-to-date: /home/lsm/ros2_humble/install/my_first_package_msgs/local/lib/python3.10/dist-packages/my_first_package_msgs
[0.975s] -- Up-to-date: /home/lsm/ros2_humble/install/my_first_package_msgs/local/lib/python3.10/dist-packages/my_first_package_msgs/my_first_package_msgs_s__rosidl_typesupport_introspection_c.cpython-310-x86_64-linux-gnu.so
[0.975s] -- Up-to-date: /home/lsm/ros2_humble/install/my_first_package_msgs/local/lib/python3.10/dist-packages/my_first_package_msgs/libmy_first_package_msgs__rosidl_generator_py.so
[0.976s] -- Up-to-date: /home/lsm/ros2_humble/install/my_first_package_msgs/local/lib/python3.10/dist-packages/my_first_package_msgs/msg
[0.976s] -- Up-to-date: /home/lsm/ros2_humble/install/my_first_package_msgs/local/lib/python3.10/dist-packages/my_first_package_msgs/msg/_cmd_and_pose_vel_s.c
[0.976s] -- Up-to-date: /home/lsm/ros2_humble/install/my_first_package_msgs/local/lib/python3.10/dist-packages/my_first_package_msgs/msg/_cmd_and_pose_vel.py
[0.976s] -- Up-to-date: /home/lsm/ros2_humble/install/my_first_package_msgs/local/lib/python3.10/dist-packages/my_first_package_msgs/msg/__init__.py
[0.976s] -- Up-to-date: /home/lsm/ros2_humble/install/my_first_package_msgs/local/lib/python3.10/dist-packages/my_first_package_msgs/_my_first_package_msgs_s.ep.rosidl_typesupport_c.c
[0.976s] -- Up-to-date: /home/lsm/ros2_humble/install/my_first_package_msgs/local/lib/python3.10/dist-packages/my_first_package_msgs/_my_first_package_msgs_s.ep.rosidl_typesupport_introspection_c.c
[0.976s] -- Up-to-date: /home/lsm/ros2_humble/install/my_first_package_msgs/local/lib/python3.10/dist-packages/my_first_package_msgs/my_first_package_msgs_s__rosidl_typesupport_c.cpython-310-x86_64-linux-gnu.so
[0.977s] -- Up-to-date: /home/lsm/ros2_humble/install/my_first_package_msgs/local/lib/python3.10/dist-packages/my_first_package_msgs/__init__.py
[0.977s] -- Up-to-date: /home/lsm/ros2_humble/install/my_first_package_msgs/local/lib/python3.10/dist-packages/my_first_package_msgs/my_first_package_msgs_s__rosidl_typesupport_fastrtps_c.cpython-310-x86_64-linux-gnu.so
[0.977s] -- Up-to-date: /home/lsm/ros2_humble/install/my_first_package_msgs/local/lib/python3.10/dist-packages/my_first_package_msgs/_my_first_package_msgs_s.ep.rosidl_typesupport_fastrtps_c.c
[0.977s] -- Up-to-date: /home/lsm/ros2_humble/install/my_first_package_msgs/local/lib/python3.10/dist-packages/my_first_package_msgs/srv
[0.977s] -- Up-to-date: /home/lsm/ros2_humble/install/my_first_package_msgs/local/lib/python3.10/dist-packages/my_first_package_msgs/srv/_multi_spawn.py
[0.977s] -- Up-to-date: /home/lsm/ros2_humble/install/my_first_package_msgs/local/lib/python3.10/dist-packages/my_first_package_msgs/srv/_multi_spawn_s.c
[0.977s] -- Up-to-date: /home/lsm/ros2_humble/install/my_first_package_msgs/local/lib/python3.10/dist-packages/my_first_package_msgs/srv/__init__.py
[1.052s] Listing '/home/lsm/ros2_humble/install/my_first_package_msgs/local/lib/python3.10/dist-packages/my_first_package_msgs'...
[1.053s] Listing '/home/lsm/ros2_humble/install/my_first_package_msgs/local/lib/python3.10/dist-packages/my_first_package_msgs/msg'...
[1.053s] Listing '/home/lsm/ros2_humble/install/my_first_package_msgs/local/lib/python3.10/dist-packages/my_first_package_msgs/srv'...
[1.063s] -- Up-to-date: /home/lsm/ros2_humble/install/my_first_package_msgs/local/lib/python3.10/dist-packages/my_first_package_msgs/my_first_package_msgs_s__rosidl_typesupport_fastrtps_c.cpython-310-x86_64-linux-gnu.so
[1.063s] -- Up-to-date: /home/lsm/ros2_humble/install/my_first_package_msgs/local/lib/python3.10/dist-packages/my_first_package_msgs/my_first_package_msgs_s__rosidl_typesupport_introspection_c.cpython-310-x86_64-linux-gnu.so
[1.064s] -- Up-to-date: /home/lsm/ros2_humble/install/my_first_package_msgs/local/lib/python3.10/dist-packages/my_first_package_msgs/my_first_package_msgs_s__rosidl_typesupport_c.cpython-310-x86_64-linux-gnu.so
[1.065s] -- Up-to-date: /home/lsm/ros2_humble/install/my_first_package_msgs/lib/libmy_first_package_msgs__rosidl_generator_py.so
[1.065s] -- Up-to-date: /home/lsm/ros2_humble/install/my_first_package_msgs/share/my_first_package_msgs/msg/CmdAndPoseVel.idl
[1.066s] -- Up-to-date: /home/lsm/ros2_humble/install/my_first_package_msgs/share/my_first_package_msgs/srv/MultiSpawn.idl
[1.066s] -- Up-to-date: /home/lsm/ros2_humble/install/my_first_package_msgs/share/my_first_package_msgs/msg/CmdAndPoseVel.msg
[1.066s] -- Up-to-date: /home/lsm/ros2_humble/install/my_first_package_msgs/share/my_first_package_msgs/srv/MultiSpawn.srv
[1.066s] -- Up-to-date: /home/lsm/ros2_humble/install/my_first_package_msgs/share/my_first_package_msgs/srv/MultiSpawn_Request.msg
[1.067s] -- Up-to-date: /home/lsm/ros2_humble/install/my_first_package_msgs/share/my_first_package_msgs/srv/MultiSpawn_Response.msg
[1.067s] -- Up-to-date: /home/lsm/ros2_humble/install/my_first_package_msgs/share/ament_index/resource_index/package_run_dependencies/my_first_package_msgs
[1.067s] -- Up-to-date: /home/lsm/ros2_humble/install/my_first_package_msgs/share/ament_index/resource_index/parent_prefix_path/my_first_package_msgs
[1.067s] -- Up-to-date: /home/lsm/ros2_humble/install/my_first_package_msgs/share/my_first_package_msgs/environment/ament_prefix_path.sh
[1.067s] -- Up-to-date: /home/lsm/ros2_humble/install/my_first_package_msgs/share/my_first_package_msgs/environment/ament_prefix_path.dsv
[1.068s] -- Up-to-date: /home/lsm/ros2_humble/install/my_first_package_msgs/share/my_first_package_msgs/environment/path.sh
[1.068s] -- Up-to-date: /home/lsm/ros2_humble/install/my_first_package_msgs/share/my_first_package_msgs/environment/path.dsv
[1.068s] -- Up-to-date: /home/lsm/ros2_humble/install/my_first_package_msgs/share/my_first_package_msgs/local_setup.bash
[1.068s] -- Up-to-date: /home/lsm/ros2_humble/install/my_first_package_msgs/share/my_first_package_msgs/local_setup.sh
[1.068s] -- Up-to-date: /home/lsm/ros2_humble/install/my_first_package_msgs/share/my_first_package_msgs/local_setup.zsh
[1.068s] -- Up-to-date: /home/lsm/ros2_humble/install/my_first_package_msgs/share/my_first_package_msgs/local_setup.dsv
[1.069s] -- Installing: /home/lsm/ros2_humble/install/my_first_package_msgs/share/my_first_package_msgs/package.dsv
[1.069s] -- Up-to-date: /home/lsm/ros2_humble/install/my_first_package_msgs/share/ament_index/resource_index/packages/my_first_package_msgs
[1.069s] -- Up-to-date: /home/lsm/ros2_humble/install/my_first_package_msgs/share/my_first_package_msgs/cmake/export_my_first_package_msgs__rosidl_generator_cExport.cmake
[1.069s] -- Up-to-date: /home/lsm/ros2_humble/install/my_first_package_msgs/share/my_first_package_msgs/cmake/export_my_first_package_msgs__rosidl_generator_cExport-noconfig.cmake
[1.069s] -- Up-to-date: /home/lsm/ros2_humble/install/my_first_package_msgs/share/my_first_package_msgs/cmake/export_my_first_package_msgs__rosidl_typesupport_fastrtps_cExport.cmake
[1.070s] -- Up-to-date: /home/lsm/ros2_humble/install/my_first_package_msgs/share/my_first_package_msgs/cmake/export_my_first_package_msgs__rosidl_typesupport_fastrtps_cExport-noconfig.cmake
[1.070s] -- Up-to-date: /home/lsm/ros2_humble/install/my_first_package_msgs/share/my_first_package_msgs/cmake/my_first_package_msgs__rosidl_typesupport_introspection_cExport.cmake
[1.070s] -- Up-to-date: /home/lsm/ros2_humble/install/my_first_package_msgs/share/my_first_package_msgs/cmake/my_first_package_msgs__rosidl_typesupport_introspection_cExport-noconfig.cmake
[1.070s] -- Up-to-date: /home/lsm/ros2_humble/install/my_first_package_msgs/share/my_first_package_msgs/cmake/my_first_package_msgs__rosidl_typesupport_cExport.cmake
[1.070s] -- Up-to-date: /home/lsm/ros2_humble/install/my_first_package_msgs/share/my_first_package_msgs/cmake/my_first_package_msgs__rosidl_typesupport_cExport-noconfig.cmake
[1.071s] -- Up-to-date: /home/lsm/ros2_humble/install/my_first_package_msgs/share/my_first_package_msgs/cmake/export_my_first_package_msgs__rosidl_generator_cppExport.cmake
[1.071s] -- Up-to-date: /home/lsm/ros2_humble/install/my_first_package_msgs/share/my_first_package_msgs/cmake/export_my_first_package_msgs__rosidl_typesupport_fastrtps_cppExport.cmake
[1.071s] -- Up-to-date: /home/lsm/ros2_humble/install/my_first_package_msgs/share/my_first_package_msgs/cmake/export_my_first_package_msgs__rosidl_typesupport_fastrtps_cppExport-noconfig.cmake
[1.071s] -- Up-to-date: /home/lsm/ros2_humble/install/my_first_package_msgs/share/my_first_package_msgs/cmake/my_first_package_msgs__rosidl_typesupport_introspection_cppExport.cmake
[1.071s] -- Up-to-date: /home/lsm/ros2_humble/install/my_first_package_msgs/share/my_first_package_msgs/cmake/my_first_package_msgs__rosidl_typesupport_introspection_cppExport-noconfig.cmake
[1.072s] -- Up-to-date: /home/lsm/ros2_humble/install/my_first_package_msgs/share/my_first_package_msgs/cmake/my_first_package_msgs__rosidl_typesupport_cppExport.cmake
[1.072s] -- Up-to-date: /home/lsm/ros2_humble/install/my_first_package_msgs/share/my_first_package_msgs/cmake/my_first_package_msgs__rosidl_typesupport_cppExport-noconfig.cmake
[1.072s] -- Up-to-date: /home/lsm/ros2_humble/install/my_first_package_msgs/share/my_first_package_msgs/cmake/export_my_first_package_msgs__rosidl_generator_pyExport.cmake
[1.072s] -- Up-to-date: /home/lsm/ros2_humble/install/my_first_package_msgs/share/my_first_package_msgs/cmake/export_my_first_package_msgs__rosidl_generator_pyExport-noconfig.cmake
[1.072s] -- Up-to-date: /home/lsm/ros2_humble/install/my_first_package_msgs/share/my_first_package_msgs/cmake/rosidl_cmake-extras.cmake
[1.072s] -- Up-to-date: /home/lsm/ros2_humble/install/my_first_package_msgs/share/my_first_package_msgs/cmake/ament_cmake_export_include_directories-extras.cmake
[1.072s] -- Up-to-date: /home/lsm/ros2_humble/install/my_first_package_msgs/share/my_first_package_msgs/cmake/ament_cmake_export_libraries-extras.cmake
[1.073s] -- Up-to-date: /home/lsm/ros2_humble/install/my_first_package_msgs/share/my_first_package_msgs/cmake/ament_cmake_export_targets-extras.cmake
[1.073s] -- Up-to-date: /home/lsm/ros2_humble/install/my_first_package_msgs/share/my_first_package_msgs/cmake/rosidl_cmake_export_typesupport_targets-extras.cmake
[1.073s] -- Up-to-date: /home/lsm/ros2_humble/install/my_first_package_msgs/share/my_first_package_msgs/cmake/ament_cmake_export_dependencies-extras.cmake
[1.073s] -- Up-to-date: /home/lsm/ros2_humble/install/my_first_package_msgs/share/my_first_package_msgs/cmake/rosidl_cmake_export_typesupport_libraries-extras.cmake
[1.073s] -- Up-to-date: /home/lsm/ros2_humble/install/my_first_package_msgs/share/my_first_package_msgs/cmake/my_first_package_msgsConfig.cmake
[1.073s] -- Up-to-date: /home/lsm/ros2_humble/install/my_first_package_msgs/share/my_first_package_msgs/cmake/my_first_package_msgsConfig-version.cmake
[1.073s] -- Up-to-date: /home/lsm/ros2_humble/install/my_first_package_msgs/share/my_first_package_msgs/package.xml
[1.078s] Invoked command in '/home/lsm/ros2_humble/build/my_first_package_msgs' returned '0': CMAKE_PREFIX_PATH=${CMAKE_PREFIX_PATH}:/home/lsm/ros2_humble/install/my_first_package:/opt/ros/humble /usr/bin/cmake --install /home/lsm/ros2_humble/build/my_first_package_msgs
