[0.300s] Invoking command in '/home/lsm/ros2_humble/build/my_first_package_msgs': CMAKE_PREFIX_PATH=${CMAKE_PREFIX_PATH}:/home/lsm/ros2_humble/install/my_first_package:/opt/ros/humble /usr/bin/cmake --build /home/lsm/ros2_humble/build/my_first_package_msgs -- -j16 -l16
[0.370s] [  2%] Built target my_first_package_msgs__cpp
[0.371s] [ 12%] Built target my_first_package_msgs__rosidl_generator_c
[0.385s] [ 12%] Built target ament_cmake_python_copy_my_first_package_msgs
[0.397s] [ 23%] Built target my_first_package_msgs__rosidl_typesupport_introspection_c
[0.398s] [ 38%] Built target my_first_package_msgs__rosidl_typesupport_cpp
[0.398s] [ 44%] Built target my_first_package_msgs__rosidl_typesupport_c
[0.399s] [ 55%] Built target my_first_package_msgs__rosidl_typesupport_fastrtps_cpp
[0.399s] [ 74%] Built target my_first_package_msgs__rosidl_typesupport_introspection_cpp
[0.399s] [ 76%] Built target my_first_package_msgs__rosidl_typesupport_fastrtps_c
[0.421s] [ 76%] Built target my_first_package_msgs
[0.453s] [ 78%] Built target my_first_package_msgs__py
[0.490s] [ 87%] Built target my_first_package_msgs__rosidl_generator_py
[0.529s] [ 97%] Built target my_first_package_msgs__rosidl_typesupport_fastrtps_c__pyext
[0.530s] [ 97%] Built target my_first_package_msgs__rosidl_typesupport_introspection_c__pyext
[0.530s] [100%] Built target my_first_package_msgs__rosidl_typesupport_c__pyext
[0.717s] running egg_info
[0.718s] writing my_first_package_msgs.egg-info/PKG-INFO
[0.719s] writing dependency_links to my_first_package_msgs.egg-info/dependency_links.txt
[0.719s] writing top-level names to my_first_package_msgs.egg-info/top_level.txt
[0.722s] reading manifest file 'my_first_package_msgs.egg-info/SOURCES.txt'
[0.723s] writing manifest file 'my_first_package_msgs.egg-info/SOURCES.txt'
[0.762s] [100%] Built target ament_cmake_python_build_my_first_package_msgs_egg
[0.782s] Invoked command in '/home/lsm/ros2_humble/build/my_first_package_msgs' returned '0': CMAKE_PREFIX_PATH=${CMAKE_PREFIX_PATH}:/home/lsm/ros2_humble/install/my_first_package:/opt/ros/humble /usr/bin/cmake --build /home/lsm/ros2_humble/build/my_first_package_msgs -- -j16 -l16
[1.081s] Invoking command in '/home/lsm/ros2_humble/build/my_first_package_msgs': CMAKE_PREFIX_PATH=${CMAKE_PREFIX_PATH}:/home/lsm/ros2_humble/install/my_first_package:/opt/ros/humble /usr/bin/cmake --install /home/lsm/ros2_humble/build/my_first_package_msgs
[1.106s] -- Install configuration: ""
[1.107s] -- Up-to-date: /home/lsm/ros2_humble/install/my_first_package_msgs/share/ament_index/resource_index/rosidl_interfaces/my_first_package_msgs
[1.107s] -- Up-to-date: /home/lsm/ros2_humble/install/my_first_package_msgs/include/my_first_package_msgs/my_first_package_msgs
[1.107s] -- Up-to-date: /home/lsm/ros2_humble/install/my_first_package_msgs/include/my_first_package_msgs/my_first_package_msgs/msg
[1.108s] -- Up-to-date: /home/lsm/ros2_humble/install/my_first_package_msgs/include/my_first_package_msgs/my_first_package_msgs/msg/rosidl_generator_c__visibility_control.h
[1.108s] -- Up-to-date: /home/lsm/ros2_humble/install/my_first_package_msgs/include/my_first_package_msgs/my_first_package_msgs/msg/detail
[1.108s] -- Up-to-date: /home/lsm/ros2_humble/install/my_first_package_msgs/include/my_first_package_msgs/my_first_package_msgs/msg/detail/cmd_and_pose_vel__struct.h
[1.109s] -- Up-to-date: /home/lsm/ros2_humble/install/my_first_package_msgs/include/my_first_package_msgs/my_first_package_msgs/msg/detail/cmd_and_pose_vel__functions.h
[1.109s] -- Up-to-date: /home/lsm/ros2_humble/install/my_first_package_msgs/include/my_first_package_msgs/my_first_package_msgs/msg/detail/cmd_and_pose_vel__functions.c
[1.109s] -- Up-to-date: /home/lsm/ros2_humble/install/my_first_package_msgs/include/my_first_package_msgs/my_first_package_msgs/msg/detail/cmd_and_pose_vel__type_support.h
[1.110s] -- Up-to-date: /home/lsm/ros2_humble/install/my_first_package_msgs/include/my_first_package_msgs/my_first_package_msgs/msg/cmd_and_pose_vel.h
[1.110s] -- Up-to-date: /home/lsm/ros2_humble/install/my_first_package_msgs/include/my_first_package_msgs/my_first_package_msgs/action
[1.110s] -- Up-to-date: /home/lsm/ros2_humble/install/my_first_package_msgs/include/my_first_package_msgs/my_first_package_msgs/action/dist_turtle.h
[1.111s] -- Up-to-date: /home/lsm/ros2_humble/install/my_first_package_msgs/include/my_first_package_msgs/my_first_package_msgs/action/detail
[1.111s] -- Up-to-date: /home/lsm/ros2_humble/install/my_first_package_msgs/include/my_first_package_msgs/my_first_package_msgs/action/detail/dist_turtle__type_support.h
[1.111s] -- Up-to-date: /home/lsm/ros2_humble/install/my_first_package_msgs/include/my_first_package_msgs/my_first_package_msgs/action/detail/dist_turtle__functions.h
[1.111s] -- Up-to-date: /home/lsm/ros2_humble/install/my_first_package_msgs/include/my_first_package_msgs/my_first_package_msgs/action/detail/dist_turtle__functions.c
[1.111s] -- Up-to-date: /home/lsm/ros2_humble/install/my_first_package_msgs/include/my_first_package_msgs/my_first_package_msgs/action/detail/dist_turtle__struct.h
[1.112s] -- Up-to-date: /home/lsm/ros2_humble/install/my_first_package_msgs/include/my_first_package_msgs/my_first_package_msgs/srv
[1.112s] -- Up-to-date: /home/lsm/ros2_humble/install/my_first_package_msgs/include/my_first_package_msgs/my_first_package_msgs/srv/multi_spawn.h
[1.112s] -- Up-to-date: /home/lsm/ros2_humble/install/my_first_package_msgs/include/my_first_package_msgs/my_first_package_msgs/srv/detail
[1.112s] -- Up-to-date: /home/lsm/ros2_humble/install/my_first_package_msgs/include/my_first_package_msgs/my_first_package_msgs/srv/detail/multi_spawn__type_support.h
[1.113s] -- Up-to-date: /home/lsm/ros2_humble/install/my_first_package_msgs/include/my_first_package_msgs/my_first_package_msgs/srv/detail/multi_spawn__struct.h
[1.113s] -- Up-to-date: /home/lsm/ros2_humble/install/my_first_package_msgs/include/my_first_package_msgs/my_first_package_msgs/srv/detail/multi_spawn__functions.h
[1.113s] -- Up-to-date: /home/lsm/ros2_humble/install/my_first_package_msgs/include/my_first_package_msgs/my_first_package_msgs/srv/detail/multi_spawn__functions.c
[1.113s] -- Up-to-date: /home/lsm/ros2_humble/install/my_first_package_msgs/share/my_first_package_msgs/environment/library_path.sh
[1.114s] -- Up-to-date: /home/lsm/ros2_humble/install/my_first_package_msgs/share/my_first_package_msgs/environment/library_path.dsv
[1.114s] -- Up-to-date: /home/lsm/ros2_humble/install/my_first_package_msgs/lib/libmy_first_package_msgs__rosidl_generator_c.so
[1.114s] -- Up-to-date: /home/lsm/ros2_humble/install/my_first_package_msgs/include/my_first_package_msgs/my_first_package_msgs
[1.114s] -- Up-to-date: /home/lsm/ros2_humble/install/my_first_package_msgs/include/my_first_package_msgs/my_first_package_msgs/msg
[1.114s] -- Up-to-date: /home/lsm/ros2_humble/install/my_first_package_msgs/include/my_first_package_msgs/my_first_package_msgs/msg/rosidl_typesupport_fastrtps_c__visibility_control.h
[1.114s] -- Up-to-date: /home/lsm/ros2_humble/install/my_first_package_msgs/include/my_first_package_msgs/my_first_package_msgs/msg/detail
[1.115s] -- Up-to-date: /home/lsm/ros2_humble/install/my_first_package_msgs/include/my_first_package_msgs/my_first_package_msgs/msg/detail/cmd_and_pose_vel__rosidl_typesupport_fastrtps_c.h
[1.115s] -- Up-to-date: /home/lsm/ros2_humble/install/my_first_package_msgs/include/my_first_package_msgs/my_first_package_msgs/action
[1.115s] -- Up-to-date: /home/lsm/ros2_humble/install/my_first_package_msgs/include/my_first_package_msgs/my_first_package_msgs/action/detail
[1.115s] -- Up-to-date: /home/lsm/ros2_humble/install/my_first_package_msgs/include/my_first_package_msgs/my_first_package_msgs/action/detail/dist_turtle__rosidl_typesupport_fastrtps_c.h
[1.115s] -- Up-to-date: /home/lsm/ros2_humble/install/my_first_package_msgs/include/my_first_package_msgs/my_first_package_msgs/srv
[1.116s] -- Up-to-date: /home/lsm/ros2_humble/install/my_first_package_msgs/include/my_first_package_msgs/my_first_package_msgs/srv/detail
[1.116s] -- Up-to-date: /home/lsm/ros2_humble/install/my_first_package_msgs/include/my_first_package_msgs/my_first_package_msgs/srv/detail/multi_spawn__rosidl_typesupport_fastrtps_c.h
[1.116s] -- Up-to-date: /home/lsm/ros2_humble/install/my_first_package_msgs/lib/libmy_first_package_msgs__rosidl_typesupport_fastrtps_c.so
[1.116s] -- Up-to-date: /home/lsm/ros2_humble/install/my_first_package_msgs/include/my_first_package_msgs/my_first_package_msgs
[1.116s] -- Up-to-date: /home/lsm/ros2_humble/install/my_first_package_msgs/include/my_first_package_msgs/my_first_package_msgs/msg
[1.117s] -- Up-to-date: /home/lsm/ros2_humble/install/my_first_package_msgs/include/my_first_package_msgs/my_first_package_msgs/msg/rosidl_typesupport_introspection_c__visibility_control.h
[1.117s] -- Up-to-date: /home/lsm/ros2_humble/install/my_first_package_msgs/include/my_first_package_msgs/my_first_package_msgs/msg/detail
[1.117s] -- Up-to-date: /home/lsm/ros2_humble/install/my_first_package_msgs/include/my_first_package_msgs/my_first_package_msgs/msg/detail/cmd_and_pose_vel__rosidl_typesupport_introspection_c.h
[1.117s] -- Up-to-date: /home/lsm/ros2_humble/install/my_first_package_msgs/include/my_first_package_msgs/my_first_package_msgs/msg/detail/cmd_and_pose_vel__type_support.c
[1.118s] -- Up-to-date: /home/lsm/ros2_humble/install/my_first_package_msgs/include/my_first_package_msgs/my_first_package_msgs/action
[1.118s] -- Up-to-date: /home/lsm/ros2_humble/install/my_first_package_msgs/include/my_first_package_msgs/my_first_package_msgs/action/detail
[1.118s] -- Up-to-date: /home/lsm/ros2_humble/install/my_first_package_msgs/include/my_first_package_msgs/my_first_package_msgs/action/detail/dist_turtle__rosidl_typesupport_introspection_c.h
[1.118s] -- Up-to-date: /home/lsm/ros2_humble/install/my_first_package_msgs/include/my_first_package_msgs/my_first_package_msgs/action/detail/dist_turtle__type_support.c
[1.118s] -- Up-to-date: /home/lsm/ros2_humble/install/my_first_package_msgs/include/my_first_package_msgs/my_first_package_msgs/srv
[1.118s] -- Up-to-date: /home/lsm/ros2_humble/install/my_first_package_msgs/include/my_first_package_msgs/my_first_package_msgs/srv/detail
[1.118s] -- Up-to-date: /home/lsm/ros2_humble/install/my_first_package_msgs/include/my_first_package_msgs/my_first_package_msgs/srv/detail/multi_spawn__rosidl_typesupport_introspection_c.h
[1.119s] -- Up-to-date: /home/lsm/ros2_humble/install/my_first_package_msgs/include/my_first_package_msgs/my_first_package_msgs/srv/detail/multi_spawn__type_support.c
[1.119s] -- Up-to-date: /home/lsm/ros2_humble/install/my_first_package_msgs/lib/libmy_first_package_msgs__rosidl_typesupport_introspection_c.so
[1.119s] -- Up-to-date: /home/lsm/ros2_humble/install/my_first_package_msgs/lib/libmy_first_package_msgs__rosidl_typesupport_c.so
[1.119s] -- Up-to-date: /home/lsm/ros2_humble/install/my_first_package_msgs/include/my_first_package_msgs/my_first_package_msgs
[1.120s] -- Up-to-date: /home/lsm/ros2_humble/install/my_first_package_msgs/include/my_first_package_msgs/my_first_package_msgs/msg
[1.120s] -- Up-to-date: /home/lsm/ros2_humble/install/my_first_package_msgs/include/my_first_package_msgs/my_first_package_msgs/msg/cmd_and_pose_vel.hpp
[1.121s] -- Up-to-date: /home/lsm/ros2_humble/install/my_first_package_msgs/include/my_first_package_msgs/my_first_package_msgs/msg/detail
[1.121s] -- Up-to-date: /home/lsm/ros2_humble/install/my_first_package_msgs/include/my_first_package_msgs/my_first_package_msgs/msg/detail/cmd_and_pose_vel__builder.hpp
[1.121s] -- Up-to-date: /home/lsm/ros2_humble/install/my_first_package_msgs/include/my_first_package_msgs/my_first_package_msgs/msg/detail/cmd_and_pose_vel__traits.hpp
[1.121s] -- Up-to-date: /home/lsm/ros2_humble/install/my_first_package_msgs/include/my_first_package_msgs/my_first_package_msgs/msg/detail/cmd_and_pose_vel__struct.hpp
[1.122s] -- Up-to-date: /home/lsm/ros2_humble/install/my_first_package_msgs/include/my_first_package_msgs/my_first_package_msgs/action
[1.122s] -- Up-to-date: /home/lsm/ros2_humble/install/my_first_package_msgs/include/my_first_package_msgs/my_first_package_msgs/action/dist_turtle.hpp
[1.122s] -- Up-to-date: /home/lsm/ros2_humble/install/my_first_package_msgs/include/my_first_package_msgs/my_first_package_msgs/action/detail
[1.122s] -- Up-to-date: /home/lsm/ros2_humble/install/my_first_package_msgs/include/my_first_package_msgs/my_first_package_msgs/action/detail/dist_turtle__builder.hpp
[1.122s] -- Up-to-date: /home/lsm/ros2_humble/install/my_first_package_msgs/include/my_first_package_msgs/my_first_package_msgs/action/detail/dist_turtle__struct.hpp
[1.123s] -- Up-to-date: /home/lsm/ros2_humble/install/my_first_package_msgs/include/my_first_package_msgs/my_first_package_msgs/action/detail/dist_turtle__traits.hpp
[1.123s] -- Up-to-date: /home/lsm/ros2_humble/install/my_first_package_msgs/include/my_first_package_msgs/my_first_package_msgs/srv
[1.123s] -- Up-to-date: /home/lsm/ros2_humble/install/my_first_package_msgs/include/my_first_package_msgs/my_first_package_msgs/srv/multi_spawn.hpp
[1.124s] -- Up-to-date: /home/lsm/ros2_humble/install/my_first_package_msgs/include/my_first_package_msgs/my_first_package_msgs/srv/detail
[1.124s] -- Up-to-date: /home/lsm/ros2_humble/install/my_first_package_msgs/include/my_first_package_msgs/my_first_package_msgs/srv/detail/multi_spawn__traits.hpp
[1.124s] -- Up-to-date: /home/lsm/ros2_humble/install/my_first_package_msgs/include/my_first_package_msgs/my_first_package_msgs/srv/detail/multi_spawn__struct.hpp
[1.125s] -- Up-to-date: /home/lsm/ros2_humble/install/my_first_package_msgs/include/my_first_package_msgs/my_first_package_msgs/srv/detail/multi_spawn__builder.hpp
[1.125s] -- Up-to-date: /home/lsm/ros2_humble/install/my_first_package_msgs/include/my_first_package_msgs/my_first_package_msgs
[1.125s] -- Up-to-date: /home/lsm/ros2_humble/install/my_first_package_msgs/include/my_first_package_msgs/my_first_package_msgs/msg
[1.125s] -- Up-to-date: /home/lsm/ros2_humble/install/my_first_package_msgs/include/my_first_package_msgs/my_first_package_msgs/msg/rosidl_typesupport_fastrtps_cpp__visibility_control.h
[1.126s] -- Up-to-date: /home/lsm/ros2_humble/install/my_first_package_msgs/include/my_first_package_msgs/my_first_package_msgs/msg/detail
[1.126s] -- Up-to-date: /home/lsm/ros2_humble/install/my_first_package_msgs/include/my_first_package_msgs/my_first_package_msgs/msg/detail/cmd_and_pose_vel__rosidl_typesupport_fastrtps_cpp.hpp
[1.126s] -- Up-to-date: /home/lsm/ros2_humble/install/my_first_package_msgs/include/my_first_package_msgs/my_first_package_msgs/msg/detail/dds_fastrtps
[1.126s] -- Up-to-date: /home/lsm/ros2_humble/install/my_first_package_msgs/include/my_first_package_msgs/my_first_package_msgs/action
[1.127s] -- Up-to-date: /home/lsm/ros2_humble/install/my_first_package_msgs/include/my_first_package_msgs/my_first_package_msgs/action/detail
[1.127s] -- Up-to-date: /home/lsm/ros2_humble/install/my_first_package_msgs/include/my_first_package_msgs/my_first_package_msgs/action/detail/dist_turtle__rosidl_typesupport_fastrtps_cpp.hpp
[1.127s] -- Up-to-date: /home/lsm/ros2_humble/install/my_first_package_msgs/include/my_first_package_msgs/my_first_package_msgs/action/detail/dds_fastrtps
[1.127s] -- Up-to-date: /home/lsm/ros2_humble/install/my_first_package_msgs/include/my_first_package_msgs/my_first_package_msgs/srv
[1.127s] -- Up-to-date: /home/lsm/ros2_humble/install/my_first_package_msgs/include/my_first_package_msgs/my_first_package_msgs/srv/detail
[1.127s] -- Up-to-date: /home/lsm/ros2_humble/install/my_first_package_msgs/include/my_first_package_msgs/my_first_package_msgs/srv/detail/multi_spawn__rosidl_typesupport_fastrtps_cpp.hpp
[1.127s] -- Up-to-date: /home/lsm/ros2_humble/install/my_first_package_msgs/include/my_first_package_msgs/my_first_package_msgs/srv/detail/dds_fastrtps
[1.128s] -- Up-to-date: /home/lsm/ros2_humble/install/my_first_package_msgs/lib/libmy_first_package_msgs__rosidl_typesupport_fastrtps_cpp.so
[1.128s] -- Up-to-date: /home/lsm/ros2_humble/install/my_first_package_msgs/include/my_first_package_msgs/my_first_package_msgs
[1.128s] -- Up-to-date: /home/lsm/ros2_humble/install/my_first_package_msgs/include/my_first_package_msgs/my_first_package_msgs/msg
[1.128s] -- Up-to-date: /home/lsm/ros2_humble/install/my_first_package_msgs/include/my_first_package_msgs/my_first_package_msgs/msg/detail
[1.128s] -- Up-to-date: /home/lsm/ros2_humble/install/my_first_package_msgs/include/my_first_package_msgs/my_first_package_msgs/msg/detail/cmd_and_pose_vel__rosidl_typesupport_introspection_cpp.hpp
[1.128s] -- Up-to-date: /home/lsm/ros2_humble/install/my_first_package_msgs/include/my_first_package_msgs/my_first_package_msgs/msg/detail/cmd_and_pose_vel__type_support.cpp
[1.128s] -- Up-to-date: /home/lsm/ros2_humble/install/my_first_package_msgs/include/my_first_package_msgs/my_first_package_msgs/action
[1.128s] -- Up-to-date: /home/lsm/ros2_humble/install/my_first_package_msgs/include/my_first_package_msgs/my_first_package_msgs/action/detail
[1.129s] -- Up-to-date: /home/lsm/ros2_humble/install/my_first_package_msgs/include/my_first_package_msgs/my_first_package_msgs/action/detail/dist_turtle__rosidl_typesupport_introspection_cpp.hpp
[1.129s] -- Up-to-date: /home/lsm/ros2_humble/install/my_first_package_msgs/include/my_first_package_msgs/my_first_package_msgs/action/detail/dist_turtle__type_support.cpp
[1.129s] -- Up-to-date: /home/lsm/ros2_humble/install/my_first_package_msgs/include/my_first_package_msgs/my_first_package_msgs/srv
[1.129s] -- Up-to-date: /home/lsm/ros2_humble/install/my_first_package_msgs/include/my_first_package_msgs/my_first_package_msgs/srv/detail
[1.129s] -- Up-to-date: /home/lsm/ros2_humble/install/my_first_package_msgs/include/my_first_package_msgs/my_first_package_msgs/srv/detail/multi_spawn__rosidl_typesupport_introspection_cpp.hpp
[1.129s] -- Up-to-date: /home/lsm/ros2_humble/install/my_first_package_msgs/include/my_first_package_msgs/my_first_package_msgs/srv/detail/multi_spawn__type_support.cpp
[1.130s] -- Up-to-date: /home/lsm/ros2_humble/install/my_first_package_msgs/lib/libmy_first_package_msgs__rosidl_typesupport_introspection_cpp.so
[1.130s] -- Up-to-date: /home/lsm/ros2_humble/install/my_first_package_msgs/lib/libmy_first_package_msgs__rosidl_typesupport_cpp.so
[1.130s] -- Up-to-date: /home/lsm/ros2_humble/install/my_first_package_msgs/share/my_first_package_msgs/environment/pythonpath.sh
[1.130s] -- Up-to-date: /home/lsm/ros2_humble/install/my_first_package_msgs/share/my_first_package_msgs/environment/pythonpath.dsv
[1.130s] -- Up-to-date: /home/lsm/ros2_humble/install/my_first_package_msgs/local/lib/python3.10/dist-packages/my_first_package_msgs-0.0.0-py3.10.egg-info
[1.130s] -- Installing: /home/lsm/ros2_humble/install/my_first_package_msgs/local/lib/python3.10/dist-packages/my_first_package_msgs-0.0.0-py3.10.egg-info/SOURCES.txt
[1.130s] -- Installing: /home/lsm/ros2_humble/install/my_first_package_msgs/local/lib/python3.10/dist-packages/my_first_package_msgs-0.0.0-py3.10.egg-info/PKG-INFO
[1.131s] -- Installing: /home/lsm/ros2_humble/install/my_first_package_msgs/local/lib/python3.10/dist-packages/my_first_package_msgs-0.0.0-py3.10.egg-info/top_level.txt
[1.131s] -- Installing: /home/lsm/ros2_humble/install/my_first_package_msgs/local/lib/python3.10/dist-packages/my_first_package_msgs-0.0.0-py3.10.egg-info/dependency_links.txt
[1.131s] -- Up-to-date: /home/lsm/ros2_humble/install/my_first_package_msgs/local/lib/python3.10/dist-packages/my_first_package_msgs
[1.131s] -- Up-to-date: /home/lsm/ros2_humble/install/my_first_package_msgs/local/lib/python3.10/dist-packages/my_first_package_msgs/my_first_package_msgs_s__rosidl_typesupport_introspection_c.cpython-310-x86_64-linux-gnu.so
[1.131s] -- Up-to-date: /home/lsm/ros2_humble/install/my_first_package_msgs/local/lib/python3.10/dist-packages/my_first_package_msgs/libmy_first_package_msgs__rosidl_generator_py.so
[1.131s] -- Up-to-date: /home/lsm/ros2_humble/install/my_first_package_msgs/local/lib/python3.10/dist-packages/my_first_package_msgs/msg
[1.131s] -- Up-to-date: /home/lsm/ros2_humble/install/my_first_package_msgs/local/lib/python3.10/dist-packages/my_first_package_msgs/msg/_cmd_and_pose_vel_s.c
[1.131s] -- Up-to-date: /home/lsm/ros2_humble/install/my_first_package_msgs/local/lib/python3.10/dist-packages/my_first_package_msgs/msg/_cmd_and_pose_vel.py
[1.132s] -- Up-to-date: /home/lsm/ros2_humble/install/my_first_package_msgs/local/lib/python3.10/dist-packages/my_first_package_msgs/msg/__init__.py
[1.132s] -- Up-to-date: /home/lsm/ros2_humble/install/my_first_package_msgs/local/lib/python3.10/dist-packages/my_first_package_msgs/_my_first_package_msgs_s.ep.rosidl_typesupport_c.c
[1.132s] -- Up-to-date: /home/lsm/ros2_humble/install/my_first_package_msgs/local/lib/python3.10/dist-packages/my_first_package_msgs/_my_first_package_msgs_s.ep.rosidl_typesupport_introspection_c.c
[1.132s] -- Up-to-date: /home/lsm/ros2_humble/install/my_first_package_msgs/local/lib/python3.10/dist-packages/my_first_package_msgs/my_first_package_msgs_s__rosidl_typesupport_c.cpython-310-x86_64-linux-gnu.so
[1.132s] -- Up-to-date: /home/lsm/ros2_humble/install/my_first_package_msgs/local/lib/python3.10/dist-packages/my_first_package_msgs/__init__.py
[1.132s] -- Up-to-date: /home/lsm/ros2_humble/install/my_first_package_msgs/local/lib/python3.10/dist-packages/my_first_package_msgs/my_first_package_msgs_s__rosidl_typesupport_fastrtps_c.cpython-310-x86_64-linux-gnu.so
[1.132s] -- Up-to-date: /home/lsm/ros2_humble/install/my_first_package_msgs/local/lib/python3.10/dist-packages/my_first_package_msgs/_my_first_package_msgs_s.ep.rosidl_typesupport_fastrtps_c.c
[1.133s] -- Up-to-date: /home/lsm/ros2_humble/install/my_first_package_msgs/local/lib/python3.10/dist-packages/my_first_package_msgs/action
[1.133s] -- Up-to-date: /home/lsm/ros2_humble/install/my_first_package_msgs/local/lib/python3.10/dist-packages/my_first_package_msgs/action/_dist_turtle_s.c
[1.133s] -- Up-to-date: /home/lsm/ros2_humble/install/my_first_package_msgs/local/lib/python3.10/dist-packages/my_first_package_msgs/action/__init__.py
[1.133s] -- Up-to-date: /home/lsm/ros2_humble/install/my_first_package_msgs/local/lib/python3.10/dist-packages/my_first_package_msgs/action/_dist_turtle.py
[1.133s] -- Up-to-date: /home/lsm/ros2_humble/install/my_first_package_msgs/local/lib/python3.10/dist-packages/my_first_package_msgs/srv
[1.133s] -- Up-to-date: /home/lsm/ros2_humble/install/my_first_package_msgs/local/lib/python3.10/dist-packages/my_first_package_msgs/srv/_multi_spawn.py
[1.133s] -- Up-to-date: /home/lsm/ros2_humble/install/my_first_package_msgs/local/lib/python3.10/dist-packages/my_first_package_msgs/srv/_multi_spawn_s.c
[1.133s] -- Up-to-date: /home/lsm/ros2_humble/install/my_first_package_msgs/local/lib/python3.10/dist-packages/my_first_package_msgs/srv/__init__.py
[1.202s] Listing '/home/lsm/ros2_humble/install/my_first_package_msgs/local/lib/python3.10/dist-packages/my_first_package_msgs'...
[1.203s] Listing '/home/lsm/ros2_humble/install/my_first_package_msgs/local/lib/python3.10/dist-packages/my_first_package_msgs/action'...
[1.203s] Listing '/home/lsm/ros2_humble/install/my_first_package_msgs/local/lib/python3.10/dist-packages/my_first_package_msgs/msg'...
[1.203s] Listing '/home/lsm/ros2_humble/install/my_first_package_msgs/local/lib/python3.10/dist-packages/my_first_package_msgs/srv'...
[1.211s] -- Up-to-date: /home/lsm/ros2_humble/install/my_first_package_msgs/local/lib/python3.10/dist-packages/my_first_package_msgs/my_first_package_msgs_s__rosidl_typesupport_fastrtps_c.cpython-310-x86_64-linux-gnu.so
[1.212s] -- Up-to-date: /home/lsm/ros2_humble/install/my_first_package_msgs/local/lib/python3.10/dist-packages/my_first_package_msgs/my_first_package_msgs_s__rosidl_typesupport_introspection_c.cpython-310-x86_64-linux-gnu.so
[1.213s] -- Up-to-date: /home/lsm/ros2_humble/install/my_first_package_msgs/local/lib/python3.10/dist-packages/my_first_package_msgs/my_first_package_msgs_s__rosidl_typesupport_c.cpython-310-x86_64-linux-gnu.so
[1.213s] -- Up-to-date: /home/lsm/ros2_humble/install/my_first_package_msgs/lib/libmy_first_package_msgs__rosidl_generator_py.so
[1.214s] -- Up-to-date: /home/lsm/ros2_humble/install/my_first_package_msgs/share/my_first_package_msgs/msg/CmdAndPoseVel.idl
[1.214s] -- Up-to-date: /home/lsm/ros2_humble/install/my_first_package_msgs/share/my_first_package_msgs/srv/MultiSpawn.idl
[1.215s] -- Up-to-date: /home/lsm/ros2_humble/install/my_first_package_msgs/share/my_first_package_msgs/action/DistTurtle.idl
[1.215s] -- Up-to-date: /home/lsm/ros2_humble/install/my_first_package_msgs/share/my_first_package_msgs/msg/CmdAndPoseVel.msg
[1.215s] -- Up-to-date: /home/lsm/ros2_humble/install/my_first_package_msgs/share/my_first_package_msgs/srv/MultiSpawn.srv
[1.216s] -- Up-to-date: /home/lsm/ros2_humble/install/my_first_package_msgs/share/my_first_package_msgs/srv/MultiSpawn_Request.msg
[1.216s] -- Up-to-date: /home/lsm/ros2_humble/install/my_first_package_msgs/share/my_first_package_msgs/srv/MultiSpawn_Response.msg
[1.216s] -- Up-to-date: /home/lsm/ros2_humble/install/my_first_package_msgs/share/my_first_package_msgs/action/DistTurtle.action
[1.216s] -- Up-to-date: /home/lsm/ros2_humble/install/my_first_package_msgs/share/ament_index/resource_index/package_run_dependencies/my_first_package_msgs
[1.216s] -- Up-to-date: /home/lsm/ros2_humble/install/my_first_package_msgs/share/ament_index/resource_index/parent_prefix_path/my_first_package_msgs
[1.217s] -- Up-to-date: /home/lsm/ros2_humble/install/my_first_package_msgs/share/my_first_package_msgs/environment/ament_prefix_path.sh
[1.217s] -- Up-to-date: /home/lsm/ros2_humble/install/my_first_package_msgs/share/my_first_package_msgs/environment/ament_prefix_path.dsv
[1.217s] -- Up-to-date: /home/lsm/ros2_humble/install/my_first_package_msgs/share/my_first_package_msgs/environment/path.sh
[1.217s] -- Up-to-date: /home/lsm/ros2_humble/install/my_first_package_msgs/share/my_first_package_msgs/environment/path.dsv
[1.218s] -- Up-to-date: /home/lsm/ros2_humble/install/my_first_package_msgs/share/my_first_package_msgs/local_setup.bash
[1.218s] -- Up-to-date: /home/lsm/ros2_humble/install/my_first_package_msgs/share/my_first_package_msgs/local_setup.sh
[1.218s] -- Up-to-date: /home/lsm/ros2_humble/install/my_first_package_msgs/share/my_first_package_msgs/local_setup.zsh
[1.218s] -- Up-to-date: /home/lsm/ros2_humble/install/my_first_package_msgs/share/my_first_package_msgs/local_setup.dsv
[1.219s] -- Installing: /home/lsm/ros2_humble/install/my_first_package_msgs/share/my_first_package_msgs/package.dsv
[1.219s] -- Up-to-date: /home/lsm/ros2_humble/install/my_first_package_msgs/share/ament_index/resource_index/packages/my_first_package_msgs
[1.219s] -- Up-to-date: /home/lsm/ros2_humble/install/my_first_package_msgs/share/my_first_package_msgs/cmake/export_my_first_package_msgs__rosidl_generator_cExport.cmake
[1.219s] -- Up-to-date: /home/lsm/ros2_humble/install/my_first_package_msgs/share/my_first_package_msgs/cmake/export_my_first_package_msgs__rosidl_generator_cExport-noconfig.cmake
[1.220s] -- Up-to-date: /home/lsm/ros2_humble/install/my_first_package_msgs/share/my_first_package_msgs/cmake/export_my_first_package_msgs__rosidl_typesupport_fastrtps_cExport.cmake
[1.220s] -- Up-to-date: /home/lsm/ros2_humble/install/my_first_package_msgs/share/my_first_package_msgs/cmake/export_my_first_package_msgs__rosidl_typesupport_fastrtps_cExport-noconfig.cmake
[1.220s] -- Up-to-date: /home/lsm/ros2_humble/install/my_first_package_msgs/share/my_first_package_msgs/cmake/my_first_package_msgs__rosidl_typesupport_introspection_cExport.cmake
[1.220s] -- Up-to-date: /home/lsm/ros2_humble/install/my_first_package_msgs/share/my_first_package_msgs/cmake/my_first_package_msgs__rosidl_typesupport_introspection_cExport-noconfig.cmake
[1.221s] -- Up-to-date: /home/lsm/ros2_humble/install/my_first_package_msgs/share/my_first_package_msgs/cmake/my_first_package_msgs__rosidl_typesupport_cExport.cmake
[1.221s] -- Up-to-date: /home/lsm/ros2_humble/install/my_first_package_msgs/share/my_first_package_msgs/cmake/my_first_package_msgs__rosidl_typesupport_cExport-noconfig.cmake
[1.221s] -- Up-to-date: /home/lsm/ros2_humble/install/my_first_package_msgs/share/my_first_package_msgs/cmake/export_my_first_package_msgs__rosidl_generator_cppExport.cmake
[1.221s] -- Up-to-date: /home/lsm/ros2_humble/install/my_first_package_msgs/share/my_first_package_msgs/cmake/export_my_first_package_msgs__rosidl_typesupport_fastrtps_cppExport.cmake
[1.221s] -- Up-to-date: /home/lsm/ros2_humble/install/my_first_package_msgs/share/my_first_package_msgs/cmake/export_my_first_package_msgs__rosidl_typesupport_fastrtps_cppExport-noconfig.cmake
[1.222s] -- Up-to-date: /home/lsm/ros2_humble/install/my_first_package_msgs/share/my_first_package_msgs/cmake/my_first_package_msgs__rosidl_typesupport_introspection_cppExport.cmake
[1.222s] -- Up-to-date: /home/lsm/ros2_humble/install/my_first_package_msgs/share/my_first_package_msgs/cmake/my_first_package_msgs__rosidl_typesupport_introspection_cppExport-noconfig.cmake
[1.222s] -- Up-to-date: /home/lsm/ros2_humble/install/my_first_package_msgs/share/my_first_package_msgs/cmake/my_first_package_msgs__rosidl_typesupport_cppExport.cmake
[1.222s] -- Up-to-date: /home/lsm/ros2_humble/install/my_first_package_msgs/share/my_first_package_msgs/cmake/my_first_package_msgs__rosidl_typesupport_cppExport-noconfig.cmake
[1.222s] -- Up-to-date: /home/lsm/ros2_humble/install/my_first_package_msgs/share/my_first_package_msgs/cmake/export_my_first_package_msgs__rosidl_generator_pyExport.cmake
[1.223s] -- Up-to-date: /home/lsm/ros2_humble/install/my_first_package_msgs/share/my_first_package_msgs/cmake/export_my_first_package_msgs__rosidl_generator_pyExport-noconfig.cmake
[1.223s] -- Up-to-date: /home/lsm/ros2_humble/install/my_first_package_msgs/share/my_first_package_msgs/cmake/rosidl_cmake-extras.cmake
[1.223s] -- Up-to-date: /home/lsm/ros2_humble/install/my_first_package_msgs/share/my_first_package_msgs/cmake/ament_cmake_export_dependencies-extras.cmake
[1.223s] -- Up-to-date: /home/lsm/ros2_humble/install/my_first_package_msgs/share/my_first_package_msgs/cmake/ament_cmake_export_include_directories-extras.cmake
[1.224s] -- Up-to-date: /home/lsm/ros2_humble/install/my_first_package_msgs/share/my_first_package_msgs/cmake/ament_cmake_export_libraries-extras.cmake
[1.224s] -- Up-to-date: /home/lsm/ros2_humble/install/my_first_package_msgs/share/my_first_package_msgs/cmake/ament_cmake_export_targets-extras.cmake
[1.225s] -- Up-to-date: /home/lsm/ros2_humble/install/my_first_package_msgs/share/my_first_package_msgs/cmake/rosidl_cmake_export_typesupport_targets-extras.cmake
[1.225s] -- Up-to-date: /home/lsm/ros2_humble/install/my_first_package_msgs/share/my_first_package_msgs/cmake/rosidl_cmake_export_typesupport_libraries-extras.cmake
[1.226s] -- Up-to-date: /home/lsm/ros2_humble/install/my_first_package_msgs/share/my_first_package_msgs/cmake/my_first_package_msgsConfig.cmake
[1.226s] -- Up-to-date: /home/lsm/ros2_humble/install/my_first_package_msgs/share/my_first_package_msgs/cmake/my_first_package_msgsConfig-version.cmake
[1.227s] -- Up-to-date: /home/lsm/ros2_humble/install/my_first_package_msgs/share/my_first_package_msgs/package.xml
[1.227s] Invoked command in '/home/lsm/ros2_humble/build/my_first_package_msgs' returned '0': CMAKE_PREFIX_PATH=${CMAKE_PREFIX_PATH}:/home/lsm/ros2_humble/install/my_first_package:/opt/ros/humble /usr/bin/cmake --install /home/lsm/ros2_humble/build/my_first_package_msgs
