[0.298s] Invoking command in '/home/lsm/ros2_humble/build/my_first_package_msgs': CMAKE_PREFIX_PATH=${CMAKE_PREFIX_PATH}:/home/lsm/ros2_humble/install/my_first_package:/opt/ros/humble /usr/bin/cmake --build /home/lsm/ros2_humble/build/my_first_package_msgs -- -j16 -l16
[0.368s] [  2%] Built target my_first_package_msgs__cpp
[0.369s] [ 12%] Built target my_first_package_msgs__rosidl_generator_c
[0.382s] [ 12%] Built target ament_cmake_python_copy_my_first_package_msgs
[0.397s] [ 65%] Built target my_first_package_msgs__rosidl_typesupport_fastrtps_cpp
[0.398s] [ 65%] Built target my_first_package_msgs__rosidl_typesupport_introspection_c
[0.398s] [ 65%] Built target my_first_package_msgs__rosidl_typesupport_cpp
[0.398s] [ 65%] Built target my_first_package_msgs__rosidl_typesupport_c
[0.398s] [ 76%] Built target my_first_package_msgs__rosidl_typesupport_fastrtps_c
[0.398s] [ 76%] Built target my_first_package_msgs__rosidl_typesupport_introspection_cpp
[0.428s] [ 76%] Built target my_first_package_msgs
[0.459s] [ 78%] Built target my_first_package_msgs__py
[0.490s] [ 87%] Built target my_first_package_msgs__rosidl_generator_py
[0.514s] [100%] Built target my_first_package_msgs__rosidl_typesupport_introspection_c__pyext
[0.514s] [100%] Built target my_first_package_msgs__rosidl_typesupport_c__pyext
[0.514s] [100%] Built target my_first_package_msgs__rosidl_typesupport_fastrtps_c__pyext
[0.678s] running egg_info
[0.678s] writing my_first_package_msgs.egg-info/PKG-INFO
[0.679s] writing dependency_links to my_first_package_msgs.egg-info/dependency_links.txt
[0.679s] writing top-level names to my_first_package_msgs.egg-info/top_level.txt
[0.682s] reading manifest file 'my_first_package_msgs.egg-info/SOURCES.txt'
[0.683s] writing manifest file 'my_first_package_msgs.egg-info/SOURCES.txt'
[0.720s] [100%] Built target ament_cmake_python_build_my_first_package_msgs_egg
[0.740s] Invoked command in '/home/lsm/ros2_humble/build/my_first_package_msgs' returned '0': CMAKE_PREFIX_PATH=${CMAKE_PREFIX_PATH}:/home/lsm/ros2_humble/install/my_first_package:/opt/ros/humble /usr/bin/cmake --build /home/lsm/ros2_humble/build/my_first_package_msgs -- -j16 -l16
[1.014s] Invoking command in '/home/lsm/ros2_humble/build/my_first_package_msgs': CMAKE_PREFIX_PATH=${CMAKE_PREFIX_PATH}:/home/lsm/ros2_humble/install/my_first_package:/opt/ros/humble /usr/bin/cmake --install /home/lsm/ros2_humble/build/my_first_package_msgs
[1.045s] -- Install configuration: ""
[1.045s] -- Up-to-date: /home/lsm/ros2_humble/install/my_first_package_msgs/share/ament_index/resource_index/rosidl_interfaces/my_first_package_msgs
[1.046s] -- Up-to-date: /home/lsm/ros2_humble/install/my_first_package_msgs/include/my_first_package_msgs/my_first_package_msgs
[1.046s] -- Up-to-date: /home/lsm/ros2_humble/install/my_first_package_msgs/include/my_first_package_msgs/my_first_package_msgs/msg
[1.046s] -- Up-to-date: /home/lsm/ros2_humble/install/my_first_package_msgs/include/my_first_package_msgs/my_first_package_msgs/msg/rosidl_generator_c__visibility_control.h
[1.047s] -- Up-to-date: /home/lsm/ros2_humble/install/my_first_package_msgs/include/my_first_package_msgs/my_first_package_msgs/msg/detail
[1.047s] -- Up-to-date: /home/lsm/ros2_humble/install/my_first_package_msgs/include/my_first_package_msgs/my_first_package_msgs/msg/detail/cmd_and_pose_vel__struct.h
[1.047s] -- Up-to-date: /home/lsm/ros2_humble/install/my_first_package_msgs/include/my_first_package_msgs/my_first_package_msgs/msg/detail/cmd_and_pose_vel__functions.h
[1.048s] -- Up-to-date: /home/lsm/ros2_humble/install/my_first_package_msgs/include/my_first_package_msgs/my_first_package_msgs/msg/detail/cmd_and_pose_vel__functions.c
[1.048s] -- Up-to-date: /home/lsm/ros2_humble/install/my_first_package_msgs/include/my_first_package_msgs/my_first_package_msgs/msg/detail/cmd_and_pose_vel__type_support.h
[1.048s] -- Up-to-date: /home/lsm/ros2_humble/install/my_first_package_msgs/include/my_first_package_msgs/my_first_package_msgs/msg/cmd_and_pose_vel.h
[1.048s] -- Up-to-date: /home/lsm/ros2_humble/install/my_first_package_msgs/include/my_first_package_msgs/my_first_package_msgs/action
[1.049s] -- Up-to-date: /home/lsm/ros2_humble/install/my_first_package_msgs/include/my_first_package_msgs/my_first_package_msgs/action/dist_turtle.h
[1.049s] -- Up-to-date: /home/lsm/ros2_humble/install/my_first_package_msgs/include/my_first_package_msgs/my_first_package_msgs/action/detail
[1.049s] -- Up-to-date: /home/lsm/ros2_humble/install/my_first_package_msgs/include/my_first_package_msgs/my_first_package_msgs/action/detail/dist_turtle__type_support.h
[1.049s] -- Up-to-date: /home/lsm/ros2_humble/install/my_first_package_msgs/include/my_first_package_msgs/my_first_package_msgs/action/detail/dist_turtle__functions.h
[1.050s] -- Up-to-date: /home/lsm/ros2_humble/install/my_first_package_msgs/include/my_first_package_msgs/my_first_package_msgs/action/detail/dist_turtle__functions.c
[1.050s] -- Up-to-date: /home/lsm/ros2_humble/install/my_first_package_msgs/include/my_first_package_msgs/my_first_package_msgs/action/detail/dist_turtle__struct.h
[1.050s] -- Up-to-date: /home/lsm/ros2_humble/install/my_first_package_msgs/include/my_first_package_msgs/my_first_package_msgs/srv
[1.051s] -- Up-to-date: /home/lsm/ros2_humble/install/my_first_package_msgs/include/my_first_package_msgs/my_first_package_msgs/srv/multi_spawn.h
[1.052s] -- Up-to-date: /home/lsm/ros2_humble/install/my_first_package_msgs/include/my_first_package_msgs/my_first_package_msgs/srv/detail
[1.052s] -- Up-to-date: /home/lsm/ros2_humble/install/my_first_package_msgs/include/my_first_package_msgs/my_first_package_msgs/srv/detail/multi_spawn__type_support.h
[1.053s] -- Up-to-date: /home/lsm/ros2_humble/install/my_first_package_msgs/include/my_first_package_msgs/my_first_package_msgs/srv/detail/multi_spawn__struct.h
[1.054s] -- Up-to-date: /home/lsm/ros2_humble/install/my_first_package_msgs/include/my_first_package_msgs/my_first_package_msgs/srv/detail/multi_spawn__functions.h
[1.054s] -- Up-to-date: /home/lsm/ros2_humble/install/my_first_package_msgs/include/my_first_package_msgs/my_first_package_msgs/srv/detail/multi_spawn__functions.c
[1.054s] -- Up-to-date: /home/lsm/ros2_humble/install/my_first_package_msgs/share/my_first_package_msgs/environment/library_path.sh
[1.055s] -- Up-to-date: /home/lsm/ros2_humble/install/my_first_package_msgs/share/my_first_package_msgs/environment/library_path.dsv
[1.055s] -- Up-to-date: /home/lsm/ros2_humble/install/my_first_package_msgs/lib/libmy_first_package_msgs__rosidl_generator_c.so
[1.055s] -- Up-to-date: /home/lsm/ros2_humble/install/my_first_package_msgs/include/my_first_package_msgs/my_first_package_msgs
[1.055s] -- Up-to-date: /home/lsm/ros2_humble/install/my_first_package_msgs/include/my_first_package_msgs/my_first_package_msgs/msg
[1.055s] -- Up-to-date: /home/lsm/ros2_humble/install/my_first_package_msgs/include/my_first_package_msgs/my_first_package_msgs/msg/rosidl_typesupport_fastrtps_c__visibility_control.h
[1.055s] -- Up-to-date: /home/lsm/ros2_humble/install/my_first_package_msgs/include/my_first_package_msgs/my_first_package_msgs/msg/detail
[1.056s] -- Up-to-date: /home/lsm/ros2_humble/install/my_first_package_msgs/include/my_first_package_msgs/my_first_package_msgs/msg/detail/cmd_and_pose_vel__rosidl_typesupport_fastrtps_c.h
[1.056s] -- Up-to-date: /home/lsm/ros2_humble/install/my_first_package_msgs/include/my_first_package_msgs/my_first_package_msgs/action
[1.056s] -- Up-to-date: /home/lsm/ros2_humble/install/my_first_package_msgs/include/my_first_package_msgs/my_first_package_msgs/action/detail
[1.056s] -- Up-to-date: /home/lsm/ros2_humble/install/my_first_package_msgs/include/my_first_package_msgs/my_first_package_msgs/action/detail/dist_turtle__rosidl_typesupport_fastrtps_c.h
[1.057s] -- Up-to-date: /home/lsm/ros2_humble/install/my_first_package_msgs/include/my_first_package_msgs/my_first_package_msgs/srv
[1.057s] -- Up-to-date: /home/lsm/ros2_humble/install/my_first_package_msgs/include/my_first_package_msgs/my_first_package_msgs/srv/detail
[1.057s] -- Up-to-date: /home/lsm/ros2_humble/install/my_first_package_msgs/include/my_first_package_msgs/my_first_package_msgs/srv/detail/multi_spawn__rosidl_typesupport_fastrtps_c.h
[1.057s] -- Up-to-date: /home/lsm/ros2_humble/install/my_first_package_msgs/lib/libmy_first_package_msgs__rosidl_typesupport_fastrtps_c.so
[1.057s] -- Up-to-date: /home/lsm/ros2_humble/install/my_first_package_msgs/include/my_first_package_msgs/my_first_package_msgs
[1.058s] -- Up-to-date: /home/lsm/ros2_humble/install/my_first_package_msgs/include/my_first_package_msgs/my_first_package_msgs/msg
[1.058s] -- Up-to-date: /home/lsm/ros2_humble/install/my_first_package_msgs/include/my_first_package_msgs/my_first_package_msgs/msg/rosidl_typesupport_introspection_c__visibility_control.h
[1.058s] -- Up-to-date: /home/lsm/ros2_humble/install/my_first_package_msgs/include/my_first_package_msgs/my_first_package_msgs/msg/detail
[1.059s] -- Up-to-date: /home/lsm/ros2_humble/install/my_first_package_msgs/include/my_first_package_msgs/my_first_package_msgs/msg/detail/cmd_and_pose_vel__rosidl_typesupport_introspection_c.h
[1.059s] -- Up-to-date: /home/lsm/ros2_humble/install/my_first_package_msgs/include/my_first_package_msgs/my_first_package_msgs/msg/detail/cmd_and_pose_vel__type_support.c
[1.059s] -- Up-to-date: /home/lsm/ros2_humble/install/my_first_package_msgs/include/my_first_package_msgs/my_first_package_msgs/action
[1.059s] -- Up-to-date: /home/lsm/ros2_humble/install/my_first_package_msgs/include/my_first_package_msgs/my_first_package_msgs/action/detail
[1.060s] -- Up-to-date: /home/lsm/ros2_humble/install/my_first_package_msgs/include/my_first_package_msgs/my_first_package_msgs/action/detail/dist_turtle__rosidl_typesupport_introspection_c.h
[1.060s] -- Up-to-date: /home/lsm/ros2_humble/install/my_first_package_msgs/include/my_first_package_msgs/my_first_package_msgs/action/detail/dist_turtle__type_support.c
[1.060s] -- Up-to-date: /home/lsm/ros2_humble/install/my_first_package_msgs/include/my_first_package_msgs/my_first_package_msgs/srv
[1.060s] -- Up-to-date: /home/lsm/ros2_humble/install/my_first_package_msgs/include/my_first_package_msgs/my_first_package_msgs/srv/detail
[1.060s] -- Up-to-date: /home/lsm/ros2_humble/install/my_first_package_msgs/include/my_first_package_msgs/my_first_package_msgs/srv/detail/multi_spawn__rosidl_typesupport_introspection_c.h
[1.060s] -- Up-to-date: /home/lsm/ros2_humble/install/my_first_package_msgs/include/my_first_package_msgs/my_first_package_msgs/srv/detail/multi_spawn__type_support.c
[1.061s] -- Up-to-date: /home/lsm/ros2_humble/install/my_first_package_msgs/lib/libmy_first_package_msgs__rosidl_typesupport_introspection_c.so
[1.061s] -- Up-to-date: /home/lsm/ros2_humble/install/my_first_package_msgs/lib/libmy_first_package_msgs__rosidl_typesupport_c.so
[1.061s] -- Up-to-date: /home/lsm/ros2_humble/install/my_first_package_msgs/include/my_first_package_msgs/my_first_package_msgs
[1.061s] -- Up-to-date: /home/lsm/ros2_humble/install/my_first_package_msgs/include/my_first_package_msgs/my_first_package_msgs/msg
[1.061s] -- Up-to-date: /home/lsm/ros2_humble/install/my_first_package_msgs/include/my_first_package_msgs/my_first_package_msgs/msg/cmd_and_pose_vel.hpp
[1.062s] -- Up-to-date: /home/lsm/ros2_humble/install/my_first_package_msgs/include/my_first_package_msgs/my_first_package_msgs/msg/detail
[1.062s] -- Up-to-date: /home/lsm/ros2_humble/install/my_first_package_msgs/include/my_first_package_msgs/my_first_package_msgs/msg/detail/cmd_and_pose_vel__builder.hpp
[1.063s] -- Up-to-date: /home/lsm/ros2_humble/install/my_first_package_msgs/include/my_first_package_msgs/my_first_package_msgs/msg/detail/cmd_and_pose_vel__traits.hpp
[1.063s] -- Up-to-date: /home/lsm/ros2_humble/install/my_first_package_msgs/include/my_first_package_msgs/my_first_package_msgs/msg/detail/cmd_and_pose_vel__struct.hpp
[1.063s] -- Up-to-date: /home/lsm/ros2_humble/install/my_first_package_msgs/include/my_first_package_msgs/my_first_package_msgs/action
[1.063s] -- Up-to-date: /home/lsm/ros2_humble/install/my_first_package_msgs/include/my_first_package_msgs/my_first_package_msgs/action/dist_turtle.hpp
[1.064s] -- Up-to-date: /home/lsm/ros2_humble/install/my_first_package_msgs/include/my_first_package_msgs/my_first_package_msgs/action/detail
[1.064s] -- Up-to-date: /home/lsm/ros2_humble/install/my_first_package_msgs/include/my_first_package_msgs/my_first_package_msgs/action/detail/dist_turtle__builder.hpp
[1.064s] -- Up-to-date: /home/lsm/ros2_humble/install/my_first_package_msgs/include/my_first_package_msgs/my_first_package_msgs/action/detail/dist_turtle__struct.hpp
[1.065s] -- Up-to-date: /home/lsm/ros2_humble/install/my_first_package_msgs/include/my_first_package_msgs/my_first_package_msgs/action/detail/dist_turtle__traits.hpp
[1.065s] -- Up-to-date: /home/lsm/ros2_humble/install/my_first_package_msgs/include/my_first_package_msgs/my_first_package_msgs/srv
[1.065s] -- Up-to-date: /home/lsm/ros2_humble/install/my_first_package_msgs/include/my_first_package_msgs/my_first_package_msgs/srv/multi_spawn.hpp
[1.066s] -- Up-to-date: /home/lsm/ros2_humble/install/my_first_package_msgs/include/my_first_package_msgs/my_first_package_msgs/srv/detail
[1.066s] -- Up-to-date: /home/lsm/ros2_humble/install/my_first_package_msgs/include/my_first_package_msgs/my_first_package_msgs/srv/detail/multi_spawn__traits.hpp
[1.066s] -- Up-to-date: /home/lsm/ros2_humble/install/my_first_package_msgs/include/my_first_package_msgs/my_first_package_msgs/srv/detail/multi_spawn__struct.hpp
[1.066s] -- Up-to-date: /home/lsm/ros2_humble/install/my_first_package_msgs/include/my_first_package_msgs/my_first_package_msgs/srv/detail/multi_spawn__builder.hpp
[1.067s] -- Up-to-date: /home/lsm/ros2_humble/install/my_first_package_msgs/include/my_first_package_msgs/my_first_package_msgs
[1.067s] -- Up-to-date: /home/lsm/ros2_humble/install/my_first_package_msgs/include/my_first_package_msgs/my_first_package_msgs/msg
[1.067s] -- Up-to-date: /home/lsm/ros2_humble/install/my_first_package_msgs/include/my_first_package_msgs/my_first_package_msgs/msg/rosidl_typesupport_fastrtps_cpp__visibility_control.h
[1.067s] -- Up-to-date: /home/lsm/ros2_humble/install/my_first_package_msgs/include/my_first_package_msgs/my_first_package_msgs/msg/detail
[1.068s] -- Up-to-date: /home/lsm/ros2_humble/install/my_first_package_msgs/include/my_first_package_msgs/my_first_package_msgs/msg/detail/cmd_and_pose_vel__rosidl_typesupport_fastrtps_cpp.hpp
[1.068s] -- Up-to-date: /home/lsm/ros2_humble/install/my_first_package_msgs/include/my_first_package_msgs/my_first_package_msgs/msg/detail/dds_fastrtps
[1.068s] -- Up-to-date: /home/lsm/ros2_humble/install/my_first_package_msgs/include/my_first_package_msgs/my_first_package_msgs/action
[1.069s] -- Up-to-date: /home/lsm/ros2_humble/install/my_first_package_msgs/include/my_first_package_msgs/my_first_package_msgs/action/detail
[1.069s] -- Up-to-date: /home/lsm/ros2_humble/install/my_first_package_msgs/include/my_first_package_msgs/my_first_package_msgs/action/detail/dist_turtle__rosidl_typesupport_fastrtps_cpp.hpp
[1.069s] -- Up-to-date: /home/lsm/ros2_humble/install/my_first_package_msgs/include/my_first_package_msgs/my_first_package_msgs/action/detail/dds_fastrtps
[1.069s] -- Up-to-date: /home/lsm/ros2_humble/install/my_first_package_msgs/include/my_first_package_msgs/my_first_package_msgs/srv
[1.069s] -- Up-to-date: /home/lsm/ros2_humble/install/my_first_package_msgs/include/my_first_package_msgs/my_first_package_msgs/srv/detail
[1.070s] -- Up-to-date: /home/lsm/ros2_humble/install/my_first_package_msgs/include/my_first_package_msgs/my_first_package_msgs/srv/detail/multi_spawn__rosidl_typesupport_fastrtps_cpp.hpp
[1.070s] -- Up-to-date: /home/lsm/ros2_humble/install/my_first_package_msgs/include/my_first_package_msgs/my_first_package_msgs/srv/detail/dds_fastrtps
[1.070s] -- Up-to-date: /home/lsm/ros2_humble/install/my_first_package_msgs/lib/libmy_first_package_msgs__rosidl_typesupport_fastrtps_cpp.so
[1.070s] -- Up-to-date: /home/lsm/ros2_humble/install/my_first_package_msgs/include/my_first_package_msgs/my_first_package_msgs
[1.070s] -- Up-to-date: /home/lsm/ros2_humble/install/my_first_package_msgs/include/my_first_package_msgs/my_first_package_msgs/msg
[1.071s] -- Up-to-date: /home/lsm/ros2_humble/install/my_first_package_msgs/include/my_first_package_msgs/my_first_package_msgs/msg/detail
[1.071s] -- Up-to-date: /home/lsm/ros2_humble/install/my_first_package_msgs/include/my_first_package_msgs/my_first_package_msgs/msg/detail/cmd_and_pose_vel__rosidl_typesupport_introspection_cpp.hpp
[1.071s] -- Up-to-date: /home/lsm/ros2_humble/install/my_first_package_msgs/include/my_first_package_msgs/my_first_package_msgs/msg/detail/cmd_and_pose_vel__type_support.cpp
[1.072s] -- Up-to-date: /home/lsm/ros2_humble/install/my_first_package_msgs/include/my_first_package_msgs/my_first_package_msgs/action
[1.072s] -- Up-to-date: /home/lsm/ros2_humble/install/my_first_package_msgs/include/my_first_package_msgs/my_first_package_msgs/action/detail
[1.072s] -- Up-to-date: /home/lsm/ros2_humble/install/my_first_package_msgs/include/my_first_package_msgs/my_first_package_msgs/action/detail/dist_turtle__rosidl_typesupport_introspection_cpp.hpp
[1.073s] -- Up-to-date: /home/lsm/ros2_humble/install/my_first_package_msgs/include/my_first_package_msgs/my_first_package_msgs/action/detail/dist_turtle__type_support.cpp
[1.073s] -- Up-to-date: /home/lsm/ros2_humble/install/my_first_package_msgs/include/my_first_package_msgs/my_first_package_msgs/srv
[1.073s] -- Up-to-date: /home/lsm/ros2_humble/install/my_first_package_msgs/include/my_first_package_msgs/my_first_package_msgs/srv/detail
[1.074s] -- Up-to-date: /home/lsm/ros2_humble/install/my_first_package_msgs/include/my_first_package_msgs/my_first_package_msgs/srv/detail/multi_spawn__rosidl_typesupport_introspection_cpp.hpp
[1.074s] -- Up-to-date: /home/lsm/ros2_humble/install/my_first_package_msgs/include/my_first_package_msgs/my_first_package_msgs/srv/detail/multi_spawn__type_support.cpp
[1.074s] -- Up-to-date: /home/lsm/ros2_humble/install/my_first_package_msgs/lib/libmy_first_package_msgs__rosidl_typesupport_introspection_cpp.so
[1.074s] -- Up-to-date: /home/lsm/ros2_humble/install/my_first_package_msgs/lib/libmy_first_package_msgs__rosidl_typesupport_cpp.so
[1.074s] -- Up-to-date: /home/lsm/ros2_humble/install/my_first_package_msgs/share/my_first_package_msgs/environment/pythonpath.sh
[1.074s] -- Up-to-date: /home/lsm/ros2_humble/install/my_first_package_msgs/share/my_first_package_msgs/environment/pythonpath.dsv
[1.075s] -- Up-to-date: /home/lsm/ros2_humble/install/my_first_package_msgs/local/lib/python3.10/dist-packages/my_first_package_msgs-0.0.0-py3.10.egg-info
[1.075s] -- Installing: /home/lsm/ros2_humble/install/my_first_package_msgs/local/lib/python3.10/dist-packages/my_first_package_msgs-0.0.0-py3.10.egg-info/SOURCES.txt
[1.075s] -- Installing: /home/lsm/ros2_humble/install/my_first_package_msgs/local/lib/python3.10/dist-packages/my_first_package_msgs-0.0.0-py3.10.egg-info/PKG-INFO
[1.075s] -- Installing: /home/lsm/ros2_humble/install/my_first_package_msgs/local/lib/python3.10/dist-packages/my_first_package_msgs-0.0.0-py3.10.egg-info/top_level.txt
[1.076s] -- Installing: /home/lsm/ros2_humble/install/my_first_package_msgs/local/lib/python3.10/dist-packages/my_first_package_msgs-0.0.0-py3.10.egg-info/dependency_links.txt
[1.076s] -- Up-to-date: /home/lsm/ros2_humble/install/my_first_package_msgs/local/lib/python3.10/dist-packages/my_first_package_msgs
[1.076s] -- Up-to-date: /home/lsm/ros2_humble/install/my_first_package_msgs/local/lib/python3.10/dist-packages/my_first_package_msgs/my_first_package_msgs_s__rosidl_typesupport_introspection_c.cpython-310-x86_64-linux-gnu.so
[1.076s] -- Up-to-date: /home/lsm/ros2_humble/install/my_first_package_msgs/local/lib/python3.10/dist-packages/my_first_package_msgs/libmy_first_package_msgs__rosidl_generator_py.so
[1.077s] -- Up-to-date: /home/lsm/ros2_humble/install/my_first_package_msgs/local/lib/python3.10/dist-packages/my_first_package_msgs/msg
[1.077s] -- Up-to-date: /home/lsm/ros2_humble/install/my_first_package_msgs/local/lib/python3.10/dist-packages/my_first_package_msgs/msg/_cmd_and_pose_vel_s.c
[1.077s] -- Up-to-date: /home/lsm/ros2_humble/install/my_first_package_msgs/local/lib/python3.10/dist-packages/my_first_package_msgs/msg/_cmd_and_pose_vel.py
[1.077s] -- Up-to-date: /home/lsm/ros2_humble/install/my_first_package_msgs/local/lib/python3.10/dist-packages/my_first_package_msgs/msg/__init__.py
[1.077s] -- Up-to-date: /home/lsm/ros2_humble/install/my_first_package_msgs/local/lib/python3.10/dist-packages/my_first_package_msgs/_my_first_package_msgs_s.ep.rosidl_typesupport_c.c
[1.078s] -- Up-to-date: /home/lsm/ros2_humble/install/my_first_package_msgs/local/lib/python3.10/dist-packages/my_first_package_msgs/_my_first_package_msgs_s.ep.rosidl_typesupport_introspection_c.c
[1.078s] -- Up-to-date: /home/lsm/ros2_humble/install/my_first_package_msgs/local/lib/python3.10/dist-packages/my_first_package_msgs/my_first_package_msgs_s__rosidl_typesupport_c.cpython-310-x86_64-linux-gnu.so
[1.078s] -- Up-to-date: /home/lsm/ros2_humble/install/my_first_package_msgs/local/lib/python3.10/dist-packages/my_first_package_msgs/__init__.py
[1.078s] -- Up-to-date: /home/lsm/ros2_humble/install/my_first_package_msgs/local/lib/python3.10/dist-packages/my_first_package_msgs/my_first_package_msgs_s__rosidl_typesupport_fastrtps_c.cpython-310-x86_64-linux-gnu.so
[1.079s] -- Up-to-date: /home/lsm/ros2_humble/install/my_first_package_msgs/local/lib/python3.10/dist-packages/my_first_package_msgs/_my_first_package_msgs_s.ep.rosidl_typesupport_fastrtps_c.c
[1.079s] -- Up-to-date: /home/lsm/ros2_humble/install/my_first_package_msgs/local/lib/python3.10/dist-packages/my_first_package_msgs/action
[1.079s] -- Up-to-date: /home/lsm/ros2_humble/install/my_first_package_msgs/local/lib/python3.10/dist-packages/my_first_package_msgs/action/_dist_turtle_s.c
[1.079s] -- Up-to-date: /home/lsm/ros2_humble/install/my_first_package_msgs/local/lib/python3.10/dist-packages/my_first_package_msgs/action/__init__.py
[1.079s] -- Up-to-date: /home/lsm/ros2_humble/install/my_first_package_msgs/local/lib/python3.10/dist-packages/my_first_package_msgs/action/_dist_turtle.py
[1.080s] -- Up-to-date: /home/lsm/ros2_humble/install/my_first_package_msgs/local/lib/python3.10/dist-packages/my_first_package_msgs/srv
[1.080s] -- Up-to-date: /home/lsm/ros2_humble/install/my_first_package_msgs/local/lib/python3.10/dist-packages/my_first_package_msgs/srv/_multi_spawn.py
[1.080s] -- Up-to-date: /home/lsm/ros2_humble/install/my_first_package_msgs/local/lib/python3.10/dist-packages/my_first_package_msgs/srv/_multi_spawn_s.c
[1.080s] -- Up-to-date: /home/lsm/ros2_humble/install/my_first_package_msgs/local/lib/python3.10/dist-packages/my_first_package_msgs/srv/__init__.py
[1.154s] Listing '/home/lsm/ros2_humble/install/my_first_package_msgs/local/lib/python3.10/dist-packages/my_first_package_msgs'...
[1.154s] Listing '/home/lsm/ros2_humble/install/my_first_package_msgs/local/lib/python3.10/dist-packages/my_first_package_msgs/action'...
[1.155s] Listing '/home/lsm/ros2_humble/install/my_first_package_msgs/local/lib/python3.10/dist-packages/my_first_package_msgs/msg'...
[1.155s] Listing '/home/lsm/ros2_humble/install/my_first_package_msgs/local/lib/python3.10/dist-packages/my_first_package_msgs/srv'...
[1.165s] -- Up-to-date: /home/lsm/ros2_humble/install/my_first_package_msgs/local/lib/python3.10/dist-packages/my_first_package_msgs/my_first_package_msgs_s__rosidl_typesupport_fastrtps_c.cpython-310-x86_64-linux-gnu.so
[1.166s] -- Up-to-date: /home/lsm/ros2_humble/install/my_first_package_msgs/local/lib/python3.10/dist-packages/my_first_package_msgs/my_first_package_msgs_s__rosidl_typesupport_introspection_c.cpython-310-x86_64-linux-gnu.so
[1.167s] -- Up-to-date: /home/lsm/ros2_humble/install/my_first_package_msgs/local/lib/python3.10/dist-packages/my_first_package_msgs/my_first_package_msgs_s__rosidl_typesupport_c.cpython-310-x86_64-linux-gnu.so
[1.168s] -- Up-to-date: /home/lsm/ros2_humble/install/my_first_package_msgs/lib/libmy_first_package_msgs__rosidl_generator_py.so
[1.169s] -- Up-to-date: /home/lsm/ros2_humble/install/my_first_package_msgs/share/my_first_package_msgs/msg/CmdAndPoseVel.idl
[1.169s] -- Up-to-date: /home/lsm/ros2_humble/install/my_first_package_msgs/share/my_first_package_msgs/srv/MultiSpawn.idl
[1.169s] -- Up-to-date: /home/lsm/ros2_humble/install/my_first_package_msgs/share/my_first_package_msgs/action/DistTurtle.idl
[1.170s] -- Up-to-date: /home/lsm/ros2_humble/install/my_first_package_msgs/share/my_first_package_msgs/msg/CmdAndPoseVel.msg
[1.170s] -- Up-to-date: /home/lsm/ros2_humble/install/my_first_package_msgs/share/my_first_package_msgs/srv/MultiSpawn.srv
[1.170s] -- Up-to-date: /home/lsm/ros2_humble/install/my_first_package_msgs/share/my_first_package_msgs/srv/MultiSpawn_Request.msg
[1.170s] -- Up-to-date: /home/lsm/ros2_humble/install/my_first_package_msgs/share/my_first_package_msgs/srv/MultiSpawn_Response.msg
[1.170s] -- Up-to-date: /home/lsm/ros2_humble/install/my_first_package_msgs/share/my_first_package_msgs/action/DistTurtle.action
[1.171s] -- Up-to-date: /home/lsm/ros2_humble/install/my_first_package_msgs/share/ament_index/resource_index/package_run_dependencies/my_first_package_msgs
[1.171s] -- Up-to-date: /home/lsm/ros2_humble/install/my_first_package_msgs/share/ament_index/resource_index/parent_prefix_path/my_first_package_msgs
[1.171s] -- Up-to-date: /home/lsm/ros2_humble/install/my_first_package_msgs/share/my_first_package_msgs/environment/ament_prefix_path.sh
[1.171s] -- Up-to-date: /home/lsm/ros2_humble/install/my_first_package_msgs/share/my_first_package_msgs/environment/ament_prefix_path.dsv
[1.171s] -- Up-to-date: /home/lsm/ros2_humble/install/my_first_package_msgs/share/my_first_package_msgs/environment/path.sh
[1.171s] -- Up-to-date: /home/lsm/ros2_humble/install/my_first_package_msgs/share/my_first_package_msgs/environment/path.dsv
[1.172s] -- Up-to-date: /home/lsm/ros2_humble/install/my_first_package_msgs/share/my_first_package_msgs/local_setup.bash
[1.172s] -- Up-to-date: /home/lsm/ros2_humble/install/my_first_package_msgs/share/my_first_package_msgs/local_setup.sh
[1.172s] -- Up-to-date: /home/lsm/ros2_humble/install/my_first_package_msgs/share/my_first_package_msgs/local_setup.zsh
[1.172s] -- Up-to-date: /home/lsm/ros2_humble/install/my_first_package_msgs/share/my_first_package_msgs/local_setup.dsv
[1.172s] -- Installing: /home/lsm/ros2_humble/install/my_first_package_msgs/share/my_first_package_msgs/package.dsv
[1.172s] -- Up-to-date: /home/lsm/ros2_humble/install/my_first_package_msgs/share/ament_index/resource_index/packages/my_first_package_msgs
[1.173s] -- Up-to-date: /home/lsm/ros2_humble/install/my_first_package_msgs/share/my_first_package_msgs/cmake/export_my_first_package_msgs__rosidl_generator_cExport.cmake
[1.173s] -- Up-to-date: /home/lsm/ros2_humble/install/my_first_package_msgs/share/my_first_package_msgs/cmake/export_my_first_package_msgs__rosidl_generator_cExport-noconfig.cmake
[1.173s] -- Up-to-date: /home/lsm/ros2_humble/install/my_first_package_msgs/share/my_first_package_msgs/cmake/export_my_first_package_msgs__rosidl_typesupport_fastrtps_cExport.cmake
[1.173s] -- Up-to-date: /home/lsm/ros2_humble/install/my_first_package_msgs/share/my_first_package_msgs/cmake/export_my_first_package_msgs__rosidl_typesupport_fastrtps_cExport-noconfig.cmake
[1.173s] -- Up-to-date: /home/lsm/ros2_humble/install/my_first_package_msgs/share/my_first_package_msgs/cmake/my_first_package_msgs__rosidl_typesupport_introspection_cExport.cmake
[1.174s] -- Up-to-date: /home/lsm/ros2_humble/install/my_first_package_msgs/share/my_first_package_msgs/cmake/my_first_package_msgs__rosidl_typesupport_introspection_cExport-noconfig.cmake
[1.174s] -- Up-to-date: /home/lsm/ros2_humble/install/my_first_package_msgs/share/my_first_package_msgs/cmake/my_first_package_msgs__rosidl_typesupport_cExport.cmake
[1.174s] -- Up-to-date: /home/lsm/ros2_humble/install/my_first_package_msgs/share/my_first_package_msgs/cmake/my_first_package_msgs__rosidl_typesupport_cExport-noconfig.cmake
[1.174s] -- Up-to-date: /home/lsm/ros2_humble/install/my_first_package_msgs/share/my_first_package_msgs/cmake/export_my_first_package_msgs__rosidl_generator_cppExport.cmake
[1.175s] -- Up-to-date: /home/lsm/ros2_humble/install/my_first_package_msgs/share/my_first_package_msgs/cmake/export_my_first_package_msgs__rosidl_typesupport_fastrtps_cppExport.cmake
[1.175s] -- Up-to-date: /home/lsm/ros2_humble/install/my_first_package_msgs/share/my_first_package_msgs/cmake/export_my_first_package_msgs__rosidl_typesupport_fastrtps_cppExport-noconfig.cmake
[1.176s] -- Up-to-date: /home/lsm/ros2_humble/install/my_first_package_msgs/share/my_first_package_msgs/cmake/my_first_package_msgs__rosidl_typesupport_introspection_cppExport.cmake
[1.176s] -- Up-to-date: /home/lsm/ros2_humble/install/my_first_package_msgs/share/my_first_package_msgs/cmake/my_first_package_msgs__rosidl_typesupport_introspection_cppExport-noconfig.cmake
[1.176s] -- Up-to-date: /home/lsm/ros2_humble/install/my_first_package_msgs/share/my_first_package_msgs/cmake/my_first_package_msgs__rosidl_typesupport_cppExport.cmake
[1.177s] -- Up-to-date: /home/lsm/ros2_humble/install/my_first_package_msgs/share/my_first_package_msgs/cmake/my_first_package_msgs__rosidl_typesupport_cppExport-noconfig.cmake
[1.177s] -- Up-to-date: /home/lsm/ros2_humble/install/my_first_package_msgs/share/my_first_package_msgs/cmake/export_my_first_package_msgs__rosidl_generator_pyExport.cmake
[1.177s] -- Up-to-date: /home/lsm/ros2_humble/install/my_first_package_msgs/share/my_first_package_msgs/cmake/export_my_first_package_msgs__rosidl_generator_pyExport-noconfig.cmake
[1.177s] -- Up-to-date: /home/lsm/ros2_humble/install/my_first_package_msgs/share/my_first_package_msgs/cmake/rosidl_cmake-extras.cmake
[1.178s] -- Up-to-date: /home/lsm/ros2_humble/install/my_first_package_msgs/share/my_first_package_msgs/cmake/ament_cmake_export_dependencies-extras.cmake
[1.178s] -- Up-to-date: /home/lsm/ros2_humble/install/my_first_package_msgs/share/my_first_package_msgs/cmake/ament_cmake_export_include_directories-extras.cmake
[1.178s] -- Up-to-date: /home/lsm/ros2_humble/install/my_first_package_msgs/share/my_first_package_msgs/cmake/ament_cmake_export_libraries-extras.cmake
[1.179s] -- Up-to-date: /home/lsm/ros2_humble/install/my_first_package_msgs/share/my_first_package_msgs/cmake/ament_cmake_export_targets-extras.cmake
[1.179s] -- Up-to-date: /home/lsm/ros2_humble/install/my_first_package_msgs/share/my_first_package_msgs/cmake/rosidl_cmake_export_typesupport_targets-extras.cmake
[1.179s] -- Up-to-date: /home/lsm/ros2_humble/install/my_first_package_msgs/share/my_first_package_msgs/cmake/rosidl_cmake_export_typesupport_libraries-extras.cmake
[1.179s] -- Up-to-date: /home/lsm/ros2_humble/install/my_first_package_msgs/share/my_first_package_msgs/cmake/my_first_package_msgsConfig.cmake
[1.180s] -- Up-to-date: /home/lsm/ros2_humble/install/my_first_package_msgs/share/my_first_package_msgs/cmake/my_first_package_msgsConfig-version.cmake
[1.180s] -- Up-to-date: /home/lsm/ros2_humble/install/my_first_package_msgs/share/my_first_package_msgs/package.xml
[1.185s] Invoked command in '/home/lsm/ros2_humble/build/my_first_package_msgs' returned '0': CMAKE_PREFIX_PATH=${CMAKE_PREFIX_PATH}:/home/lsm/ros2_humble/install/my_first_package:/opt/ros/humble /usr/bin/cmake --install /home/lsm/ros2_humble/build/my_first_package_msgs
