[0.667s] Invoking command in '/home/lsm/ros2_humble/src/my_first_package': PYTHONPATH=/home/lsm/ros2_humble/build/my_first_package/prefix_override:/usr/lib/python3/dist-packages/colcon_core/task/python/colcon_distutils_commands:/home/lsm/ros2_humble/install/my_first_package/lib/python3.10/site-packages:${PYTHONPATH} /usr/bin/python3 -W ignore:setup.py install is deprecated setup.py egg_info --egg-base ../../build/my_first_package build --build-base /home/lsm/ros2_humble/build/my_first_package/build install --record /home/lsm/ros2_humble/build/my_first_package/install.log --single-version-externally-managed install_data
[0.840s] running egg_info
[0.840s] writing ../../build/my_first_package/my_first_package.egg-info/PKG-INFO
[0.840s] writing dependency_links to ../../build/my_first_package/my_first_package.egg-info/dependency_links.txt
[0.841s] writing entry points to ../../build/my_first_package/my_first_package.egg-info/entry_points.txt
[0.841s] writing requirements to ../../build/my_first_package/my_first_package.egg-info/requires.txt
[0.841s] writing top-level names to ../../build/my_first_package/my_first_package.egg-info/top_level.txt
[0.842s] reading manifest file '../../build/my_first_package/my_first_package.egg-info/SOURCES.txt'
[0.842s] writing manifest file '../../build/my_first_package/my_first_package.egg-info/SOURCES.txt'
[0.842s] running build
[0.842s] running build_py
[0.843s] copying my_first_package/my_subscriber.py -> /home/lsm/ros2_humble/build/my_first_package/build/lib/my_first_package
[0.843s] running install
[0.843s] running install_lib
[0.843s] copying /home/lsm/ros2_humble/build/my_first_package/build/lib/my_first_package/my_subscriber.py -> /home/lsm/ros2_humble/install/my_first_package/lib/python3.10/site-packages/my_first_package
[0.844s] byte-compiling /home/lsm/ros2_humble/install/my_first_package/lib/python3.10/site-packages/my_first_package/my_subscriber.py to my_subscriber.cpython-310.pyc
[0.844s]   File "/home/lsm/ros2_humble/install/my_first_package/lib/python3.10/site-packages/my_first_package/my_subscriber.py", line 12
[0.844s]     			'turtle1/Pose'
[0.844s]     			^^^^^^^^^^^^^
[0.844s] SyntaxError: invalid syntax. Perhaps you forgot a comma?
[0.844s] 
[0.844s] running install_data
[0.844s] running install_egg_info
[0.845s] removing '/home/lsm/ros2_humble/install/my_first_package/lib/python3.10/site-packages/my_first_package-0.0.0-py3.10.egg-info' (and everything under it)
[0.845s] Copying ../../build/my_first_package/my_first_package.egg-info to /home/lsm/ros2_humble/install/my_first_package/lib/python3.10/site-packages/my_first_package-0.0.0-py3.10.egg-info
[0.846s] running install_scripts
[0.859s] Installing my_first_node = my_first_package.my_first_node:mainmy_subscriber script to /home/lsm/ros2_humble/install/my_first_package/lib/my_first_package
[0.859s] writing list of installed files to '/home/lsm/ros2_humble/build/my_first_package/install.log'
[0.875s] Invoked command in '/home/lsm/ros2_humble/src/my_first_package' returned '0': PYTHONPATH=/home/lsm/ros2_humble/build/my_first_package/prefix_override:/usr/lib/python3/dist-packages/colcon_core/task/python/colcon_distutils_commands:/home/lsm/ros2_humble/install/my_first_package/lib/python3.10/site-packages:${PYTHONPATH} /usr/bin/python3 -W ignore:setup.py install is deprecated setup.py egg_info --egg-base ../../build/my_first_package build --build-base /home/lsm/ros2_humble/build/my_first_package/build install --record /home/lsm/ros2_humble/build/my_first_package/install.log --single-version-externally-managed install_data
