[0.307s] Invoking command in '/home/lsm/ros2_humble/build/my_first_package_msgs': CMAKE_PREFIX_PATH=${CMAKE_PREFIX_PATH}:/home/lsm/ros2_humble/install/my_first_package:/opt/ros/humble /usr/bin/cmake --build /home/lsm/ros2_humble/build/my_first_package_msgs -- -j16 -l16
[0.374s] [ 10%] Built target my_first_package_msgs__rosidl_generator_c
[0.374s] [ 12%] Built target my_first_package_msgs__cpp
[0.385s] [ 12%] Built target ament_cmake_python_copy_my_first_package_msgs
[0.398s] [ 27%] Built target my_first_package_msgs__rosidl_typesupport_introspection_c
[0.398s] [ 36%] Built target my_first_package_msgs__rosidl_typesupport_c
[0.399s] [ 44%] Built target my_first_package_msgs__rosidl_typesupport_fastrtps_c
[0.400s] [ 55%] Built target my_first_package_msgs__rosidl_typesupport_fastrtps_cpp
[0.401s] [ 65%] Built target my_first_package_msgs__rosidl_typesupport_introspection_cpp
[0.417s] [ 76%] Built target my_first_package_msgs__rosidl_typesupport_cpp
[0.454s] [ 76%] Built target my_first_package_msgs
[0.490s] [ 78%] Built target my_first_package_msgs__py
[0.531s] [ 87%] Built target my_first_package_msgs__rosidl_generator_py
[0.577s] [ 97%] Built target my_first_package_msgs__rosidl_typesupport_fastrtps_c__pyext
[0.577s] [ 97%] Built target my_first_package_msgs__rosidl_typesupport_introspection_c__pyext
[0.578s] [100%] Built target my_first_package_msgs__rosidl_typesupport_c__pyext
[0.765s] running egg_info
[0.766s] writing my_first_package_msgs.egg-info/PKG-INFO
[0.767s] writing dependency_links to my_first_package_msgs.egg-info/dependency_links.txt
[0.767s] writing top-level names to my_first_package_msgs.egg-info/top_level.txt
[0.770s] reading manifest file 'my_first_package_msgs.egg-info/SOURCES.txt'
[0.771s] writing manifest file 'my_first_package_msgs.egg-info/SOURCES.txt'
[0.810s] [100%] Built target ament_cmake_python_build_my_first_package_msgs_egg
[0.835s] Invoked command in '/home/lsm/ros2_humble/build/my_first_package_msgs' returned '0': CMAKE_PREFIX_PATH=${CMAKE_PREFIX_PATH}:/home/lsm/ros2_humble/install/my_first_package:/opt/ros/humble /usr/bin/cmake --build /home/lsm/ros2_humble/build/my_first_package_msgs -- -j16 -l16
[1.156s] Invoking command in '/home/lsm/ros2_humble/build/my_first_package_msgs': CMAKE_PREFIX_PATH=${CMAKE_PREFIX_PATH}:/home/lsm/ros2_humble/install/my_first_package:/opt/ros/humble /usr/bin/cmake --install /home/lsm/ros2_humble/build/my_first_package_msgs
[1.180s] -- Install configuration: ""
[1.180s] -- Up-to-date: /home/lsm/ros2_humble/install/my_first_package_msgs/share/ament_index/resource_index/rosidl_interfaces/my_first_package_msgs
[1.181s] -- Up-to-date: /home/lsm/ros2_humble/install/my_first_package_msgs/include/my_first_package_msgs/my_first_package_msgs
[1.181s] -- Up-to-date: /home/lsm/ros2_humble/install/my_first_package_msgs/include/my_first_package_msgs/my_first_package_msgs/msg
[1.181s] -- Up-to-date: /home/lsm/ros2_humble/install/my_first_package_msgs/include/my_first_package_msgs/my_first_package_msgs/msg/rosidl_generator_c__visibility_control.h
[1.182s] -- Up-to-date: /home/lsm/ros2_humble/install/my_first_package_msgs/include/my_first_package_msgs/my_first_package_msgs/msg/detail
[1.182s] -- Up-to-date: /home/lsm/ros2_humble/install/my_first_package_msgs/include/my_first_package_msgs/my_first_package_msgs/msg/detail/cmd_and_pose_vel__struct.h
[1.182s] -- Up-to-date: /home/lsm/ros2_humble/install/my_first_package_msgs/include/my_first_package_msgs/my_first_package_msgs/msg/detail/cmd_and_pose_vel__functions.h
[1.183s] -- Up-to-date: /home/lsm/ros2_humble/install/my_first_package_msgs/include/my_first_package_msgs/my_first_package_msgs/msg/detail/cmd_and_pose_vel__functions.c
[1.183s] -- Up-to-date: /home/lsm/ros2_humble/install/my_first_package_msgs/include/my_first_package_msgs/my_first_package_msgs/msg/detail/cmd_and_pose_vel__type_support.h
[1.183s] -- Up-to-date: /home/lsm/ros2_humble/install/my_first_package_msgs/include/my_first_package_msgs/my_first_package_msgs/msg/cmd_and_pose_vel.h
[1.183s] -- Up-to-date: /home/lsm/ros2_humble/install/my_first_package_msgs/include/my_first_package_msgs/my_first_package_msgs/action
[1.184s] -- Up-to-date: /home/lsm/ros2_humble/install/my_first_package_msgs/include/my_first_package_msgs/my_first_package_msgs/action/dist_turtle.h
[1.184s] -- Up-to-date: /home/lsm/ros2_humble/install/my_first_package_msgs/include/my_first_package_msgs/my_first_package_msgs/action/detail
[1.184s] -- Up-to-date: /home/lsm/ros2_humble/install/my_first_package_msgs/include/my_first_package_msgs/my_first_package_msgs/action/detail/dist_turtle__type_support.h
[1.184s] -- Up-to-date: /home/lsm/ros2_humble/install/my_first_package_msgs/include/my_first_package_msgs/my_first_package_msgs/action/detail/dist_turtle__functions.h
[1.185s] -- Up-to-date: /home/lsm/ros2_humble/install/my_first_package_msgs/include/my_first_package_msgs/my_first_package_msgs/action/detail/dist_turtle__functions.c
[1.185s] -- Up-to-date: /home/lsm/ros2_humble/install/my_first_package_msgs/include/my_first_package_msgs/my_first_package_msgs/action/detail/dist_turtle__struct.h
[1.185s] -- Up-to-date: /home/lsm/ros2_humble/install/my_first_package_msgs/include/my_first_package_msgs/my_first_package_msgs/srv
[1.185s] -- Up-to-date: /home/lsm/ros2_humble/install/my_first_package_msgs/include/my_first_package_msgs/my_first_package_msgs/srv/multi_spawn.h
[1.186s] -- Up-to-date: /home/lsm/ros2_humble/install/my_first_package_msgs/include/my_first_package_msgs/my_first_package_msgs/srv/detail
[1.186s] -- Up-to-date: /home/lsm/ros2_humble/install/my_first_package_msgs/include/my_first_package_msgs/my_first_package_msgs/srv/detail/multi_spawn__type_support.h
[1.186s] -- Up-to-date: /home/lsm/ros2_humble/install/my_first_package_msgs/include/my_first_package_msgs/my_first_package_msgs/srv/detail/multi_spawn__struct.h
[1.186s] -- Up-to-date: /home/lsm/ros2_humble/install/my_first_package_msgs/include/my_first_package_msgs/my_first_package_msgs/srv/detail/multi_spawn__functions.h
[1.187s] -- Up-to-date: /home/lsm/ros2_humble/install/my_first_package_msgs/include/my_first_package_msgs/my_first_package_msgs/srv/detail/multi_spawn__functions.c
[1.187s] -- Up-to-date: /home/lsm/ros2_humble/install/my_first_package_msgs/share/my_first_package_msgs/environment/library_path.sh
[1.187s] -- Up-to-date: /home/lsm/ros2_humble/install/my_first_package_msgs/share/my_first_package_msgs/environment/library_path.dsv
[1.187s] -- Up-to-date: /home/lsm/ros2_humble/install/my_first_package_msgs/lib/libmy_first_package_msgs__rosidl_generator_c.so
[1.187s] -- Up-to-date: /home/lsm/ros2_humble/install/my_first_package_msgs/include/my_first_package_msgs/my_first_package_msgs
[1.188s] -- Up-to-date: /home/lsm/ros2_humble/install/my_first_package_msgs/include/my_first_package_msgs/my_first_package_msgs/msg
[1.188s] -- Up-to-date: /home/lsm/ros2_humble/install/my_first_package_msgs/include/my_first_package_msgs/my_first_package_msgs/msg/rosidl_typesupport_fastrtps_c__visibility_control.h
[1.188s] -- Up-to-date: /home/lsm/ros2_humble/install/my_first_package_msgs/include/my_first_package_msgs/my_first_package_msgs/msg/detail
[1.188s] -- Up-to-date: /home/lsm/ros2_humble/install/my_first_package_msgs/include/my_first_package_msgs/my_first_package_msgs/msg/detail/cmd_and_pose_vel__rosidl_typesupport_fastrtps_c.h
[1.189s] -- Up-to-date: /home/lsm/ros2_humble/install/my_first_package_msgs/include/my_first_package_msgs/my_first_package_msgs/action
[1.189s] -- Up-to-date: /home/lsm/ros2_humble/install/my_first_package_msgs/include/my_first_package_msgs/my_first_package_msgs/action/detail
[1.189s] -- Up-to-date: /home/lsm/ros2_humble/install/my_first_package_msgs/include/my_first_package_msgs/my_first_package_msgs/action/detail/dist_turtle__rosidl_typesupport_fastrtps_c.h
[1.189s] -- Up-to-date: /home/lsm/ros2_humble/install/my_first_package_msgs/include/my_first_package_msgs/my_first_package_msgs/srv
[1.189s] -- Up-to-date: /home/lsm/ros2_humble/install/my_first_package_msgs/include/my_first_package_msgs/my_first_package_msgs/srv/detail
[1.190s] -- Up-to-date: /home/lsm/ros2_humble/install/my_first_package_msgs/include/my_first_package_msgs/my_first_package_msgs/srv/detail/multi_spawn__rosidl_typesupport_fastrtps_c.h
[1.190s] -- Up-to-date: /home/lsm/ros2_humble/install/my_first_package_msgs/lib/libmy_first_package_msgs__rosidl_typesupport_fastrtps_c.so
[1.190s] -- Up-to-date: /home/lsm/ros2_humble/install/my_first_package_msgs/include/my_first_package_msgs/my_first_package_msgs
[1.190s] -- Up-to-date: /home/lsm/ros2_humble/install/my_first_package_msgs/include/my_first_package_msgs/my_first_package_msgs/msg
[1.190s] -- Up-to-date: /home/lsm/ros2_humble/install/my_first_package_msgs/include/my_first_package_msgs/my_first_package_msgs/msg/rosidl_typesupport_introspection_c__visibility_control.h
[1.191s] -- Up-to-date: /home/lsm/ros2_humble/install/my_first_package_msgs/include/my_first_package_msgs/my_first_package_msgs/msg/detail
[1.191s] -- Up-to-date: /home/lsm/ros2_humble/install/my_first_package_msgs/include/my_first_package_msgs/my_first_package_msgs/msg/detail/cmd_and_pose_vel__rosidl_typesupport_introspection_c.h
[1.191s] -- Up-to-date: /home/lsm/ros2_humble/install/my_first_package_msgs/include/my_first_package_msgs/my_first_package_msgs/msg/detail/cmd_and_pose_vel__type_support.c
[1.191s] -- Up-to-date: /home/lsm/ros2_humble/install/my_first_package_msgs/include/my_first_package_msgs/my_first_package_msgs/action
[1.191s] -- Up-to-date: /home/lsm/ros2_humble/install/my_first_package_msgs/include/my_first_package_msgs/my_first_package_msgs/action/detail
[1.191s] -- Up-to-date: /home/lsm/ros2_humble/install/my_first_package_msgs/include/my_first_package_msgs/my_first_package_msgs/action/detail/dist_turtle__rosidl_typesupport_introspection_c.h
[1.192s] -- Up-to-date: /home/lsm/ros2_humble/install/my_first_package_msgs/include/my_first_package_msgs/my_first_package_msgs/action/detail/dist_turtle__type_support.c
[1.192s] -- Up-to-date: /home/lsm/ros2_humble/install/my_first_package_msgs/include/my_first_package_msgs/my_first_package_msgs/srv
[1.192s] -- Up-to-date: /home/lsm/ros2_humble/install/my_first_package_msgs/include/my_first_package_msgs/my_first_package_msgs/srv/detail
[1.192s] -- Up-to-date: /home/lsm/ros2_humble/install/my_first_package_msgs/include/my_first_package_msgs/my_first_package_msgs/srv/detail/multi_spawn__rosidl_typesupport_introspection_c.h
[1.192s] -- Up-to-date: /home/lsm/ros2_humble/install/my_first_package_msgs/include/my_first_package_msgs/my_first_package_msgs/srv/detail/multi_spawn__type_support.c
[1.192s] -- Up-to-date: /home/lsm/ros2_humble/install/my_first_package_msgs/lib/libmy_first_package_msgs__rosidl_typesupport_introspection_c.so
[1.193s] -- Up-to-date: /home/lsm/ros2_humble/install/my_first_package_msgs/lib/libmy_first_package_msgs__rosidl_typesupport_c.so
[1.193s] -- Up-to-date: /home/lsm/ros2_humble/install/my_first_package_msgs/include/my_first_package_msgs/my_first_package_msgs
[1.193s] -- Up-to-date: /home/lsm/ros2_humble/install/my_first_package_msgs/include/my_first_package_msgs/my_first_package_msgs/msg
[1.193s] -- Up-to-date: /home/lsm/ros2_humble/install/my_first_package_msgs/include/my_first_package_msgs/my_first_package_msgs/msg/cmd_and_pose_vel.hpp
[1.193s] -- Up-to-date: /home/lsm/ros2_humble/install/my_first_package_msgs/include/my_first_package_msgs/my_first_package_msgs/msg/detail
[1.193s] -- Up-to-date: /home/lsm/ros2_humble/install/my_first_package_msgs/include/my_first_package_msgs/my_first_package_msgs/msg/detail/cmd_and_pose_vel__builder.hpp
[1.194s] -- Up-to-date: /home/lsm/ros2_humble/install/my_first_package_msgs/include/my_first_package_msgs/my_first_package_msgs/msg/detail/cmd_and_pose_vel__traits.hpp
[1.194s] -- Up-to-date: /home/lsm/ros2_humble/install/my_first_package_msgs/include/my_first_package_msgs/my_first_package_msgs/msg/detail/cmd_and_pose_vel__struct.hpp
[1.194s] -- Up-to-date: /home/lsm/ros2_humble/install/my_first_package_msgs/include/my_first_package_msgs/my_first_package_msgs/action
[1.194s] -- Up-to-date: /home/lsm/ros2_humble/install/my_first_package_msgs/include/my_first_package_msgs/my_first_package_msgs/action/dist_turtle.hpp
[1.194s] -- Up-to-date: /home/lsm/ros2_humble/install/my_first_package_msgs/include/my_first_package_msgs/my_first_package_msgs/action/detail
[1.195s] -- Up-to-date: /home/lsm/ros2_humble/install/my_first_package_msgs/include/my_first_package_msgs/my_first_package_msgs/action/detail/dist_turtle__builder.hpp
[1.195s] -- Up-to-date: /home/lsm/ros2_humble/install/my_first_package_msgs/include/my_first_package_msgs/my_first_package_msgs/action/detail/dist_turtle__struct.hpp
[1.195s] -- Up-to-date: /home/lsm/ros2_humble/install/my_first_package_msgs/include/my_first_package_msgs/my_first_package_msgs/action/detail/dist_turtle__traits.hpp
[1.195s] -- Up-to-date: /home/lsm/ros2_humble/install/my_first_package_msgs/include/my_first_package_msgs/my_first_package_msgs/srv
[1.195s] -- Up-to-date: /home/lsm/ros2_humble/install/my_first_package_msgs/include/my_first_package_msgs/my_first_package_msgs/srv/multi_spawn.hpp
[1.195s] -- Up-to-date: /home/lsm/ros2_humble/install/my_first_package_msgs/include/my_first_package_msgs/my_first_package_msgs/srv/detail
[1.196s] -- Up-to-date: /home/lsm/ros2_humble/install/my_first_package_msgs/include/my_first_package_msgs/my_first_package_msgs/srv/detail/multi_spawn__traits.hpp
[1.196s] -- Up-to-date: /home/lsm/ros2_humble/install/my_first_package_msgs/include/my_first_package_msgs/my_first_package_msgs/srv/detail/multi_spawn__struct.hpp
[1.196s] -- Up-to-date: /home/lsm/ros2_humble/install/my_first_package_msgs/include/my_first_package_msgs/my_first_package_msgs/srv/detail/multi_spawn__builder.hpp
[1.196s] -- Up-to-date: /home/lsm/ros2_humble/install/my_first_package_msgs/include/my_first_package_msgs/my_first_package_msgs
[1.196s] -- Up-to-date: /home/lsm/ros2_humble/install/my_first_package_msgs/include/my_first_package_msgs/my_first_package_msgs/msg
[1.197s] -- Up-to-date: /home/lsm/ros2_humble/install/my_first_package_msgs/include/my_first_package_msgs/my_first_package_msgs/msg/rosidl_typesupport_fastrtps_cpp__visibility_control.h
[1.197s] -- Up-to-date: /home/lsm/ros2_humble/install/my_first_package_msgs/include/my_first_package_msgs/my_first_package_msgs/msg/detail
[1.198s] -- Up-to-date: /home/lsm/ros2_humble/install/my_first_package_msgs/include/my_first_package_msgs/my_first_package_msgs/msg/detail/cmd_and_pose_vel__rosidl_typesupport_fastrtps_cpp.hpp
[1.198s] -- Up-to-date: /home/lsm/ros2_humble/install/my_first_package_msgs/include/my_first_package_msgs/my_first_package_msgs/msg/detail/dds_fastrtps
[1.199s] -- Up-to-date: /home/lsm/ros2_humble/install/my_first_package_msgs/include/my_first_package_msgs/my_first_package_msgs/action
[1.199s] -- Up-to-date: /home/lsm/ros2_humble/install/my_first_package_msgs/include/my_first_package_msgs/my_first_package_msgs/action/detail
[1.199s] -- Up-to-date: /home/lsm/ros2_humble/install/my_first_package_msgs/include/my_first_package_msgs/my_first_package_msgs/action/detail/dist_turtle__rosidl_typesupport_fastrtps_cpp.hpp
[1.199s] -- Up-to-date: /home/lsm/ros2_humble/install/my_first_package_msgs/include/my_first_package_msgs/my_first_package_msgs/action/detail/dds_fastrtps
[1.199s] -- Up-to-date: /home/lsm/ros2_humble/install/my_first_package_msgs/include/my_first_package_msgs/my_first_package_msgs/srv
[1.199s] -- Up-to-date: /home/lsm/ros2_humble/install/my_first_package_msgs/include/my_first_package_msgs/my_first_package_msgs/srv/detail
[1.200s] -- Up-to-date: /home/lsm/ros2_humble/install/my_first_package_msgs/include/my_first_package_msgs/my_first_package_msgs/srv/detail/multi_spawn__rosidl_typesupport_fastrtps_cpp.hpp
[1.200s] -- Up-to-date: /home/lsm/ros2_humble/install/my_first_package_msgs/include/my_first_package_msgs/my_first_package_msgs/srv/detail/dds_fastrtps
[1.200s] -- Up-to-date: /home/lsm/ros2_humble/install/my_first_package_msgs/lib/libmy_first_package_msgs__rosidl_typesupport_fastrtps_cpp.so
[1.200s] -- Up-to-date: /home/lsm/ros2_humble/install/my_first_package_msgs/include/my_first_package_msgs/my_first_package_msgs
[1.200s] -- Up-to-date: /home/lsm/ros2_humble/install/my_first_package_msgs/include/my_first_package_msgs/my_first_package_msgs/msg
[1.200s] -- Up-to-date: /home/lsm/ros2_humble/install/my_first_package_msgs/include/my_first_package_msgs/my_first_package_msgs/msg/detail
[1.200s] -- Up-to-date: /home/lsm/ros2_humble/install/my_first_package_msgs/include/my_first_package_msgs/my_first_package_msgs/msg/detail/cmd_and_pose_vel__rosidl_typesupport_introspection_cpp.hpp
[1.201s] -- Up-to-date: /home/lsm/ros2_humble/install/my_first_package_msgs/include/my_first_package_msgs/my_first_package_msgs/msg/detail/cmd_and_pose_vel__type_support.cpp
[1.201s] -- Up-to-date: /home/lsm/ros2_humble/install/my_first_package_msgs/include/my_first_package_msgs/my_first_package_msgs/action
[1.201s] -- Up-to-date: /home/lsm/ros2_humble/install/my_first_package_msgs/include/my_first_package_msgs/my_first_package_msgs/action/detail
[1.201s] -- Up-to-date: /home/lsm/ros2_humble/install/my_first_package_msgs/include/my_first_package_msgs/my_first_package_msgs/action/detail/dist_turtle__rosidl_typesupport_introspection_cpp.hpp
[1.201s] -- Up-to-date: /home/lsm/ros2_humble/install/my_first_package_msgs/include/my_first_package_msgs/my_first_package_msgs/action/detail/dist_turtle__type_support.cpp
[1.201s] -- Up-to-date: /home/lsm/ros2_humble/install/my_first_package_msgs/include/my_first_package_msgs/my_first_package_msgs/srv
[1.201s] -- Up-to-date: /home/lsm/ros2_humble/install/my_first_package_msgs/include/my_first_package_msgs/my_first_package_msgs/srv/detail
[1.202s] -- Up-to-date: /home/lsm/ros2_humble/install/my_first_package_msgs/include/my_first_package_msgs/my_first_package_msgs/srv/detail/multi_spawn__rosidl_typesupport_introspection_cpp.hpp
[1.202s] -- Up-to-date: /home/lsm/ros2_humble/install/my_first_package_msgs/include/my_first_package_msgs/my_first_package_msgs/srv/detail/multi_spawn__type_support.cpp
[1.202s] -- Up-to-date: /home/lsm/ros2_humble/install/my_first_package_msgs/lib/libmy_first_package_msgs__rosidl_typesupport_introspection_cpp.so
[1.202s] -- Up-to-date: /home/lsm/ros2_humble/install/my_first_package_msgs/lib/libmy_first_package_msgs__rosidl_typesupport_cpp.so
[1.202s] -- Up-to-date: /home/lsm/ros2_humble/install/my_first_package_msgs/share/my_first_package_msgs/environment/pythonpath.sh
[1.202s] -- Up-to-date: /home/lsm/ros2_humble/install/my_first_package_msgs/share/my_first_package_msgs/environment/pythonpath.dsv
[1.202s] -- Up-to-date: /home/lsm/ros2_humble/install/my_first_package_msgs/local/lib/python3.10/dist-packages/my_first_package_msgs-0.0.0-py3.10.egg-info
[1.203s] -- Installing: /home/lsm/ros2_humble/install/my_first_package_msgs/local/lib/python3.10/dist-packages/my_first_package_msgs-0.0.0-py3.10.egg-info/SOURCES.txt
[1.203s] -- Installing: /home/lsm/ros2_humble/install/my_first_package_msgs/local/lib/python3.10/dist-packages/my_first_package_msgs-0.0.0-py3.10.egg-info/PKG-INFO
[1.203s] -- Installing: /home/lsm/ros2_humble/install/my_first_package_msgs/local/lib/python3.10/dist-packages/my_first_package_msgs-0.0.0-py3.10.egg-info/top_level.txt
[1.203s] -- Installing: /home/lsm/ros2_humble/install/my_first_package_msgs/local/lib/python3.10/dist-packages/my_first_package_msgs-0.0.0-py3.10.egg-info/dependency_links.txt
[1.203s] -- Up-to-date: /home/lsm/ros2_humble/install/my_first_package_msgs/local/lib/python3.10/dist-packages/my_first_package_msgs
[1.203s] -- Up-to-date: /home/lsm/ros2_humble/install/my_first_package_msgs/local/lib/python3.10/dist-packages/my_first_package_msgs/my_first_package_msgs_s__rosidl_typesupport_introspection_c.cpython-310-x86_64-linux-gnu.so
[1.203s] -- Up-to-date: /home/lsm/ros2_humble/install/my_first_package_msgs/local/lib/python3.10/dist-packages/my_first_package_msgs/libmy_first_package_msgs__rosidl_generator_py.so
[1.204s] -- Up-to-date: /home/lsm/ros2_humble/install/my_first_package_msgs/local/lib/python3.10/dist-packages/my_first_package_msgs/msg
[1.204s] -- Up-to-date: /home/lsm/ros2_humble/install/my_first_package_msgs/local/lib/python3.10/dist-packages/my_first_package_msgs/msg/_cmd_and_pose_vel_s.c
[1.204s] -- Up-to-date: /home/lsm/ros2_humble/install/my_first_package_msgs/local/lib/python3.10/dist-packages/my_first_package_msgs/msg/_cmd_and_pose_vel.py
[1.204s] -- Up-to-date: /home/lsm/ros2_humble/install/my_first_package_msgs/local/lib/python3.10/dist-packages/my_first_package_msgs/msg/__init__.py
[1.204s] -- Up-to-date: /home/lsm/ros2_humble/install/my_first_package_msgs/local/lib/python3.10/dist-packages/my_first_package_msgs/_my_first_package_msgs_s.ep.rosidl_typesupport_c.c
[1.204s] -- Up-to-date: /home/lsm/ros2_humble/install/my_first_package_msgs/local/lib/python3.10/dist-packages/my_first_package_msgs/_my_first_package_msgs_s.ep.rosidl_typesupport_introspection_c.c
[1.204s] -- Up-to-date: /home/lsm/ros2_humble/install/my_first_package_msgs/local/lib/python3.10/dist-packages/my_first_package_msgs/my_first_package_msgs_s__rosidl_typesupport_c.cpython-310-x86_64-linux-gnu.so
[1.205s] -- Up-to-date: /home/lsm/ros2_humble/install/my_first_package_msgs/local/lib/python3.10/dist-packages/my_first_package_msgs/__init__.py
[1.205s] -- Up-to-date: /home/lsm/ros2_humble/install/my_first_package_msgs/local/lib/python3.10/dist-packages/my_first_package_msgs/my_first_package_msgs_s__rosidl_typesupport_fastrtps_c.cpython-310-x86_64-linux-gnu.so
[1.205s] -- Up-to-date: /home/lsm/ros2_humble/install/my_first_package_msgs/local/lib/python3.10/dist-packages/my_first_package_msgs/_my_first_package_msgs_s.ep.rosidl_typesupport_fastrtps_c.c
[1.205s] -- Up-to-date: /home/lsm/ros2_humble/install/my_first_package_msgs/local/lib/python3.10/dist-packages/my_first_package_msgs/action
[1.205s] -- Up-to-date: /home/lsm/ros2_humble/install/my_first_package_msgs/local/lib/python3.10/dist-packages/my_first_package_msgs/action/_dist_turtle_s.c
[1.205s] -- Up-to-date: /home/lsm/ros2_humble/install/my_first_package_msgs/local/lib/python3.10/dist-packages/my_first_package_msgs/action/__init__.py
[1.205s] -- Up-to-date: /home/lsm/ros2_humble/install/my_first_package_msgs/local/lib/python3.10/dist-packages/my_first_package_msgs/action/_dist_turtle.py
[1.206s] -- Up-to-date: /home/lsm/ros2_humble/install/my_first_package_msgs/local/lib/python3.10/dist-packages/my_first_package_msgs/srv
[1.206s] -- Up-to-date: /home/lsm/ros2_humble/install/my_first_package_msgs/local/lib/python3.10/dist-packages/my_first_package_msgs/srv/_multi_spawn.py
[1.206s] -- Up-to-date: /home/lsm/ros2_humble/install/my_first_package_msgs/local/lib/python3.10/dist-packages/my_first_package_msgs/srv/_multi_spawn_s.c
[1.206s] -- Up-to-date: /home/lsm/ros2_humble/install/my_first_package_msgs/local/lib/python3.10/dist-packages/my_first_package_msgs/srv/__init__.py
[1.262s] Listing '/home/lsm/ros2_humble/install/my_first_package_msgs/local/lib/python3.10/dist-packages/my_first_package_msgs'...
[1.262s] Listing '/home/lsm/ros2_humble/install/my_first_package_msgs/local/lib/python3.10/dist-packages/my_first_package_msgs/action'...
[1.262s] Listing '/home/lsm/ros2_humble/install/my_first_package_msgs/local/lib/python3.10/dist-packages/my_first_package_msgs/msg'...
[1.262s] Listing '/home/lsm/ros2_humble/install/my_first_package_msgs/local/lib/python3.10/dist-packages/my_first_package_msgs/srv'...
[1.269s] -- Up-to-date: /home/lsm/ros2_humble/install/my_first_package_msgs/local/lib/python3.10/dist-packages/my_first_package_msgs/my_first_package_msgs_s__rosidl_typesupport_fastrtps_c.cpython-310-x86_64-linux-gnu.so
[1.269s] -- Up-to-date: /home/lsm/ros2_humble/install/my_first_package_msgs/local/lib/python3.10/dist-packages/my_first_package_msgs/my_first_package_msgs_s__rosidl_typesupport_introspection_c.cpython-310-x86_64-linux-gnu.so
[1.270s] -- Up-to-date: /home/lsm/ros2_humble/install/my_first_package_msgs/local/lib/python3.10/dist-packages/my_first_package_msgs/my_first_package_msgs_s__rosidl_typesupport_c.cpython-310-x86_64-linux-gnu.so
[1.271s] -- Up-to-date: /home/lsm/ros2_humble/install/my_first_package_msgs/lib/libmy_first_package_msgs__rosidl_generator_py.so
[1.271s] -- Up-to-date: /home/lsm/ros2_humble/install/my_first_package_msgs/share/my_first_package_msgs/msg/CmdAndPoseVel.idl
[1.271s] -- Up-to-date: /home/lsm/ros2_humble/install/my_first_package_msgs/share/my_first_package_msgs/srv/MultiSpawn.idl
[1.271s] -- Up-to-date: /home/lsm/ros2_humble/install/my_first_package_msgs/share/my_first_package_msgs/action/DistTurtle.idl
[1.272s] -- Up-to-date: /home/lsm/ros2_humble/install/my_first_package_msgs/share/my_first_package_msgs/msg/CmdAndPoseVel.msg
[1.272s] -- Up-to-date: /home/lsm/ros2_humble/install/my_first_package_msgs/share/my_first_package_msgs/srv/MultiSpawn.srv
[1.272s] -- Up-to-date: /home/lsm/ros2_humble/install/my_first_package_msgs/share/my_first_package_msgs/srv/MultiSpawn_Request.msg
[1.272s] -- Up-to-date: /home/lsm/ros2_humble/install/my_first_package_msgs/share/my_first_package_msgs/srv/MultiSpawn_Response.msg
[1.272s] -- Up-to-date: /home/lsm/ros2_humble/install/my_first_package_msgs/share/my_first_package_msgs/action/DistTurtle.action
[1.272s] -- Up-to-date: /home/lsm/ros2_humble/install/my_first_package_msgs/share/ament_index/resource_index/package_run_dependencies/my_first_package_msgs
[1.272s] -- Up-to-date: /home/lsm/ros2_humble/install/my_first_package_msgs/share/ament_index/resource_index/parent_prefix_path/my_first_package_msgs
[1.272s] -- Up-to-date: /home/lsm/ros2_humble/install/my_first_package_msgs/share/my_first_package_msgs/environment/ament_prefix_path.sh
[1.273s] -- Up-to-date: /home/lsm/ros2_humble/install/my_first_package_msgs/share/my_first_package_msgs/environment/ament_prefix_path.dsv
[1.273s] -- Up-to-date: /home/lsm/ros2_humble/install/my_first_package_msgs/share/my_first_package_msgs/environment/path.sh
[1.273s] -- Up-to-date: /home/lsm/ros2_humble/install/my_first_package_msgs/share/my_first_package_msgs/environment/path.dsv
[1.273s] -- Up-to-date: /home/lsm/ros2_humble/install/my_first_package_msgs/share/my_first_package_msgs/local_setup.bash
[1.273s] -- Up-to-date: /home/lsm/ros2_humble/install/my_first_package_msgs/share/my_first_package_msgs/local_setup.sh
[1.273s] -- Up-to-date: /home/lsm/ros2_humble/install/my_first_package_msgs/share/my_first_package_msgs/local_setup.zsh
[1.273s] -- Up-to-date: /home/lsm/ros2_humble/install/my_first_package_msgs/share/my_first_package_msgs/local_setup.dsv
[1.273s] -- Installing: /home/lsm/ros2_humble/install/my_first_package_msgs/share/my_first_package_msgs/package.dsv
[1.274s] -- Up-to-date: /home/lsm/ros2_humble/install/my_first_package_msgs/share/ament_index/resource_index/packages/my_first_package_msgs
[1.274s] -- Up-to-date: /home/lsm/ros2_humble/install/my_first_package_msgs/share/my_first_package_msgs/cmake/export_my_first_package_msgs__rosidl_generator_cExport.cmake
[1.274s] -- Up-to-date: /home/lsm/ros2_humble/install/my_first_package_msgs/share/my_first_package_msgs/cmake/export_my_first_package_msgs__rosidl_generator_cExport-noconfig.cmake
[1.274s] -- Up-to-date: /home/lsm/ros2_humble/install/my_first_package_msgs/share/my_first_package_msgs/cmake/export_my_first_package_msgs__rosidl_typesupport_fastrtps_cExport.cmake
[1.274s] -- Up-to-date: /home/lsm/ros2_humble/install/my_first_package_msgs/share/my_first_package_msgs/cmake/export_my_first_package_msgs__rosidl_typesupport_fastrtps_cExport-noconfig.cmake
[1.274s] -- Up-to-date: /home/lsm/ros2_humble/install/my_first_package_msgs/share/my_first_package_msgs/cmake/my_first_package_msgs__rosidl_typesupport_introspection_cExport.cmake
[1.274s] -- Up-to-date: /home/lsm/ros2_humble/install/my_first_package_msgs/share/my_first_package_msgs/cmake/my_first_package_msgs__rosidl_typesupport_introspection_cExport-noconfig.cmake
[1.274s] -- Up-to-date: /home/lsm/ros2_humble/install/my_first_package_msgs/share/my_first_package_msgs/cmake/my_first_package_msgs__rosidl_typesupport_cExport.cmake
[1.275s] -- Up-to-date: /home/lsm/ros2_humble/install/my_first_package_msgs/share/my_first_package_msgs/cmake/my_first_package_msgs__rosidl_typesupport_cExport-noconfig.cmake
[1.275s] -- Up-to-date: /home/lsm/ros2_humble/install/my_first_package_msgs/share/my_first_package_msgs/cmake/export_my_first_package_msgs__rosidl_generator_cppExport.cmake
[1.275s] -- Up-to-date: /home/lsm/ros2_humble/install/my_first_package_msgs/share/my_first_package_msgs/cmake/export_my_first_package_msgs__rosidl_typesupport_fastrtps_cppExport.cmake
[1.275s] -- Up-to-date: /home/lsm/ros2_humble/install/my_first_package_msgs/share/my_first_package_msgs/cmake/export_my_first_package_msgs__rosidl_typesupport_fastrtps_cppExport-noconfig.cmake
[1.275s] -- Up-to-date: /home/lsm/ros2_humble/install/my_first_package_msgs/share/my_first_package_msgs/cmake/my_first_package_msgs__rosidl_typesupport_introspection_cppExport.cmake
[1.275s] -- Up-to-date: /home/lsm/ros2_humble/install/my_first_package_msgs/share/my_first_package_msgs/cmake/my_first_package_msgs__rosidl_typesupport_introspection_cppExport-noconfig.cmake
[1.276s] -- Up-to-date: /home/lsm/ros2_humble/install/my_first_package_msgs/share/my_first_package_msgs/cmake/my_first_package_msgs__rosidl_typesupport_cppExport.cmake
[1.276s] -- Up-to-date: /home/lsm/ros2_humble/install/my_first_package_msgs/share/my_first_package_msgs/cmake/my_first_package_msgs__rosidl_typesupport_cppExport-noconfig.cmake
[1.276s] -- Up-to-date: /home/lsm/ros2_humble/install/my_first_package_msgs/share/my_first_package_msgs/cmake/export_my_first_package_msgs__rosidl_generator_pyExport.cmake
[1.276s] -- Up-to-date: /home/lsm/ros2_humble/install/my_first_package_msgs/share/my_first_package_msgs/cmake/export_my_first_package_msgs__rosidl_generator_pyExport-noconfig.cmake
[1.276s] -- Up-to-date: /home/lsm/ros2_humble/install/my_first_package_msgs/share/my_first_package_msgs/cmake/rosidl_cmake-extras.cmake
[1.276s] -- Up-to-date: /home/lsm/ros2_humble/install/my_first_package_msgs/share/my_first_package_msgs/cmake/ament_cmake_export_dependencies-extras.cmake
[1.276s] -- Up-to-date: /home/lsm/ros2_humble/install/my_first_package_msgs/share/my_first_package_msgs/cmake/ament_cmake_export_include_directories-extras.cmake
[1.276s] -- Up-to-date: /home/lsm/ros2_humble/install/my_first_package_msgs/share/my_first_package_msgs/cmake/ament_cmake_export_libraries-extras.cmake
[1.276s] -- Up-to-date: /home/lsm/ros2_humble/install/my_first_package_msgs/share/my_first_package_msgs/cmake/ament_cmake_export_targets-extras.cmake
[1.276s] -- Up-to-date: /home/lsm/ros2_humble/install/my_first_package_msgs/share/my_first_package_msgs/cmake/rosidl_cmake_export_typesupport_targets-extras.cmake
[1.277s] -- Up-to-date: /home/lsm/ros2_humble/install/my_first_package_msgs/share/my_first_package_msgs/cmake/rosidl_cmake_export_typesupport_libraries-extras.cmake
[1.277s] -- Up-to-date: /home/lsm/ros2_humble/install/my_first_package_msgs/share/my_first_package_msgs/cmake/my_first_package_msgsConfig.cmake
[1.277s] -- Up-to-date: /home/lsm/ros2_humble/install/my_first_package_msgs/share/my_first_package_msgs/cmake/my_first_package_msgsConfig-version.cmake
[1.277s] -- Up-to-date: /home/lsm/ros2_humble/install/my_first_package_msgs/share/my_first_package_msgs/package.xml
[1.280s] Invoked command in '/home/lsm/ros2_humble/build/my_first_package_msgs' returned '0': CMAKE_PREFIX_PATH=${CMAKE_PREFIX_PATH}:/home/lsm/ros2_humble/install/my_first_package:/opt/ros/humble /usr/bin/cmake --install /home/lsm/ros2_humble/build/my_first_package_msgs
