[0.637s] Invoking command in '/home/lsm/ros2_humble/src/my_first_package': PYTHONPATH=/home/lsm/ros2_humble/build/my_first_package/prefix_override:/usr/lib/python3/dist-packages/colcon_core/task/python/colcon_distutils_commands:/home/lsm/ros2_humble/install/my_first_package/lib/python3.10/site-packages:${PYTHONPATH} /usr/bin/python3 -W ignore:setup.py install is deprecated setup.py egg_info --egg-base ../../build/my_first_package build --build-base /home/lsm/ros2_humble/build/my_first_package/build install --record /home/lsm/ros2_humble/build/my_first_package/install.log --single-version-externally-managed install_data
[0.807s] running egg_info
[0.807s] writing ../../build/my_first_package/my_first_package.egg-info/PKG-INFO
[0.807s] writing dependency_links to ../../build/my_first_package/my_first_package.egg-info/dependency_links.txt
[0.808s] writing entry points to ../../build/my_first_package/my_first_package.egg-info/entry_points.txt
[0.808s] writing requirements to ../../build/my_first_package/my_first_package.egg-info/requires.txt
[0.808s] writing top-level names to ../../build/my_first_package/my_first_package.egg-info/top_level.txt
[0.809s] reading manifest file '../../build/my_first_package/my_first_package.egg-info/SOURCES.txt'
[0.809s] writing manifest file '../../build/my_first_package/my_first_package.egg-info/SOURCES.txt'
[0.809s] running build
[0.810s] running build_py
[0.810s] copying my_first_package/my_subscriber.py -> /home/lsm/ros2_humble/build/my_first_package/build/lib/my_first_package
[0.810s] running install
[0.810s] running install_lib
[0.810s] copying /home/lsm/ros2_humble/build/my_first_package/build/lib/my_first_package/my_subscriber.py -> /home/lsm/ros2_humble/install/my_first_package/lib/python3.10/site-packages/my_first_package
[0.811s] byte-compiling /home/lsm/ros2_humble/install/my_first_package/lib/python3.10/site-packages/my_first_package/my_subscriber.py to my_subscriber.cpython-310.pyc
[0.811s]   File "/home/lsm/ros2_humble/install/my_first_package/lib/python3.10/site-packages/my_first_package/my_subscriber.py", line 12
[0.811s]     			'/turtle1/pose'
[0.811s]     			^^^^^^^^^^^^^
[0.811s] SyntaxError: invalid syntax. Perhaps you forgot a comma?
[0.811s] 
[0.811s] running install_data
[0.811s] running install_egg_info
[0.812s] removing '/home/lsm/ros2_humble/install/my_first_package/lib/python3.10/site-packages/my_first_package-0.0.0-py3.10.egg-info' (and everything under it)
[0.812s] Copying ../../build/my_first_package/my_first_package.egg-info to /home/lsm/ros2_humble/install/my_first_package/lib/python3.10/site-packages/my_first_package-0.0.0-py3.10.egg-info
[0.813s] running install_scripts
[0.826s] Installing my_first_node = my_first_package.my_first_node:mainmy_subscriber script to /home/lsm/ros2_humble/install/my_first_package/lib/my_first_package
[0.826s] writing list of installed files to '/home/lsm/ros2_humble/build/my_first_package/install.log'
[0.844s] Invoked command in '/home/lsm/ros2_humble/src/my_first_package' returned '0': PYTHONPATH=/home/lsm/ros2_humble/build/my_first_package/prefix_override:/usr/lib/python3/dist-packages/colcon_core/task/python/colcon_distutils_commands:/home/lsm/ros2_humble/install/my_first_package/lib/python3.10/site-packages:${PYTHONPATH} /usr/bin/python3 -W ignore:setup.py install is deprecated setup.py egg_info --egg-base ../../build/my_first_package build --build-base /home/lsm/ros2_humble/build/my_first_package/build install --record /home/lsm/ros2_humble/build/my_first_package/install.log --single-version-externally-managed install_data
